------------------------------------------------------------------------------------------------------------------------

[2020-10-11 17:12:33 #1 store] 
Database 'C:\Users\USER\git\IS2\BestMain\resources\bets.temp' is opened by 6984@DESKTOP-1O96UFS

[2020-10-11 17:12:33 #2 type.registry] 
New type domain.Equipo

[2020-10-11 17:12:33 #3 type] 
Type domain.Equipo is not enhanced.

[2020-10-11 17:12:33 #4 type.registry] 
New type domain.Event

[2020-10-11 17:12:33 #5 type] 
Type domain.Event is not enhanced.

[2020-10-11 17:12:33 #6 type.registry] 
New type domain.Question

[2020-10-11 17:12:33 #7 type] 
Type domain.Question is not enhanced.

[2020-10-11 17:12:33 #8 type.registry] 
New type domain.Pronostico

[2020-10-11 17:12:33 #9 type] 
Type domain.Pronostico is not enhanced.

[2020-10-11 17:12:33 #10 type.registry] 
New type domain.Apuesta

[2020-10-11 17:12:33 #11 type] 
Type domain.Apuesta is not enhanced.

[2020-10-11 17:12:33 #12 type.registry] 
New type domain.User

[2020-10-11 17:12:33 #13 type] 
Type domain.User is not enhanced.

[2020-10-11 17:12:33 #14 type.registry] 
New type domain.Ajustes

[2020-10-11 17:12:33 #15 type.registry] 
New type domain.Notification

[2020-10-11 17:12:33 #16 type.registry] 
New type domain.Publication

[2020-10-11 17:12:33 #17 type.registry] 
New type domain.Copia

[2020-10-11 17:12:33 #18 type] 
Type domain.Ajustes is not enhanced.

[2020-10-11 17:12:33 #19 type] 
Type domain.Notification is not enhanced.

[2020-10-11 17:12:33 #20 type] 
Type domain.Publication is not enhanced.

[2020-10-11 17:12:33 #21 type] 
Type domain.Copia is not enhanced.

[2020-10-11 17:12:33 #22 type.registry] 
New type java.util.Vector<java.lang.Object>

[2020-10-11 17:12:33 #23 type.registry] 
New type java.util.ArrayList<java.lang.Object>

[2020-10-11 17:12:33 #24 type.registry] 
New type java.util.ArrayList<java.lang.String>

[2020-10-11 17:12:33 #25 type.registry] 
New type java.util.Vector<domain.Question>

[2020-10-11 17:12:33 #26 type.registry] 
New type java.util.Vector<domain.Pronostico>

[2020-10-11 17:12:33 #27 type.registry] 
New type java.util.Vector<domain.Copia>

[2020-10-11 17:12:33 #28 type.registry] 
New type java.util.ArrayList<domain.Apuesta>

[2020-10-11 17:12:33 #29 type.registry] 
New type java.util.ArrayList<domain.Publication>

[2020-10-11 17:12:33 #30 type.registry] 
New type java.util.ArrayList<domain.Notification>

[2020-10-11 17:12:33 #31 type.registry] 
New type java.util.ArrayList<domain.User>

[2020-10-11 17:12:33 #32 type.registry] 
New type java.util.Vector<domain.Apuesta>

------------------------------------------------------------------------------------------------------------------------

[2020-10-11 17:54:52 #1 store] 
Database 'C:\Users\USER\git\IS2\BestMain\resources\bets.temp' is opened by 17592@DESKTOP-1O96UFS

[2020-10-11 17:54:52 #2 type.registry] 
New type domain.Equipo

[2020-10-11 17:54:52 #3 type] 
Type domain.Equipo is not enhanced.

[2020-10-11 17:54:52 #4 type.registry] 
New type domain.Event

[2020-10-11 17:54:52 #5 type] 
Type domain.Event is not enhanced.

[2020-10-11 17:54:52 #6 type.registry] 
New type domain.Question

[2020-10-11 17:54:52 #7 type] 
Type domain.Question is not enhanced.

[2020-10-11 17:54:52 #8 type.registry] 
New type domain.Pronostico

[2020-10-11 17:54:52 #9 type] 
Type domain.Pronostico is not enhanced.

[2020-10-11 17:54:52 #10 type.registry] 
New type domain.Apuesta

[2020-10-11 17:54:52 #11 type] 
Type domain.Apuesta is not enhanced.

[2020-10-11 17:54:52 #12 type.registry] 
New type domain.User

[2020-10-11 17:54:52 #13 type] 
Type domain.User is not enhanced.

[2020-10-11 17:54:52 #14 type.registry] 
New type domain.Ajustes

[2020-10-11 17:54:52 #15 type.registry] 
New type domain.Notification

[2020-10-11 17:54:52 #16 type.registry] 
New type domain.Publication

[2020-10-11 17:54:52 #17 type.registry] 
New type domain.Copia

[2020-10-11 17:54:52 #18 type] 
Type domain.Ajustes is not enhanced.

[2020-10-11 17:54:52 #19 type] 
Type domain.Notification is not enhanced.

[2020-10-11 17:54:52 #20 type] 
Type domain.Publication is not enhanced.

[2020-10-11 17:54:52 #21 type] 
Type domain.Copia is not enhanced.

[2020-10-11 17:54:52 #22 type.registry] 
New type java.util.Vector<java.lang.Object>

[2020-10-11 17:54:52 #23 type.registry] 
New type java.util.ArrayList<java.lang.Object>

[2020-10-11 17:54:52 #24 type.registry] 
New type java.util.ArrayList<java.lang.String>

[2020-10-11 17:54:52 #25 type.registry] 
New type java.util.Vector<domain.Question>

[2020-10-11 17:54:52 #26 type.registry] 
New type java.util.Vector<domain.Pronostico>

[2020-10-11 17:54:52 #27 type.registry] 
New type java.util.Vector<domain.Copia>

[2020-10-11 17:54:52 #28 type.registry] 
New type java.util.ArrayList<domain.Apuesta>

[2020-10-11 17:54:52 #29 type.registry] 
New type java.util.ArrayList<domain.Publication>

[2020-10-11 17:54:52 #30 type.registry] 
New type java.util.ArrayList<domain.Notification>

[2020-10-11 17:54:52 #31 type.registry] 
New type java.util.ArrayList<domain.User>

[2020-10-11 17:54:52 #32 type.registry] 
New type java.util.Vector<domain.Apuesta>

------------------------------------------------------------------------------------------------------------------------

[2020-10-11 18:10:22 #1 store] 
Database 'C:\Users\USER\git\IS2\BestMain\resources\bets.temp' is opened by 2744@DESKTOP-1O96UFS

[2020-10-11 18:10:22 #2 type.registry] 
New type domain.Equipo

[2020-10-11 18:10:22 #3 type] 
Type domain.Equipo is not enhanced.

[2020-10-11 18:10:22 #4 type.registry] 
New type domain.Event

[2020-10-11 18:10:22 #5 type] 
Type domain.Event is not enhanced.

[2020-10-11 18:10:22 #6 type.registry] 
New type domain.Question

[2020-10-11 18:10:22 #7 type] 
Type domain.Question is not enhanced.

[2020-10-11 18:10:22 #8 type.registry] 
New type domain.Pronostico

[2020-10-11 18:10:22 #9 type] 
Type domain.Pronostico is not enhanced.

[2020-10-11 18:10:22 #10 type.registry] 
New type domain.Apuesta

[2020-10-11 18:10:22 #11 type] 
Type domain.Apuesta is not enhanced.

[2020-10-11 18:10:22 #12 type.registry] 
New type domain.User

[2020-10-11 18:10:22 #13 type] 
Type domain.User is not enhanced.

[2020-10-11 18:10:22 #14 type.registry] 
New type domain.Ajustes

[2020-10-11 18:10:22 #15 type.registry] 
New type domain.Notification

[2020-10-11 18:10:22 #16 type.registry] 
New type domain.Publication

[2020-10-11 18:10:22 #17 type.registry] 
New type domain.Copia

[2020-10-11 18:10:22 #18 type] 
Type domain.Ajustes is not enhanced.

[2020-10-11 18:10:22 #19 type] 
Type domain.Notification is not enhanced.

[2020-10-11 18:10:22 #20 type] 
Type domain.Publication is not enhanced.

[2020-10-11 18:10:22 #21 type] 
Type domain.Copia is not enhanced.

[2020-10-11 18:10:22 #22 type.registry] 
New type java.util.Vector<java.lang.Object>

[2020-10-11 18:10:22 #23 type.registry] 
New type java.util.ArrayList<java.lang.Object>

[2020-10-11 18:10:22 #24 type.registry] 
New type java.util.ArrayList<java.lang.String>

[2020-10-11 18:10:22 #25 type.registry] 
New type java.util.Vector<domain.Question>

[2020-10-11 18:10:22 #26 type.registry] 
New type java.util.Vector<domain.Pronostico>

[2020-10-11 18:10:22 #27 type.registry] 
New type java.util.Vector<domain.Copia>

[2020-10-11 18:10:22 #28 type.registry] 
New type java.util.ArrayList<domain.Apuesta>

[2020-10-11 18:10:22 #29 type.registry] 
New type java.util.ArrayList<domain.Publication>

[2020-10-11 18:10:22 #30 type.registry] 
New type java.util.ArrayList<domain.Notification>

[2020-10-11 18:10:22 #31 type.registry] 
New type java.util.ArrayList<domain.User>

[2020-10-11 18:10:22 #32 type.registry] 
New type java.util.Vector<domain.Apuesta>

