------------------------------------------------------------------------------------------------------------------------

[2020-04-30 21:12:35 #1 store] 
Database 'C:\Users\aimar\git\GitNoFunciona\BestMain\resources\bets.temp' is opened by 8380@DESKTOP-AQBPSJR

[2020-04-30 21:12:35 #2 type.registry] 
New type domain.Equipo

[2020-04-30 21:12:35 #3 type] 
Type domain.Equipo is not enhanced.

[2020-04-30 21:12:35 #4 type.registry] 
New type domain.Question

[2020-04-30 21:12:35 #5 type] 
Type domain.Question is not enhanced.

[2020-04-30 21:12:35 #6 type.registry] 
New type domain.Event

[2020-04-30 21:12:35 #7 type.registry] 
New type domain.Pronostico

[2020-04-30 21:12:35 #8 type] 
Type domain.Event is not enhanced.

[2020-04-30 21:12:35 #9 type.registry] 
New type java.util.Vector<domain.Question>

[2020-04-30 21:12:35 #10 type] 
Type domain.Pronostico is not enhanced.

[2020-04-30 21:12:35 #11 type.registry] 
New type domain.Apuesta

[2020-04-30 21:12:35 #12 type] 
Type domain.Apuesta is not enhanced.

[2020-04-30 21:12:35 #13 type.registry] 
New type domain.User

[2020-04-30 21:12:35 #14 type] 
Type domain.User is not enhanced.

[2020-04-30 21:12:35 #15 type.registry] 
New type domain.Notification

[2020-04-30 21:12:35 #16 type.registry] 
New type domain.Publication

[2020-04-30 21:12:35 #17 type] 
Type domain.Notification is not enhanced.

[2020-04-30 21:12:35 #18 type] 
Type domain.Publication is not enhanced.

[2020-04-30 21:12:35 #19 type.registry] 
New type java.util.Vector<java.lang.Object>

[2020-04-30 21:12:35 #20 type.registry] 
New type java.util.ArrayList<java.lang.Object>

[2020-04-30 21:12:35 #21 type.registry] 
New type java.util.ArrayList<java.lang.String>

[2020-04-30 21:12:35 #22 type.registry] 
New type java.util.Vector<domain.Pronostico>

[2020-04-30 21:12:35 #23 type.registry] 
New type java.util.ArrayList<domain.Apuesta>

[2020-04-30 21:12:35 #24 type.registry] 
New type java.util.ArrayList<domain.Publication>

[2020-04-30 21:12:35 #25 type.registry] 
New type java.util.ArrayList<domain.Notification>

[2020-04-30 21:12:35 #26 type.registry] 
New type java.util.ArrayList<domain.User>

[2020-04-30 21:12:35 #27 type.registry] 
New type java.util.Vector<domain.Apuesta>

------------------------------------------------------------------------------------------------------------------------

[2020-04-30 21:15:19 #1 store] 
Database 'C:\Users\aimar\git\GitNoFunciona\BestMain\resources\bets.temp' is opened by 1008@DESKTOP-AQBPSJR

[2020-04-30 21:15:19 #2 type.registry] 
New type domain.Equipo

[2020-04-30 21:15:19 #3 type] 
Type domain.Equipo is not enhanced.

[2020-04-30 21:15:19 #4 type.registry] 
New type domain.Question

[2020-04-30 21:15:19 #5 type] 
Type domain.Question is not enhanced.

[2020-04-30 21:15:19 #6 type.registry] 
New type domain.Event

[2020-04-30 21:15:19 #7 type.registry] 
New type domain.Pronostico

[2020-04-30 21:15:19 #8 type] 
Type domain.Event is not enhanced.

[2020-04-30 21:15:19 #9 type.registry] 
New type java.util.Vector<domain.Question>

[2020-04-30 21:15:19 #10 type] 
Type domain.Pronostico is not enhanced.

[2020-04-30 21:15:19 #11 type.registry] 
New type domain.Apuesta

[2020-04-30 21:15:19 #12 type] 
Type domain.Apuesta is not enhanced.

[2020-04-30 21:15:19 #13 type.registry] 
New type domain.User

[2020-04-30 21:15:19 #14 type] 
Type domain.User is not enhanced.

[2020-04-30 21:15:19 #15 type.registry] 
New type domain.Notification

[2020-04-30 21:15:19 #16 type.registry] 
New type domain.Publication

[2020-04-30 21:15:19 #17 type] 
Type domain.Notification is not enhanced.

[2020-04-30 21:15:19 #18 type] 
Type domain.Publication is not enhanced.

[2020-04-30 21:15:19 #19 type.registry] 
New type java.util.Vector<java.lang.Object>

[2020-04-30 21:15:19 #20 type.registry] 
New type java.util.ArrayList<java.lang.Object>

[2020-04-30 21:15:19 #21 type.registry] 
New type java.util.ArrayList<java.lang.String>

[2020-04-30 21:15:19 #22 type.registry] 
New type java.util.Vector<domain.Pronostico>

[2020-04-30 21:15:19 #23 type.registry] 
New type java.util.ArrayList<domain.Apuesta>

[2020-04-30 21:15:19 #24 type.registry] 
New type java.util.ArrayList<domain.Publication>

[2020-04-30 21:15:19 #25 type.registry] 
New type java.util.ArrayList<domain.Notification>

[2020-04-30 21:15:19 #26 type.registry] 
New type java.util.ArrayList<domain.User>

[2020-04-30 21:15:19 #27 type.registry] 
New type java.util.Vector<domain.Apuesta>

------------------------------------------------------------------------------------------------------------------------

[2020-04-30 22:26:31 #1 store] 
Database 'C:\Users\aimar\git\GitNoFunciona\BestMain\resources\bets.temp' is opened by 18144@DESKTOP-AQBPSJR

[2020-04-30 22:26:31 #2 type.registry] 
New type domain.Equipo

[2020-04-30 22:26:31 #3 type] 
Type domain.Equipo is not enhanced.

[2020-04-30 22:26:31 #4 type.registry] 
New type domain.Question

[2020-04-30 22:26:31 #5 type] 
Type domain.Question is not enhanced.

[2020-04-30 22:26:31 #6 type.registry] 
New type domain.Event

[2020-04-30 22:26:31 #7 type.registry] 
New type domain.Pronostico

[2020-04-30 22:26:31 #8 type] 
Type domain.Event is not enhanced.

[2020-04-30 22:26:31 #9 type.registry] 
New type java.util.Vector<domain.Question>

[2020-04-30 22:26:31 #10 type] 
Type domain.Pronostico is not enhanced.

[2020-04-30 22:26:31 #11 type.registry] 
New type domain.Apuesta

[2020-04-30 22:26:31 #12 type] 
Type domain.Apuesta is not enhanced.

[2020-04-30 22:26:31 #13 type.registry] 
New type domain.User

[2020-04-30 22:26:31 #14 type] 
Type domain.User is not enhanced.

[2020-04-30 22:26:31 #15 type.registry] 
New type domain.Notification

[2020-04-30 22:26:31 #16 type.registry] 
New type domain.Publication

[2020-04-30 22:26:31 #17 type] 
Type domain.Notification is not enhanced.

[2020-04-30 22:26:31 #18 type] 
Type domain.Publication is not enhanced.

[2020-04-30 22:26:31 #19 type.registry] 
New type java.util.Vector<java.lang.Object>

[2020-04-30 22:26:31 #20 type.registry] 
New type java.util.ArrayList<java.lang.Object>

[2020-04-30 22:26:31 #21 type.registry] 
New type java.util.ArrayList<java.lang.String>

[2020-04-30 22:26:31 #22 type.registry] 
New type java.util.Vector<domain.Pronostico>

[2020-04-30 22:26:31 #23 type.registry] 
New type java.util.ArrayList<domain.Apuesta>

[2020-04-30 22:26:31 #24 type.registry] 
New type java.util.ArrayList<domain.Publication>

[2020-04-30 22:26:31 #25 type.registry] 
New type java.util.ArrayList<domain.Notification>

[2020-04-30 22:26:31 #26 type.registry] 
New type java.util.ArrayList<domain.User>

[2020-04-30 22:26:31 #27 type.registry] 
New type java.util.Vector<domain.Apuesta>

------------------------------------------------------------------------------------------------------------------------

[2020-04-30 22:29:05 #1 store] 
Database 'C:\Users\aimar\git\GitNoFunciona\BestMain\resources\bets.temp' is opened by 14880@DESKTOP-AQBPSJR

[2020-04-30 22:29:05 #2 type.registry] 
New type domain.Equipo

[2020-04-30 22:29:05 #3 type] 
Type domain.Equipo is not enhanced.

[2020-04-30 22:29:05 #4 type.registry] 
New type domain.Question

[2020-04-30 22:29:05 #5 type] 
Type domain.Question is not enhanced.

[2020-04-30 22:29:05 #6 type.registry] 
New type domain.Event

[2020-04-30 22:29:05 #7 type.registry] 
New type domain.Pronostico

[2020-04-30 22:29:05 #8 type] 
Type domain.Event is not enhanced.

[2020-04-30 22:29:05 #9 type.registry] 
New type java.util.Vector<domain.Question>

[2020-04-30 22:29:05 #10 type] 
Type domain.Pronostico is not enhanced.

[2020-04-30 22:29:05 #11 type.registry] 
New type domain.Apuesta

[2020-04-30 22:29:05 #12 type] 
Type domain.Apuesta is not enhanced.

[2020-04-30 22:29:05 #13 type.registry] 
New type domain.User

[2020-04-30 22:29:05 #14 type] 
Type domain.User is not enhanced.

[2020-04-30 22:29:05 #15 type.registry] 
New type domain.Notification

[2020-04-30 22:29:05 #16 type.registry] 
New type domain.Publication

[2020-04-30 22:29:05 #17 type] 
Type domain.Notification is not enhanced.

[2020-04-30 22:29:05 #18 type] 
Type domain.Publication is not enhanced.

[2020-04-30 22:29:05 #19 type.registry] 
New type java.util.Vector<java.lang.Object>

[2020-04-30 22:29:05 #20 type.registry] 
New type java.util.ArrayList<java.lang.Object>

[2020-04-30 22:29:05 #21 type.registry] 
New type java.util.ArrayList<java.lang.String>

[2020-04-30 22:29:05 #22 type.registry] 
New type java.util.Vector<domain.Pronostico>

[2020-04-30 22:29:05 #23 type.registry] 
New type java.util.ArrayList<domain.Apuesta>

[2020-04-30 22:29:05 #24 type.registry] 
New type java.util.ArrayList<domain.Publication>

[2020-04-30 22:29:05 #25 type.registry] 
New type java.util.ArrayList<domain.Notification>

[2020-04-30 22:29:05 #26 type.registry] 
New type java.util.ArrayList<domain.User>

[2020-04-30 22:29:05 #27 type.registry] 
New type java.util.Vector<domain.Apuesta>

------------------------------------------------------------------------------------------------------------------------

[2020-04-30 22:33:11 #1 store] 
Database 'C:\Users\aimar\git\GitNoFunciona\BestMain\resources\bets.temp' is opened by 3660@DESKTOP-AQBPSJR

[2020-04-30 22:33:11 #2 type.registry] 
New type domain.Equipo

[2020-04-30 22:33:11 #3 type] 
Type domain.Equipo is not enhanced.

[2020-04-30 22:33:11 #4 type.registry] 
New type domain.Question

[2020-04-30 22:33:11 #5 type] 
Type domain.Question is not enhanced.

[2020-04-30 22:33:11 #6 type.registry] 
New type domain.Event

[2020-04-30 22:33:11 #7 type.registry] 
New type domain.Pronostico

[2020-04-30 22:33:11 #8 type] 
Type domain.Event is not enhanced.

[2020-04-30 22:33:11 #9 type.registry] 
New type java.util.Vector<domain.Question>

[2020-04-30 22:33:11 #10 type] 
Type domain.Pronostico is not enhanced.

[2020-04-30 22:33:11 #11 type.registry] 
New type domain.Apuesta

[2020-04-30 22:33:11 #12 type] 
Type domain.Apuesta is not enhanced.

[2020-04-30 22:33:11 #13 type.registry] 
New type domain.User

[2020-04-30 22:33:11 #14 type] 
Type domain.User is not enhanced.

[2020-04-30 22:33:11 #15 type.registry] 
New type domain.Notification

[2020-04-30 22:33:11 #16 type.registry] 
New type domain.Publication

[2020-04-30 22:33:11 #17 type] 
Type domain.Notification is not enhanced.

[2020-04-30 22:33:11 #18 type] 
Type domain.Publication is not enhanced.

[2020-04-30 22:33:11 #19 type.registry] 
New type java.util.Vector<java.lang.Object>

[2020-04-30 22:33:11 #20 type.registry] 
New type java.util.ArrayList<java.lang.Object>

[2020-04-30 22:33:11 #21 type.registry] 
New type java.util.ArrayList<java.lang.String>

[2020-04-30 22:33:11 #22 type.registry] 
New type java.util.Vector<domain.Pronostico>

[2020-04-30 22:33:11 #23 type.registry] 
New type java.util.ArrayList<domain.Apuesta>

[2020-04-30 22:33:11 #24 type.registry] 
New type java.util.ArrayList<domain.Publication>

[2020-04-30 22:33:11 #25 type.registry] 
New type java.util.ArrayList<domain.Notification>

[2020-04-30 22:33:11 #26 type.registry] 
New type java.util.ArrayList<domain.User>

[2020-04-30 22:33:11 #27 type.registry] 
New type java.util.Vector<domain.Apuesta>

------------------------------------------------------------------------------------------------------------------------

[2020-04-30 22:38:36 #1 store] 
Database 'C:\Users\aimar\git\GitNoFunciona\BestMain\resources\bets.temp' is opened by 17196@DESKTOP-AQBPSJR

[2020-04-30 22:38:36 #2 type.registry] 
New type domain.Equipo

[2020-04-30 22:38:36 #3 type] 
Type domain.Equipo is not enhanced.

[2020-04-30 22:38:36 #4 type.registry] 
New type domain.Question

[2020-04-30 22:38:36 #5 type] 
Type domain.Question is not enhanced.

[2020-04-30 22:38:36 #6 type.registry] 
New type domain.Event

[2020-04-30 22:38:36 #7 type.registry] 
New type domain.Pronostico

[2020-04-30 22:38:36 #8 type] 
Type domain.Event is not enhanced.

[2020-04-30 22:38:36 #9 type.registry] 
New type java.util.Vector<domain.Question>

[2020-04-30 22:38:36 #10 type] 
Type domain.Pronostico is not enhanced.

[2020-04-30 22:38:36 #11 type.registry] 
New type domain.Apuesta

[2020-04-30 22:38:36 #12 type] 
Type domain.Apuesta is not enhanced.

[2020-04-30 22:38:36 #13 type.registry] 
New type domain.User

[2020-04-30 22:38:36 #14 type] 
Type domain.User is not enhanced.

[2020-04-30 22:38:36 #15 type.registry] 
New type domain.Notification

[2020-04-30 22:38:36 #16 type.registry] 
New type domain.Publication

[2020-04-30 22:38:36 #17 type] 
Type domain.Notification is not enhanced.

[2020-04-30 22:38:36 #18 type] 
Type domain.Publication is not enhanced.

[2020-04-30 22:38:36 #19 type.registry] 
New type java.util.Vector<java.lang.Object>

[2020-04-30 22:38:36 #20 type.registry] 
New type java.util.ArrayList<java.lang.Object>

[2020-04-30 22:38:36 #21 type.registry] 
New type java.util.ArrayList<java.lang.String>

[2020-04-30 22:38:36 #22 type.registry] 
New type java.util.Vector<domain.Pronostico>

[2020-04-30 22:38:36 #23 type.registry] 
New type java.util.ArrayList<domain.Apuesta>

[2020-04-30 22:38:36 #24 type.registry] 
New type java.util.ArrayList<domain.Publication>

[2020-04-30 22:38:36 #25 type.registry] 
New type java.util.ArrayList<domain.Notification>

[2020-04-30 22:38:36 #26 type.registry] 
New type java.util.ArrayList<domain.User>

[2020-04-30 22:38:36 #27 type.registry] 
New type java.util.Vector<domain.Apuesta>

------------------------------------------------------------------------------------------------------------------------

[2020-04-30 22:47:29 #1 store] 
Database 'C:\Users\aimar\git\GitNoFunciona\BestMain\resources\bets.temp' is opened by 12460@DESKTOP-AQBPSJR

[2020-04-30 22:47:29 #2 type.registry] 
New type domain.Equipo

[2020-04-30 22:47:29 #3 type] 
Type domain.Equipo is not enhanced.

[2020-04-30 22:47:30 #4 type.registry] 
New type domain.Question

[2020-04-30 22:47:30 #5 type] 
Type domain.Question is not enhanced.

[2020-04-30 22:47:30 #6 type.registry] 
New type domain.Event

[2020-04-30 22:47:30 #7 type.registry] 
New type domain.Pronostico

[2020-04-30 22:47:30 #8 type] 
Type domain.Event is not enhanced.

[2020-04-30 22:47:30 #9 type.registry] 
New type java.util.Vector<domain.Question>

[2020-04-30 22:47:30 #10 type] 
Type domain.Pronostico is not enhanced.

[2020-04-30 22:47:30 #11 type.registry] 
New type domain.Apuesta

[2020-04-30 22:47:30 #12 type] 
Type domain.Apuesta is not enhanced.

[2020-04-30 22:47:30 #13 type.registry] 
New type domain.User

[2020-04-30 22:47:30 #14 type] 
Type domain.User is not enhanced.

[2020-04-30 22:47:30 #15 type.registry] 
New type domain.Notification

[2020-04-30 22:47:30 #16 type.registry] 
New type domain.Publication

[2020-04-30 22:47:30 #17 type] 
Type domain.Notification is not enhanced.

[2020-04-30 22:47:30 #18 type] 
Type domain.Publication is not enhanced.

[2020-04-30 22:47:30 #19 type.registry] 
New type java.util.Vector<java.lang.Object>

[2020-04-30 22:47:30 #20 type.registry] 
New type java.util.ArrayList<java.lang.Object>

[2020-04-30 22:47:30 #21 type.registry] 
New type java.util.ArrayList<java.lang.String>

[2020-04-30 22:47:30 #22 type.registry] 
New type java.util.Vector<domain.Pronostico>

[2020-04-30 22:47:30 #23 type.registry] 
New type java.util.ArrayList<domain.Apuesta>

[2020-04-30 22:47:30 #24 type.registry] 
New type java.util.ArrayList<domain.Publication>

[2020-04-30 22:47:30 #25 type.registry] 
New type java.util.ArrayList<domain.Notification>

[2020-04-30 22:47:30 #26 type.registry] 
New type java.util.ArrayList<domain.User>

[2020-04-30 22:47:30 #27 type.registry] 
New type java.util.Vector<domain.Apuesta>

------------------------------------------------------------------------------------------------------------------------

[2020-04-30 22:51:20 #1 store] 
Database 'C:\Users\aimar\git\GitNoFunciona\BestMain\resources\bets.temp' is opened by 9400@DESKTOP-AQBPSJR

[2020-04-30 22:51:20 #2 type.registry] 
New type domain.Equipo

[2020-04-30 22:51:20 #3 type] 
Type domain.Equipo is not enhanced.

[2020-04-30 22:51:20 #4 type.registry] 
New type domain.Question

[2020-04-30 22:51:20 #5 type] 
Type domain.Question is not enhanced.

[2020-04-30 22:51:20 #6 type.registry] 
New type domain.Event

[2020-04-30 22:51:20 #7 type.registry] 
New type domain.Pronostico

[2020-04-30 22:51:20 #8 type] 
Type domain.Event is not enhanced.

[2020-04-30 22:51:20 #9 type.registry] 
New type java.util.Vector<domain.Question>

[2020-04-30 22:51:20 #10 type] 
Type domain.Pronostico is not enhanced.

[2020-04-30 22:51:20 #11 type.registry] 
New type domain.Apuesta

[2020-04-30 22:51:20 #12 type] 
Type domain.Apuesta is not enhanced.

[2020-04-30 22:51:20 #13 type.registry] 
New type domain.User

[2020-04-30 22:51:20 #14 type] 
Type domain.User is not enhanced.

[2020-04-30 22:51:20 #15 type.registry] 
New type domain.Notification

[2020-04-30 22:51:20 #16 type.registry] 
New type domain.Publication

[2020-04-30 22:51:20 #17 type] 
Type domain.Notification is not enhanced.

[2020-04-30 22:51:20 #18 type] 
Type domain.Publication is not enhanced.

[2020-04-30 22:51:20 #19 type.registry] 
New type java.util.Vector<java.lang.Object>

[2020-04-30 22:51:20 #20 type.registry] 
New type java.util.ArrayList<java.lang.Object>

[2020-04-30 22:51:20 #21 type.registry] 
New type java.util.ArrayList<java.lang.String>

[2020-04-30 22:51:20 #22 type.registry] 
New type java.util.Vector<domain.Pronostico>

[2020-04-30 22:51:20 #23 type.registry] 
New type java.util.ArrayList<domain.Apuesta>

[2020-04-30 22:51:20 #24 type.registry] 
New type java.util.ArrayList<domain.Publication>

[2020-04-30 22:51:20 #25 type.registry] 
New type java.util.ArrayList<domain.Notification>

[2020-04-30 22:51:20 #26 type.registry] 
New type java.util.ArrayList<domain.User>

[2020-04-30 22:51:20 #27 type.registry] 
New type java.util.Vector<domain.Apuesta>

