------------------------------------------------------------------------------------------------------------------------

[2020-03-20 18:52:53 #1 store] 
Database 'C:\Users\enely\git\GitNoFunciona\BestMain\resources\bets.temp' is opened by 4704@DESKTOP-3PB38CT

[2020-03-20 18:52:53 #2 type.registry] 
New type domain.Question

[2020-03-20 18:52:53 #3 type] 
Type domain.Question is not enhanced.

[2020-03-20 18:52:53 #4 type.registry] 
New type domain.Event

[2020-03-20 18:52:53 #5 type.registry] 
New type domain.Pronostico

[2020-03-20 18:52:53 #6 type] 
Type domain.Event is not enhanced.

[2020-03-20 18:52:53 #7 type.registry] 
New type java.util.Vector<domain.Question>

[2020-03-20 18:52:53 #8 type] 
Type domain.Pronostico is not enhanced.

[2020-03-20 18:52:53 #9 type.registry] 
New type domain.User

[2020-03-20 18:52:53 #10 type] 
Type domain.User is not enhanced.

[2020-03-20 18:52:53 #11 type.registry] 
New type domain.Apuesta

[2020-03-20 18:52:53 #12 type.registry] 
New type java.util.ArrayList<domain.Apuesta>

[2020-03-20 18:52:53 #13 type] 
Type domain.Apuesta is not enhanced.

[2020-03-20 18:52:53 #14 type.registry] 
New type java.util.Vector<java.lang.Object>

[2020-03-20 18:52:53 #15 type.registry] 
New type java.util.ArrayList<java.lang.Object>

------------------------------------------------------------------------------------------------------------------------

[2020-03-20 19:04:50 #1 store] 
Database 'C:\Users\enely\git\GitNoFunciona\BestMain\resources\bets.temp' is opened by 7128@DESKTOP-3PB38CT

[2020-03-20 19:04:50 #2 type.registry] 
New type domain.Question

[2020-03-20 19:04:50 #3 type] 
Type domain.Question is not enhanced.

[2020-03-20 19:04:50 #4 type.registry] 
New type domain.Event

[2020-03-20 19:04:51 #5 type.registry] 
New type domain.Pronostico

[2020-03-20 19:04:51 #6 type] 
Type domain.Event is not enhanced.

[2020-03-20 19:04:51 #7 type.registry] 
New type java.util.Vector<domain.Question>

[2020-03-20 19:04:51 #8 type] 
Type domain.Pronostico is not enhanced.

[2020-03-20 19:04:51 #9 type.registry] 
New type domain.User

[2020-03-20 19:04:51 #10 type] 
Type domain.User is not enhanced.

[2020-03-20 19:04:51 #11 type.registry] 
New type domain.Apuesta

[2020-03-20 19:04:51 #12 type.registry] 
New type java.util.ArrayList<domain.Apuesta>

[2020-03-20 19:04:51 #13 type] 
Type domain.Apuesta is not enhanced.

[2020-03-20 19:04:51 #14 type.registry] 
New type java.util.Vector<java.lang.Object>

[2020-03-20 19:04:51 #15 type.registry] 
New type java.util.ArrayList<java.lang.Object>

------------------------------------------------------------------------------------------------------------------------

[2020-03-20 19:17:54 #1 store] 
Database 'C:\Users\enely\git\GitNoFunciona\BestMain\resources\bets.temp' is opened by 1596@DESKTOP-3PB38CT

[2020-03-20 19:17:55 #2 type.registry] 
New type domain.Question

[2020-03-20 19:17:55 #3 type] 
Type domain.Question is not enhanced.

[2020-03-20 19:17:55 #4 type.registry] 
New type domain.Event

[2020-03-20 19:17:55 #5 type.registry] 
New type domain.Pronostico

[2020-03-20 19:17:55 #6 type] 
Type domain.Event is not enhanced.

[2020-03-20 19:17:55 #7 type.registry] 
New type java.util.Vector<domain.Question>

[2020-03-20 19:17:55 #8 type] 
Type domain.Pronostico is not enhanced.

[2020-03-20 19:17:55 #9 type.registry] 
New type domain.User

[2020-03-20 19:17:55 #10 type] 
Type domain.User is not enhanced.

[2020-03-20 19:17:55 #11 type.registry] 
New type domain.Apuesta

[2020-03-20 19:17:55 #12 type.registry] 
New type java.util.ArrayList<domain.Apuesta>

[2020-03-20 19:17:55 #13 type] 
Type domain.Apuesta is not enhanced.

[2020-03-20 19:17:55 #14 type.registry] 
New type java.util.Vector<java.lang.Object>

[2020-03-20 19:17:55 #15 type.registry] 
New type java.util.ArrayList<java.lang.Object>

------------------------------------------------------------------------------------------------------------------------

[2020-03-20 19:21:02 #1 store] 
Database 'C:\Users\enely\git\GitNoFunciona\BestMain\resources\bets.temp' is opened by 11972@DESKTOP-3PB38CT

[2020-03-20 19:21:02 #2 type.registry] 
New type domain.Question

[2020-03-20 19:21:02 #3 type] 
Type domain.Question is not enhanced.

[2020-03-20 19:21:02 #4 type.registry] 
New type domain.Event

[2020-03-20 19:21:02 #5 type.registry] 
New type domain.Pronostico

[2020-03-20 19:21:02 #6 type] 
Type domain.Event is not enhanced.

[2020-03-20 19:21:02 #7 type.registry] 
New type java.util.Vector<domain.Question>

[2020-03-20 19:21:02 #8 type] 
Type domain.Pronostico is not enhanced.

[2020-03-20 19:21:02 #9 type.registry] 
New type domain.User

[2020-03-20 19:21:02 #10 type] 
Type domain.User is not enhanced.

[2020-03-20 19:21:02 #11 type.registry] 
New type domain.Apuesta

[2020-03-20 19:21:02 #12 type.registry] 
New type java.util.ArrayList<domain.Apuesta>

[2020-03-20 19:21:02 #13 type] 
Type domain.Apuesta is not enhanced.

[2020-03-20 19:21:02 #14 type.registry] 
New type java.util.Vector<java.lang.Object>

[2020-03-20 19:21:02 #15 type.registry] 
New type java.util.ArrayList<java.lang.Object>

------------------------------------------------------------------------------------------------------------------------

[2020-03-20 19:25:28 #1 store] 
Database 'C:\Users\enely\git\GitNoFunciona\BestMain\resources\bets.temp' has been recovered (tr. 1-7)

[2020-03-20 19:25:28 #2 store] 
Database 'C:\Users\enely\git\GitNoFunciona\BestMain\resources\bets.temp' is opened by 7832@DESKTOP-3PB38CT

[2020-03-20 19:25:28 #3 type] 
Type domain.Question is not enhanced.

[2020-03-20 19:25:28 #4 type] 
Type domain.Event is not enhanced.

[2020-03-20 19:25:28 #5 type] 
Type domain.Pronostico is not enhanced.

[2020-03-20 19:25:28 #6 type] 
Type domain.User is not enhanced.

[2020-03-20 19:25:28 #7 type] 
Type domain.Apuesta is not enhanced.

------------------------------------------------------------------------------------------------------------------------

[2020-03-20 19:43:49 #1 store] 
Database 'C:\Users\enely\git\GitNoFunciona\BestMain\resources\bets.temp' is opened by 16352@DESKTOP-3PB38CT

[2020-03-20 19:43:49 #2 type] 
Type domain.Question is not enhanced.

[2020-03-20 19:43:49 #3 type] 
Type domain.Event is not enhanced.

[2020-03-20 19:43:49 #4 type] 
Type domain.Pronostico is not enhanced.

[2020-03-20 19:43:49 #5 type] 
Type domain.User is not enhanced.

[2020-03-20 19:43:49 #6 type] 
Type domain.Apuesta is not enhanced.

------------------------------------------------------------------------------------------------------------------------

[2020-03-20 19:52:00 #1 store] 
Database 'C:\Users\enely\git\GitNoFunciona\BestMain\resources\bets.temp' is opened by 5676@DESKTOP-3PB38CT

[2020-03-20 19:52:00 #2 type] 
Type domain.Question is not enhanced.

[2020-03-20 19:52:00 #3 type] 
Type domain.Event is not enhanced.

[2020-03-20 19:52:00 #4 type] 
Type domain.Pronostico is not enhanced.

[2020-03-20 19:52:00 #5 type] 
Type domain.User is not enhanced.

[2020-03-20 19:52:00 #6 type] 
Type domain.Apuesta is not enhanced.

------------------------------------------------------------------------------------------------------------------------

[2020-03-20 20:19:03 #1 store] 
Database 'C:\Users\enely\git\GitNoFunciona\BestMain\resources\bets.temp' has been recovered (tr. 10-10)

[2020-03-20 20:19:03 #2 store] 
Database 'C:\Users\enely\git\GitNoFunciona\BestMain\resources\bets.temp' is opened by 7304@DESKTOP-3PB38CT

[2020-03-20 20:19:03 #3 type] 
Type domain.Question is not enhanced.

[2020-03-20 20:19:03 #4 type] 
Type domain.Event is not enhanced.

[2020-03-20 20:19:03 #5 type] 
Type domain.Pronostico is not enhanced.

[2020-03-20 20:19:03 #6 type] 
Type domain.User is not enhanced.

[2020-03-20 20:19:03 #7 type] 
Type domain.Apuesta is not enhanced.

------------------------------------------------------------------------------------------------------------------------

[2020-03-20 20:22:19 #1 store] 
Database 'C:\Users\enely\git\GitNoFunciona\BestMain\resources\bets.temp' has been recovered (tr. 11-12)

[2020-03-20 20:22:19 #2 store] 
Database 'C:\Users\enely\git\GitNoFunciona\BestMain\resources\bets.temp' is opened by 12216@DESKTOP-3PB38CT

[2020-03-20 20:22:19 #3 type] 
Type domain.Question is not enhanced.

[2020-03-20 20:22:19 #4 type] 
Type domain.Event is not enhanced.

[2020-03-20 20:22:19 #5 type] 
Type domain.Pronostico is not enhanced.

[2020-03-20 20:22:19 #6 type] 
Type domain.User is not enhanced.

[2020-03-20 20:22:19 #7 type] 
Type domain.Apuesta is not enhanced.

------------------------------------------------------------------------------------------------------------------------

[2020-03-20 20:25:51 #1 store] 
Database 'C:\Users\enely\git\GitNoFunciona\BestMain\resources\bets.temp' is opened by 9472@DESKTOP-3PB38CT

[2020-03-20 20:25:51 #2 type] 
Type domain.Question is not enhanced.

[2020-03-20 20:25:51 #3 type] 
Type domain.Event is not enhanced.

[2020-03-20 20:25:51 #4 type] 
Type domain.Pronostico is not enhanced.

[2020-03-20 20:25:51 #5 type] 
Type domain.User is not enhanced.

[2020-03-20 20:25:51 #6 type] 
Type domain.Apuesta is not enhanced.

------------------------------------------------------------------------------------------------------------------------

[2020-03-20 20:27:39 #1 store] 
Database 'C:\Users\enely\git\GitNoFunciona\BestMain\resources\bets.temp' is opened by 1096@DESKTOP-3PB38CT

[2020-03-20 20:27:39 #2 type] 
Type domain.Question is not enhanced.

[2020-03-20 20:27:39 #3 type] 
Type domain.Event is not enhanced.

[2020-03-20 20:27:39 #4 type] 
Type domain.Pronostico is not enhanced.

[2020-03-20 20:27:39 #5 type] 
Type domain.User is not enhanced.

[2020-03-20 20:27:39 #6 type] 
Type domain.Apuesta is not enhanced.

------------------------------------------------------------------------------------------------------------------------

[2020-03-20 20:34:42 #1 store] 
Database 'C:\Users\enely\git\GitNoFunciona\BestMain\resources\bets.temp' is opened by 8624@DESKTOP-3PB38CT

[2020-03-20 20:34:42 #2 type] 
Type domain.Question is not enhanced.

[2020-03-20 20:34:42 #3 type] 
Type domain.Event is not enhanced.

[2020-03-20 20:34:42 #4 type] 
Type domain.Pronostico is not enhanced.

[2020-03-20 20:34:42 #5 type] 
Type domain.User is not enhanced.

[2020-03-20 20:34:42 #6 type] 
Type domain.Apuesta is not enhanced.

------------------------------------------------------------------------------------------------------------------------

[2020-03-20 20:35:18 #1 store] 
Database 'C:\Users\enely\git\GitNoFunciona\BestMain\resources\bets.temp' is opened by 9840@DESKTOP-3PB38CT

[2020-03-20 20:35:18 #2 type] 
Type domain.Question is not enhanced.

[2020-03-20 20:35:18 #3 type] 
Type domain.Event is not enhanced.

[2020-03-20 20:35:18 #4 type] 
Type domain.Pronostico is not enhanced.

[2020-03-20 20:35:18 #5 type] 
Type domain.User is not enhanced.

[2020-03-20 20:35:18 #6 type] 
Type domain.Apuesta is not enhanced.

------------------------------------------------------------------------------------------------------------------------

[2020-03-20 20:36:06 #1 store] 
Database 'C:\Users\enely\git\GitNoFunciona\BestMain\resources\bets.temp' is opened by 13892@DESKTOP-3PB38CT

[2020-03-20 20:36:06 #2 type] 
Type domain.Question is not enhanced.

[2020-03-20 20:36:06 #3 type] 
Type domain.Event is not enhanced.

[2020-03-20 20:36:06 #4 type] 
Type domain.Pronostico is not enhanced.

[2020-03-20 20:36:06 #5 type] 
Type domain.User is not enhanced.

[2020-03-20 20:36:06 #6 type] 
Type domain.Apuesta is not enhanced.

------------------------------------------------------------------------------------------------------------------------

[2020-03-20 20:40:23 #1 store] 
Database 'C:\Users\enely\git\GitNoFunciona\BestMain\resources\bets.temp' is opened by 4252@DESKTOP-3PB38CT

[2020-03-20 20:40:23 #2 type] 
Type domain.Question is not enhanced.

[2020-03-20 20:40:23 #3 type] 
Type domain.Event is not enhanced.

[2020-03-20 20:40:23 #4 type] 
Type domain.Pronostico is not enhanced.

[2020-03-20 20:40:23 #5 type] 
Type domain.User is not enhanced.

[2020-03-20 20:40:23 #6 type] 
Type domain.Apuesta is not enhanced.

------------------------------------------------------------------------------------------------------------------------

[2020-03-20 21:34:48 #1 store] 
Database 'C:\Users\enely\git\GitNoFunciona\BestMain\resources\bets.temp' is opened by 7144@DESKTOP-3PB38CT

[2020-03-20 21:34:48 #2 type] 
Type domain.Question is not enhanced.

[2020-03-20 21:34:48 #3 type] 
Type domain.Event is not enhanced.

[2020-03-20 21:34:48 #4 type] 
Type domain.Pronostico is not enhanced.

[2020-03-20 21:34:48 #5 type] 
Type domain.User is not enhanced.

[2020-03-20 21:34:48 #6 type] 
Type domain.Apuesta is not enhanced.

