------------------------------------------------------------------------------------------------------------------------

[2020-03-25 14:50:19 #1 store] 
Database 'C:\Users\enely\git\GitNoFunciona\BestMain\resources\bets.temp' is opened by 10704@DESKTOP-3PB38CT

[2020-03-25 14:50:19 #2 type] 
Type domain.Question is not enhanced.

[2020-03-25 14:50:19 #3 type] 
Type domain.Event is not enhanced.

[2020-03-25 14:50:19 #4 type] 
Type domain.Pronostico is not enhanced.

[2020-03-25 14:50:19 #5 type] 
Type domain.User is not enhanced.

[2020-03-25 14:50:19 #6 type] 
Type domain.Apuesta is not enhanced.

------------------------------------------------------------------------------------------------------------------------

[2020-03-25 18:52:37 #1 store] 
Database 'C:\Users\enely\git\GitNoFunciona\BestMain\resources\bets.temp' is opened by 8156@DESKTOP-3PB38CT

[2020-03-25 18:52:37 #2 type] 
Type domain.Question is not enhanced.

[2020-03-25 18:52:37 #3 type] 
Type domain.Event is not enhanced.

[2020-03-25 18:52:37 #4 type] 
Type domain.Pronostico is not enhanced.

[2020-03-25 18:52:37 #5 type] 
Type domain.User is not enhanced.

[2020-03-25 18:52:37 #6 type] 
Type domain.Apuesta is not enhanced.

------------------------------------------------------------------------------------------------------------------------

[2020-03-25 23:11:19 #1 store] 
Database 'C:\Users\enely\git\GitNoFunciona\BestMain\resources\bets.temp' has been recovered (tr. 1-9)

[2020-03-25 23:11:20 #2 store] 
Database 'C:\Users\enely\git\GitNoFunciona\BestMain\resources\bets.temp' is opened by 4424@DESKTOP-3PB38CT

[2020-03-25 23:11:20 #3 type] 
Type domain.Question is not enhanced.

[2020-03-25 23:11:20 #4 type] 
Type domain.Event is not enhanced.

[2020-03-25 23:11:20 #5 type] 
Type domain.Pronostico is not enhanced.

[2020-03-25 23:11:20 #6 type] 
Type domain.User is not enhanced.

[2020-03-25 23:11:20 #7 type] 
Type domain.Apuesta is not enhanced.

------------------------------------------------------------------------------------------------------------------------

[2020-03-25 23:21:45 #1 store] 
Database 'C:\Users\enely\git\GitNoFunciona\BestMain\resources\bets.temp' is opened by 10424@DESKTOP-3PB38CT

[2020-03-25 23:21:45 #2 type] 
Type domain.Question is not enhanced.

[2020-03-25 23:21:45 #3 type] 
Type domain.Event is not enhanced.

[2020-03-25 23:21:45 #4 type] 
Type domain.Pronostico is not enhanced.

[2020-03-25 23:21:45 #5 type] 
Type domain.User is not enhanced.

[2020-03-25 23:21:45 #6 type] 
Type domain.Apuesta is not enhanced.

------------------------------------------------------------------------------------------------------------------------

[2020-03-25 23:26:05 #1 store] 
Database 'C:\Users\enely\git\GitNoFunciona\BestMain\resources\bets.temp' is opened by 14616@DESKTOP-3PB38CT

[2020-03-25 23:26:05 #2 type] 
Type domain.Question is not enhanced.

[2020-03-25 23:26:05 #3 type] 
Type domain.Event is not enhanced.

[2020-03-25 23:26:05 #4 type] 
Type domain.Pronostico is not enhanced.

[2020-03-25 23:26:05 #5 type] 
Type domain.User is not enhanced.

[2020-03-25 23:26:05 #6 type] 
Type domain.Apuesta is not enhanced.

------------------------------------------------------------------------------------------------------------------------

[2020-03-25 23:40:16 #1 store] 
Database 'C:\Users\enely\git\GitNoFunciona\BestMain\resources\bets.temp' is opened by 3328@DESKTOP-3PB38CT

[2020-03-25 23:40:16 #2 type] 
Type domain.Question is not enhanced.

[2020-03-25 23:40:16 #3 type] 
Type domain.Event is not enhanced.

[2020-03-25 23:40:16 #4 type] 
Type domain.Pronostico is not enhanced.

[2020-03-25 23:40:16 #5 type] 
Type domain.User is not enhanced.

[2020-03-25 23:40:16 #6 type] 
Type domain.Apuesta is not enhanced.

------------------------------------------------------------------------------------------------------------------------

[2020-03-25 23:46:32 #1 store] 
Database 'C:\Users\enely\git\GitNoFunciona\BestMain\resources\bets.temp' has been recovered (tr. 10-10)

[2020-03-25 23:46:32 #2 store] 
Database 'C:\Users\enely\git\GitNoFunciona\BestMain\resources\bets.temp' is opened by 15792@DESKTOP-3PB38CT

[2020-03-25 23:46:33 #3 type] 
Type domain.Question is not enhanced.

[2020-03-25 23:46:33 #4 type] 
Type domain.Event is not enhanced.

[2020-03-25 23:46:33 #5 type] 
Type domain.Pronostico is not enhanced.

[2020-03-25 23:46:33 #6 type] 
Type domain.User is not enhanced.

[2020-03-25 23:46:33 #7 type] 
Type domain.Apuesta is not enhanced.

------------------------------------------------------------------------------------------------------------------------

[2020-03-25 23:51:03 #1 store] 
Database 'C:\Users\enely\git\GitNoFunciona\BestMain\resources\bets.temp' is opened by 1552@DESKTOP-3PB38CT

[2020-03-25 23:51:03 #2 type] 
Type domain.Question is not enhanced.

[2020-03-25 23:51:03 #3 type] 
Type domain.Event is not enhanced.

[2020-03-25 23:51:03 #4 type] 
Type domain.Pronostico is not enhanced.

[2020-03-25 23:51:03 #5 type] 
Type domain.User is not enhanced.

[2020-03-25 23:51:03 #6 type] 
Type domain.Apuesta is not enhanced.

------------------------------------------------------------------------------------------------------------------------

[2020-03-25 23:52:00 #1 store] 
Database 'C:\Users\enely\git\GitNoFunciona\BestMain\resources\bets.temp' is opened by 6920@DESKTOP-3PB38CT

[2020-03-25 23:52:00 #2 type] 
Type domain.Question is not enhanced.

[2020-03-25 23:52:00 #3 type] 
Type domain.Event is not enhanced.

[2020-03-25 23:52:00 #4 type] 
Type domain.Pronostico is not enhanced.

[2020-03-25 23:52:00 #5 type] 
Type domain.User is not enhanced.

[2020-03-25 23:52:00 #6 type] 
Type domain.Apuesta is not enhanced.

------------------------------------------------------------------------------------------------------------------------

[2020-03-25 23:52:52 #1 store] 
Database 'C:\Users\enely\git\GitNoFunciona\BestMain\resources\bets.temp' is opened by 9948@DESKTOP-3PB38CT

[2020-03-25 23:52:52 #2 type] 
Type domain.Question is not enhanced.

[2020-03-25 23:52:52 #3 type] 
Type domain.Event is not enhanced.

[2020-03-25 23:52:52 #4 type] 
Type domain.Pronostico is not enhanced.

[2020-03-25 23:52:52 #5 type] 
Type domain.User is not enhanced.

[2020-03-25 23:52:52 #6 type] 
Type domain.Apuesta is not enhanced.

------------------------------------------------------------------------------------------------------------------------

[2020-03-25 23:53:44 #1 store] 
Database 'C:\Users\enely\git\GitNoFunciona\BestMain\resources\bets.temp' is opened by 10168@DESKTOP-3PB38CT

[2020-03-25 23:53:44 #2 type] 
Type domain.Question is not enhanced.

[2020-03-25 23:53:44 #3 type] 
Type domain.Event is not enhanced.

[2020-03-25 23:53:44 #4 type] 
Type domain.Pronostico is not enhanced.

[2020-03-25 23:53:44 #5 type] 
Type domain.User is not enhanced.

[2020-03-25 23:53:44 #6 type] 
Type domain.Apuesta is not enhanced.

------------------------------------------------------------------------------------------------------------------------

[2020-03-25 23:54:56 #1 store] 
Database 'C:\Users\enely\git\GitNoFunciona\BestMain\resources\bets.temp' is opened by 3580@DESKTOP-3PB38CT

[2020-03-25 23:54:57 #2 type] 
Type domain.Question is not enhanced.

[2020-03-25 23:54:57 #3 type] 
Type domain.Event is not enhanced.

[2020-03-25 23:54:57 #4 type] 
Type domain.Pronostico is not enhanced.

[2020-03-25 23:54:57 #5 type] 
Type domain.User is not enhanced.

[2020-03-25 23:54:57 #6 type] 
Type domain.Apuesta is not enhanced.

------------------------------------------------------------------------------------------------------------------------

[2020-03-25 23:56:26 #1 store] 
Database 'C:\Users\enely\git\GitNoFunciona\BestMain\resources\bets.temp' is opened by 8648@DESKTOP-3PB38CT

[2020-03-25 23:56:26 #2 type] 
Type domain.Question is not enhanced.

[2020-03-25 23:56:26 #3 type] 
Type domain.Event is not enhanced.

[2020-03-25 23:56:26 #4 type] 
Type domain.Pronostico is not enhanced.

[2020-03-25 23:56:26 #5 type] 
Type domain.User is not enhanced.

[2020-03-25 23:56:26 #6 type] 
Type domain.Apuesta is not enhanced.

