------------------------------------------------------------------------------------------------------------------------

[2020-10-09 11:47:37 #1 store] 
Database 'C:\Users\USER\git\IS2\BestMain\resources\bets.temp' is opened by 12312@DESKTOP-1O96UFS

[2020-10-09 11:47:37 #2 type.registry] 
New type domain.Equipo

[2020-10-09 11:47:37 #3 type] 
Type domain.Equipo is not enhanced.

[2020-10-09 11:47:37 #4 type.registry] 
New type domain.Event

[2020-10-09 11:47:37 #5 type] 
Type domain.Event is not enhanced.

[2020-10-09 11:47:37 #6 type.registry] 
New type domain.Question

[2020-10-09 11:47:37 #7 type] 
Type domain.Question is not enhanced.

[2020-10-09 11:47:37 #8 type.registry] 
New type domain.Pronostico

[2020-10-09 11:47:37 #9 type] 
Type domain.Pronostico is not enhanced.

[2020-10-09 11:47:37 #10 type.registry] 
New type domain.Apuesta

[2020-10-09 11:47:37 #11 type] 
Type domain.Apuesta is not enhanced.

[2020-10-09 11:47:37 #12 type.registry] 
New type domain.User

[2020-10-09 11:47:37 #13 type] 
Type domain.User is not enhanced.

[2020-10-09 11:47:37 #14 type.registry] 
New type domain.Ajustes

[2020-10-09 11:47:37 #15 type.registry] 
New type domain.Notification

[2020-10-09 11:47:37 #16 type.registry] 
New type domain.Publication

[2020-10-09 11:47:37 #17 type.registry] 
New type domain.Copia

[2020-10-09 11:47:37 #18 type] 
Type domain.Ajustes is not enhanced.

[2020-10-09 11:47:37 #19 type] 
Type domain.Notification is not enhanced.

[2020-10-09 11:47:37 #20 type] 
Type domain.Publication is not enhanced.

[2020-10-09 11:47:37 #21 type] 
Type domain.Copia is not enhanced.

[2020-10-09 11:47:37 #22 type.registry] 
New type java.util.Vector<java.lang.Object>

[2020-10-09 11:47:37 #23 type.registry] 
New type java.util.ArrayList<java.lang.Object>

[2020-10-09 11:47:37 #24 type.registry] 
New type java.util.ArrayList<java.lang.String>

[2020-10-09 11:47:37 #25 type.registry] 
New type java.util.Vector<domain.Question>

[2020-10-09 11:47:37 #26 type.registry] 
New type java.util.Vector<domain.Pronostico>

[2020-10-09 11:47:37 #27 type.registry] 
New type java.util.Vector<domain.Copia>

[2020-10-09 11:47:37 #28 type.registry] 
New type java.util.ArrayList<domain.Apuesta>

[2020-10-09 11:47:37 #29 type.registry] 
New type java.util.ArrayList<domain.Publication>

[2020-10-09 11:47:37 #30 type.registry] 
New type java.util.ArrayList<domain.Notification>

[2020-10-09 11:47:37 #31 type.registry] 
New type java.util.ArrayList<domain.User>

[2020-10-09 11:47:37 #32 type.registry] 
New type java.util.Vector<domain.Apuesta>

------------------------------------------------------------------------------------------------------------------------

[2020-10-09 11:50:07 #1 store] 
Database 'C:\Users\USER\git\IS2\BestMain\resources\bets.temp' is opened by 9320@DESKTOP-1O96UFS

[2020-10-09 11:50:07 #2 type.registry] 
New type domain.Equipo

[2020-10-09 11:50:07 #3 type] 
Type domain.Equipo is not enhanced.

[2020-10-09 11:50:07 #4 type.registry] 
New type domain.Event

[2020-10-09 11:50:07 #5 type] 
Type domain.Event is not enhanced.

[2020-10-09 11:50:07 #6 type.registry] 
New type domain.Question

[2020-10-09 11:50:07 #7 type] 
Type domain.Question is not enhanced.

[2020-10-09 11:50:07 #8 type.registry] 
New type domain.Pronostico

[2020-10-09 11:50:07 #9 type] 
Type domain.Pronostico is not enhanced.

[2020-10-09 11:50:07 #10 type.registry] 
New type domain.Apuesta

[2020-10-09 11:50:07 #11 type] 
Type domain.Apuesta is not enhanced.

[2020-10-09 11:50:07 #12 type.registry] 
New type domain.User

[2020-10-09 11:50:07 #13 type] 
Type domain.User is not enhanced.

[2020-10-09 11:50:07 #14 type.registry] 
New type domain.Ajustes

[2020-10-09 11:50:07 #15 type.registry] 
New type domain.Notification

[2020-10-09 11:50:07 #16 type.registry] 
New type domain.Publication

[2020-10-09 11:50:07 #17 type.registry] 
New type domain.Copia

[2020-10-09 11:50:07 #18 type] 
Type domain.Ajustes is not enhanced.

[2020-10-09 11:50:07 #19 type] 
Type domain.Notification is not enhanced.

[2020-10-09 11:50:07 #20 type] 
Type domain.Publication is not enhanced.

[2020-10-09 11:50:07 #21 type] 
Type domain.Copia is not enhanced.

[2020-10-09 11:50:07 #22 type.registry] 
New type java.util.Vector<java.lang.Object>

[2020-10-09 11:50:07 #23 type.registry] 
New type java.util.ArrayList<java.lang.Object>

[2020-10-09 11:50:07 #24 type.registry] 
New type java.util.ArrayList<java.lang.String>

[2020-10-09 11:50:07 #25 type.registry] 
New type java.util.Vector<domain.Question>

[2020-10-09 11:50:07 #26 type.registry] 
New type java.util.Vector<domain.Pronostico>

[2020-10-09 11:50:07 #27 type.registry] 
New type java.util.Vector<domain.Copia>

[2020-10-09 11:50:07 #28 type.registry] 
New type java.util.ArrayList<domain.Apuesta>

[2020-10-09 11:50:07 #29 type.registry] 
New type java.util.ArrayList<domain.Publication>

[2020-10-09 11:50:07 #30 type.registry] 
New type java.util.ArrayList<domain.Notification>

[2020-10-09 11:50:07 #31 type.registry] 
New type java.util.ArrayList<domain.User>

[2020-10-09 11:50:07 #32 type.registry] 
New type java.util.Vector<domain.Apuesta>

------------------------------------------------------------------------------------------------------------------------

[2020-10-09 11:56:32 #1 store] 
Database 'C:\Users\USER\git\IS2\BestMain\resources\bets.temp' is opened by 9624@DESKTOP-1O96UFS

[2020-10-09 11:56:33 #2 type.registry] 
New type domain.Equipo

[2020-10-09 11:56:33 #3 type] 
Type domain.Equipo is not enhanced.

[2020-10-09 11:56:33 #4 type.registry] 
New type domain.Event

[2020-10-09 11:56:33 #5 type] 
Type domain.Event is not enhanced.

[2020-10-09 11:56:33 #6 type.registry] 
New type domain.Question

[2020-10-09 11:56:33 #7 type] 
Type domain.Question is not enhanced.

[2020-10-09 11:56:33 #8 type.registry] 
New type domain.Pronostico

[2020-10-09 11:56:33 #9 type] 
Type domain.Pronostico is not enhanced.

[2020-10-09 11:56:33 #10 type.registry] 
New type domain.Apuesta

[2020-10-09 11:56:33 #11 type] 
Type domain.Apuesta is not enhanced.

[2020-10-09 11:56:33 #12 type.registry] 
New type domain.User

[2020-10-09 11:56:33 #13 type] 
Type domain.User is not enhanced.

[2020-10-09 11:56:33 #14 type.registry] 
New type domain.Ajustes

[2020-10-09 11:56:33 #15 type.registry] 
New type domain.Notification

[2020-10-09 11:56:33 #16 type.registry] 
New type domain.Publication

[2020-10-09 11:56:33 #17 type.registry] 
New type domain.Copia

[2020-10-09 11:56:33 #18 type] 
Type domain.Ajustes is not enhanced.

[2020-10-09 11:56:33 #19 type] 
Type domain.Notification is not enhanced.

[2020-10-09 11:56:33 #20 type] 
Type domain.Publication is not enhanced.

[2020-10-09 11:56:33 #21 type] 
Type domain.Copia is not enhanced.

[2020-10-09 11:56:33 #22 type.registry] 
New type java.util.Vector<java.lang.Object>

[2020-10-09 11:56:33 #23 type.registry] 
New type java.util.ArrayList<java.lang.Object>

[2020-10-09 11:56:33 #24 type.registry] 
New type java.util.ArrayList<java.lang.String>

[2020-10-09 11:56:33 #25 type.registry] 
New type java.util.Vector<domain.Question>

[2020-10-09 11:56:33 #26 type.registry] 
New type java.util.Vector<domain.Pronostico>

[2020-10-09 11:56:33 #27 type.registry] 
New type java.util.Vector<domain.Copia>

[2020-10-09 11:56:33 #28 type.registry] 
New type java.util.ArrayList<domain.Apuesta>

[2020-10-09 11:56:33 #29 type.registry] 
New type java.util.ArrayList<domain.Publication>

[2020-10-09 11:56:33 #30 type.registry] 
New type java.util.ArrayList<domain.Notification>

[2020-10-09 11:56:33 #31 type.registry] 
New type java.util.ArrayList<domain.User>

[2020-10-09 11:56:33 #32 type.registry] 
New type java.util.Vector<domain.Apuesta>

------------------------------------------------------------------------------------------------------------------------

[2020-10-09 11:57:38 #1 store] 
Database 'C:\Users\USER\git\IS2\BestMain\resources\bets.temp' is opened by 8388@DESKTOP-1O96UFS

[2020-10-09 11:57:38 #2 type.registry] 
New type domain.Equipo

[2020-10-09 11:57:38 #3 type] 
Type domain.Equipo is not enhanced.

[2020-10-09 11:57:38 #4 type.registry] 
New type domain.Event

[2020-10-09 11:57:38 #5 type] 
Type domain.Event is not enhanced.

[2020-10-09 11:57:38 #6 type.registry] 
New type domain.Question

[2020-10-09 11:57:38 #7 type] 
Type domain.Question is not enhanced.

[2020-10-09 11:57:38 #8 type.registry] 
New type domain.Pronostico

[2020-10-09 11:57:38 #9 type] 
Type domain.Pronostico is not enhanced.

[2020-10-09 11:57:38 #10 type.registry] 
New type domain.Apuesta

[2020-10-09 11:57:38 #11 type] 
Type domain.Apuesta is not enhanced.

[2020-10-09 11:57:38 #12 type.registry] 
New type domain.User

[2020-10-09 11:57:38 #13 type] 
Type domain.User is not enhanced.

[2020-10-09 11:57:38 #14 type.registry] 
New type domain.Ajustes

[2020-10-09 11:57:38 #15 type.registry] 
New type domain.Notification

[2020-10-09 11:57:38 #16 type.registry] 
New type domain.Publication

[2020-10-09 11:57:38 #17 type.registry] 
New type domain.Copia

[2020-10-09 11:57:38 #18 type] 
Type domain.Ajustes is not enhanced.

[2020-10-09 11:57:38 #19 type] 
Type domain.Notification is not enhanced.

[2020-10-09 11:57:38 #20 type] 
Type domain.Publication is not enhanced.

[2020-10-09 11:57:38 #21 type] 
Type domain.Copia is not enhanced.

[2020-10-09 11:57:38 #22 type.registry] 
New type java.util.Vector<java.lang.Object>

[2020-10-09 11:57:38 #23 type.registry] 
New type java.util.ArrayList<java.lang.Object>

[2020-10-09 11:57:38 #24 type.registry] 
New type java.util.ArrayList<java.lang.String>

[2020-10-09 11:57:38 #25 type.registry] 
New type java.util.Vector<domain.Question>

[2020-10-09 11:57:38 #26 type.registry] 
New type java.util.Vector<domain.Pronostico>

[2020-10-09 11:57:38 #27 type.registry] 
New type java.util.Vector<domain.Copia>

[2020-10-09 11:57:38 #28 type.registry] 
New type java.util.ArrayList<domain.Apuesta>

[2020-10-09 11:57:38 #29 type.registry] 
New type java.util.ArrayList<domain.Publication>

[2020-10-09 11:57:38 #30 type.registry] 
New type java.util.ArrayList<domain.Notification>

[2020-10-09 11:57:38 #31 type.registry] 
New type java.util.ArrayList<domain.User>

[2020-10-09 11:57:38 #32 type.registry] 
New type java.util.Vector<domain.Apuesta>

------------------------------------------------------------------------------------------------------------------------

[2020-10-09 12:05:04 #1 store] 
Database 'C:\Users\USER\git\IS2\BestMain\resources\bets.temp' is opened by 4656@DESKTOP-1O96UFS

[2020-10-09 12:05:04 #2 type.registry] 
New type domain.Equipo

[2020-10-09 12:05:04 #3 type] 
Type domain.Equipo is not enhanced.

[2020-10-09 12:05:04 #4 type.registry] 
New type domain.Event

[2020-10-09 12:05:04 #5 type] 
Type domain.Event is not enhanced.

[2020-10-09 12:05:04 #6 type.registry] 
New type domain.Question

[2020-10-09 12:05:04 #7 type] 
Type domain.Question is not enhanced.

[2020-10-09 12:05:04 #8 type.registry] 
New type domain.Pronostico

[2020-10-09 12:05:04 #9 type] 
Type domain.Pronostico is not enhanced.

[2020-10-09 12:05:04 #10 type.registry] 
New type domain.Apuesta

[2020-10-09 12:05:04 #11 type] 
Type domain.Apuesta is not enhanced.

[2020-10-09 12:05:04 #12 type.registry] 
New type domain.User

[2020-10-09 12:05:04 #13 type] 
Type domain.User is not enhanced.

[2020-10-09 12:05:04 #14 type.registry] 
New type domain.Ajustes

[2020-10-09 12:05:04 #15 type.registry] 
New type domain.Notification

[2020-10-09 12:05:04 #16 type.registry] 
New type domain.Publication

[2020-10-09 12:05:04 #17 type.registry] 
New type domain.Copia

[2020-10-09 12:05:04 #18 type] 
Type domain.Ajustes is not enhanced.

[2020-10-09 12:05:04 #19 type] 
Type domain.Notification is not enhanced.

[2020-10-09 12:05:04 #20 type] 
Type domain.Publication is not enhanced.

[2020-10-09 12:05:04 #21 type] 
Type domain.Copia is not enhanced.

[2020-10-09 12:05:05 #22 type.registry] 
New type java.util.Vector<java.lang.Object>

[2020-10-09 12:05:05 #23 type.registry] 
New type java.util.ArrayList<java.lang.Object>

[2020-10-09 12:05:05 #24 type.registry] 
New type java.util.ArrayList<java.lang.String>

[2020-10-09 12:05:05 #25 type.registry] 
New type java.util.Vector<domain.Question>

[2020-10-09 12:05:05 #26 type.registry] 
New type java.util.Vector<domain.Pronostico>

[2020-10-09 12:05:05 #27 type.registry] 
New type java.util.Vector<domain.Copia>

[2020-10-09 12:05:05 #28 type.registry] 
New type java.util.ArrayList<domain.Apuesta>

[2020-10-09 12:05:05 #29 type.registry] 
New type java.util.ArrayList<domain.Publication>

[2020-10-09 12:05:05 #30 type.registry] 
New type java.util.ArrayList<domain.Notification>

[2020-10-09 12:05:05 #31 type.registry] 
New type java.util.ArrayList<domain.User>

[2020-10-09 12:05:05 #32 type.registry] 
New type java.util.Vector<domain.Apuesta>

