------------------------------------------------------------------------------------------------------------------------

[2020-04-05 12:31:13 #1 store] 
Database 'C:\Users\aimar\git\GitNoFunciona\BestMain\resources\bets.temp' is opened by 6316@DESKTOP-AQBPSJR

[2020-04-05 12:31:13 #2 type] 
Type domain.Question is not enhanced.

[2020-04-05 12:31:13 #3 type] 
Type domain.Event is not enhanced.

[2020-04-05 12:31:13 #4 type] 
Type domain.Pronostico is not enhanced.

[2020-04-05 12:31:13 #5 type] 
Type domain.Apuesta is not enhanced.

[2020-04-05 12:31:13 #6 type] 
Type domain.User is not enhanced.

------------------------------------------------------------------------------------------------------------------------

[2020-04-05 12:32:34 #1 store] 
Database 'C:\Users\aimar\git\GitNoFunciona\BestMain\resources\bets.temp' is opened by 5228@DESKTOP-AQBPSJR

[2020-04-05 12:32:34 #2 type] 
Type domain.Question is not enhanced.

[2020-04-05 12:32:34 #3 type] 
Type domain.Event is not enhanced.

[2020-04-05 12:32:34 #4 type] 
Type domain.Pronostico is not enhanced.

[2020-04-05 12:32:34 #5 type] 
Type domain.Apuesta is not enhanced.

[2020-04-05 12:32:34 #6 type] 
Type domain.User is not enhanced.

------------------------------------------------------------------------------------------------------------------------

[2020-04-05 12:38:47 #1 store] 
Database 'C:\Users\aimar\git\GitNoFunciona\BestMain\resources\bets.temp' is opened by 15396@DESKTOP-AQBPSJR

[2020-04-05 12:38:47 #2 type] 
Type domain.Question is not enhanced.

[2020-04-05 12:38:47 #3 type] 
Type domain.Event is not enhanced.

[2020-04-05 12:38:47 #4 type] 
Type domain.Pronostico is not enhanced.

[2020-04-05 12:38:47 #5 type] 
Type domain.Apuesta is not enhanced.

[2020-04-05 12:38:47 #6 type] 
Type domain.User is not enhanced.

------------------------------------------------------------------------------------------------------------------------

[2020-04-05 12:39:36 #1 store] 
Database 'C:\Users\aimar\git\GitNoFunciona\BestMain\resources\bets.temp' has been recovered (tr. 18-18)

[2020-04-05 12:39:36 #2 store] 
Database 'C:\Users\aimar\git\GitNoFunciona\BestMain\resources\bets.temp' is opened by 6044@DESKTOP-AQBPSJR

[2020-04-05 12:39:36 #3 type] 
Type domain.Question is not enhanced.

[2020-04-05 12:39:36 #4 type] 
Type domain.Event is not enhanced.

[2020-04-05 12:39:36 #5 type] 
Type domain.Pronostico is not enhanced.

[2020-04-05 12:39:36 #6 type] 
Type domain.Apuesta is not enhanced.

[2020-04-05 12:39:36 #7 type] 
Type domain.User is not enhanced.

------------------------------------------------------------------------------------------------------------------------

[2020-04-05 12:50:37 #1 store] 
Database 'C:\Users\aimar\git\GitNoFunciona\BestMain\resources\bets.temp' is opened by 2500@DESKTOP-AQBPSJR

[2020-04-05 12:50:37 #2 type] 
Type domain.Question is not enhanced.

[2020-04-05 12:50:37 #3 type] 
Type domain.Event is not enhanced.

[2020-04-05 12:50:37 #4 type] 
Type domain.Pronostico is not enhanced.

[2020-04-05 12:50:37 #5 type] 
Type domain.Apuesta is not enhanced.

[2020-04-05 12:50:37 #6 type] 
Type domain.User is not enhanced.

------------------------------------------------------------------------------------------------------------------------

[2020-04-05 15:34:16 #1 store] 
Database 'C:\Users\aimar\git\GitNoFunciona\BestMain\resources\bets.temp' has been recovered (tr. 19-19)

[2020-04-05 15:34:16 #2 store] 
Database 'C:\Users\aimar\git\GitNoFunciona\BestMain\resources\bets.temp' is opened by 11672@DESKTOP-AQBPSJR

[2020-04-05 15:34:16 #3 type] 
Type domain.Question is not enhanced.

[2020-04-05 15:34:16 #4 type] 
Type domain.Event is not enhanced.

[2020-04-05 15:34:16 #5 type] 
Type domain.Pronostico is not enhanced.

[2020-04-05 15:34:16 #6 type] 
Type domain.Apuesta is not enhanced.

[2020-04-05 15:34:16 #7 type] 
Type domain.User is not enhanced.

------------------------------------------------------------------------------------------------------------------------

[2020-04-05 15:35:09 #1 store] 
Database 'C:\Users\aimar\git\GitNoFunciona\BestMain\resources\bets.temp' is opened by 18544@DESKTOP-AQBPSJR

[2020-04-05 15:35:09 #2 type] 
Type domain.Question is not enhanced.

[2020-04-05 15:35:09 #3 type] 
Type domain.Event is not enhanced.

[2020-04-05 15:35:09 #4 type] 
Type domain.Pronostico is not enhanced.

[2020-04-05 15:35:09 #5 type] 
Type domain.Apuesta is not enhanced.

[2020-04-05 15:35:09 #6 type] 
Type domain.User is not enhanced.

------------------------------------------------------------------------------------------------------------------------

[2020-04-05 15:38:10 #1 store] 
Database 'C:\Users\aimar\git\GitNoFunciona\BestMain\resources\bets.temp' has been recovered (tr. 20-20)

[2020-04-05 15:38:10 #2 store] 
Database 'C:\Users\aimar\git\GitNoFunciona\BestMain\resources\bets.temp' is opened by 6388@DESKTOP-AQBPSJR

[2020-04-05 15:38:10 #3 type] 
Type domain.Question is not enhanced.

[2020-04-05 15:38:10 #4 type] 
Type domain.Event is not enhanced.

[2020-04-05 15:38:10 #5 type] 
Type domain.Pronostico is not enhanced.

[2020-04-05 15:38:10 #6 type] 
Type domain.Apuesta is not enhanced.

[2020-04-05 15:38:10 #7 type] 
Type domain.User is not enhanced.

------------------------------------------------------------------------------------------------------------------------

[2020-04-05 15:41:18 #1 store] 
Database 'C:\Users\aimar\git\GitNoFunciona\BestMain\resources\bets.temp' is opened by 19320@DESKTOP-AQBPSJR

[2020-04-05 15:41:18 #2 type.registry] 
New type domain.Event

[2020-04-05 15:41:18 #3 type] 
Type domain.Event is not enhanced.

[2020-04-05 15:41:18 #4 type.registry] 
New type domain.Question

[2020-04-05 15:41:18 #5 type.registry] 
New type java.util.Vector<domain.Question>

[2020-04-05 15:41:18 #6 type] 
Type domain.Question is not enhanced.

[2020-04-05 15:41:18 #7 type.registry] 
New type domain.Pronostico

[2020-04-05 15:41:18 #8 type] 
Type domain.Pronostico is not enhanced.

[2020-04-05 15:41:18 #9 type.registry] 
New type domain.Apuesta

[2020-04-05 15:41:18 #10 type] 
Type domain.Apuesta is not enhanced.

[2020-04-05 15:41:18 #11 type.registry] 
New type domain.User

[2020-04-05 15:41:18 #12 type] 
Type domain.User is not enhanced.

[2020-04-05 15:41:18 #13 type.registry] 
New type java.util.ArrayList<domain.Apuesta>

[2020-04-05 15:42:24 #14 type.registry] 
New type java.util.ArrayList<java.lang.Object>

------------------------------------------------------------------------------------------------------------------------

[2020-04-05 15:43:48 #1 store] 
Database 'C:\Users\aimar\git\GitNoFunciona\BestMain\resources\bets.temp' is opened by 2720@DESKTOP-AQBPSJR

[2020-04-05 15:43:49 #2 type.registry] 
New type domain.Question

[2020-04-05 15:43:49 #3 type] 
Type domain.Question is not enhanced.

[2020-04-05 15:43:49 #4 type.registry] 
New type domain.Event

[2020-04-05 15:43:49 #5 type.registry] 
New type domain.Pronostico

[2020-04-05 15:43:49 #6 type] 
Type domain.Event is not enhanced.

[2020-04-05 15:43:49 #7 type.registry] 
New type java.util.Vector<domain.Question>

[2020-04-05 15:43:49 #8 type] 
Type domain.Pronostico is not enhanced.

[2020-04-05 15:43:49 #9 type.registry] 
New type domain.Apuesta

[2020-04-05 15:43:49 #10 type] 
Type domain.Apuesta is not enhanced.

[2020-04-05 15:43:49 #11 type.registry] 
New type domain.User

[2020-04-05 15:43:49 #12 type] 
Type domain.User is not enhanced.

[2020-04-05 15:43:49 #13 type.registry] 
New type java.util.ArrayList<domain.Apuesta>

[2020-04-05 15:43:49 #14 type.registry] 
New type java.util.Vector<java.lang.Object>

[2020-04-05 15:43:49 #15 type.registry] 
New type java.util.ArrayList<java.lang.Object>

[2020-04-05 15:43:49 #16 type.registry] 
New type java.util.Vector<domain.Pronostico>

[2020-04-05 15:43:49 #17 type.registry] 
New type java.util.Vector<domain.Apuesta>

------------------------------------------------------------------------------------------------------------------------

[2020-04-05 15:55:10 #1 store] 
Database 'C:\Users\aimar\git\GitNoFunciona\BestMain\resources\bets.temp' has been recovered (tr. 1-8)

[2020-04-05 15:55:10 #2 store] 
Database 'C:\Users\aimar\git\GitNoFunciona\BestMain\resources\bets.temp' is opened by 2136@DESKTOP-AQBPSJR

[2020-04-05 15:55:10 #3 type] 
Type domain.Question is not enhanced.

[2020-04-05 15:55:10 #4 type] 
Type domain.Event is not enhanced.

[2020-04-05 15:55:10 #5 type] 
Type domain.Pronostico is not enhanced.

[2020-04-05 15:55:10 #6 type] 
Type domain.Apuesta is not enhanced.

[2020-04-05 15:55:10 #7 type] 
Type domain.User is not enhanced.

------------------------------------------------------------------------------------------------------------------------

[2020-04-05 16:02:02 #1 store] 
Database 'C:\Users\aimar\git\GitNoFunciona\BestMain\resources\bets.temp' is opened by 17372@DESKTOP-AQBPSJR

[2020-04-05 16:02:02 #2 type] 
Type domain.Question is not enhanced.

[2020-04-05 16:02:02 #3 type] 
Type domain.Event is not enhanced.

[2020-04-05 16:02:02 #4 type] 
Type domain.Pronostico is not enhanced.

[2020-04-05 16:02:02 #5 type] 
Type domain.Apuesta is not enhanced.

[2020-04-05 16:02:02 #6 type] 
Type domain.User is not enhanced.

------------------------------------------------------------------------------------------------------------------------

[2020-04-05 16:04:19 #1 store] 
Database 'C:\Users\aimar\git\GitNoFunciona\BestMain\resources\bets.temp' is opened by 16880@DESKTOP-AQBPSJR

[2020-04-05 16:04:19 #2 type] 
Type domain.Question is not enhanced.

[2020-04-05 16:04:19 #3 type] 
Type domain.Event is not enhanced.

[2020-04-05 16:04:19 #4 type] 
Type domain.Pronostico is not enhanced.

[2020-04-05 16:04:19 #5 type] 
Type domain.Apuesta is not enhanced.

[2020-04-05 16:04:19 #6 type] 
Type domain.User is not enhanced.

------------------------------------------------------------------------------------------------------------------------

[2020-04-05 16:05:20 #1 store] 
Database 'C:\Users\aimar\git\GitNoFunciona\BestMain\resources\bets.temp' is opened by 19128@DESKTOP-AQBPSJR

[2020-04-05 16:05:20 #2 type] 
Type domain.Question is not enhanced.

[2020-04-05 16:05:20 #3 type] 
Type domain.Event is not enhanced.

[2020-04-05 16:05:20 #4 type] 
Type domain.Pronostico is not enhanced.

[2020-04-05 16:05:20 #5 type] 
Type domain.Apuesta is not enhanced.

[2020-04-05 16:05:20 #6 type] 
Type domain.User is not enhanced.

------------------------------------------------------------------------------------------------------------------------

[2020-04-05 16:06:18 #1 store] 
Database 'C:\Users\aimar\git\GitNoFunciona\BestMain\resources\bets.temp' is opened by 17048@DESKTOP-AQBPSJR

[2020-04-05 16:06:18 #2 type] 
Type domain.Question is not enhanced.

[2020-04-05 16:06:18 #3 type] 
Type domain.Event is not enhanced.

[2020-04-05 16:06:18 #4 type] 
Type domain.Pronostico is not enhanced.

[2020-04-05 16:06:18 #5 type] 
Type domain.Apuesta is not enhanced.

[2020-04-05 16:06:18 #6 type] 
Type domain.User is not enhanced.

------------------------------------------------------------------------------------------------------------------------

[2020-04-05 16:08:30 #1 store] 
Database 'C:\Users\aimar\git\GitNoFunciona\BestMain\resources\bets.temp' is opened by 19072@DESKTOP-AQBPSJR

[2020-04-05 16:08:30 #2 type] 
Type domain.Question is not enhanced.

[2020-04-05 16:08:30 #3 type] 
Type domain.Event is not enhanced.

[2020-04-05 16:08:30 #4 type] 
Type domain.Pronostico is not enhanced.

[2020-04-05 16:08:30 #5 type] 
Type domain.Apuesta is not enhanced.

[2020-04-05 16:08:30 #6 type] 
Type domain.User is not enhanced.

------------------------------------------------------------------------------------------------------------------------

[2020-04-05 16:19:48 #1 store] 
Database 'C:\Users\aimar\git\GitNoFunciona\BestMain\resources\bets.temp' is opened by 18716@DESKTOP-AQBPSJR

[2020-04-05 16:19:48 #2 type.registry] 
New type domain.Question

[2020-04-05 16:19:48 #3 type] 
Type domain.Question is not enhanced.

[2020-04-05 16:19:48 #4 type.registry] 
New type domain.Event

[2020-04-05 16:19:48 #5 type.registry] 
New type domain.Pronostico

[2020-04-05 16:19:48 #6 type] 
Type domain.Event is not enhanced.

[2020-04-05 16:19:48 #7 type.registry] 
New type java.util.Vector<domain.Question>

[2020-04-05 16:19:48 #8 type] 
Type domain.Pronostico is not enhanced.

[2020-04-05 16:19:48 #9 type.registry] 
New type domain.Apuesta

[2020-04-05 16:19:48 #10 type] 
Type domain.Apuesta is not enhanced.

[2020-04-05 16:19:48 #11 type.registry] 
New type domain.User

[2020-04-05 16:19:48 #12 type] 
Type domain.User is not enhanced.

[2020-04-05 16:19:48 #13 type.registry] 
New type java.util.ArrayList<domain.Apuesta>

[2020-04-05 16:19:48 #14 type.registry] 
New type java.util.Vector<java.lang.Object>

[2020-04-05 16:19:48 #15 type.registry] 
New type java.util.ArrayList<java.lang.Object>

[2020-04-05 16:19:48 #16 type.registry] 
New type java.util.Vector<domain.Pronostico>

[2020-04-05 16:19:48 #17 type.registry] 
New type java.util.Vector<domain.Apuesta>

------------------------------------------------------------------------------------------------------------------------

[2020-04-05 16:23:53 #1 store] 
Database 'C:\Users\aimar\git\GitNoFunciona\BestMain\resources\bets.temp' has been recovered (tr. 1-12)

[2020-04-05 16:23:53 #2 store] 
Database 'C:\Users\aimar\git\GitNoFunciona\BestMain\resources\bets.temp' is opened by 6404@DESKTOP-AQBPSJR

[2020-04-05 16:23:53 #3 type] 
Type domain.Question is not enhanced.

[2020-04-05 16:23:54 #4 type] 
Type domain.Event is not enhanced.

[2020-04-05 16:23:54 #5 type] 
Type domain.Pronostico is not enhanced.

[2020-04-05 16:23:54 #6 type] 
Type domain.Apuesta is not enhanced.

[2020-04-05 16:23:54 #7 type] 
Type domain.User is not enhanced.

------------------------------------------------------------------------------------------------------------------------

[2020-04-05 16:25:52 #1 store] 
Database 'C:\Users\aimar\git\GitNoFunciona\BestMain\resources\bets.temp' is opened by 11144@DESKTOP-AQBPSJR

[2020-04-05 16:25:52 #2 type] 
Type domain.Question is not enhanced.

[2020-04-05 16:25:52 #3 type] 
Type domain.Event is not enhanced.

[2020-04-05 16:25:52 #4 type] 
Type domain.Pronostico is not enhanced.

[2020-04-05 16:25:52 #5 type] 
Type domain.Apuesta is not enhanced.

[2020-04-05 16:25:52 #6 type] 
Type domain.User is not enhanced.

------------------------------------------------------------------------------------------------------------------------

[2020-04-05 16:34:43 #1 store] 
Database 'C:\Users\aimar\git\GitNoFunciona\BestMain\resources\bets.temp' has been recovered (tr. 13-16)

[2020-04-05 16:34:43 #2 store] 
Database 'C:\Users\aimar\git\GitNoFunciona\BestMain\resources\bets.temp' is opened by 4596@DESKTOP-AQBPSJR

[2020-04-05 16:34:43 #3 type] 
Type domain.Question is not enhanced.

[2020-04-05 16:34:43 #4 type] 
Type domain.Event is not enhanced.

[2020-04-05 16:34:43 #5 type] 
Type domain.Pronostico is not enhanced.

[2020-04-05 16:34:43 #6 type] 
Type domain.Apuesta is not enhanced.

[2020-04-05 16:34:43 #7 type] 
Type domain.User is not enhanced.

------------------------------------------------------------------------------------------------------------------------

[2020-04-05 16:41:27 #1 store] 
Database 'C:\Users\aimar\git\GitNoFunciona\BestMain\resources\bets.temp' has been recovered (tr. 17-28)

[2020-04-05 16:41:27 #2 store] 
Database 'C:\Users\aimar\git\GitNoFunciona\BestMain\resources\bets.temp' is opened by 16728@DESKTOP-AQBPSJR

[2020-04-05 16:41:27 #3 type] 
Type domain.Question is not enhanced.

[2020-04-05 16:41:27 #4 type] 
Type domain.Event is not enhanced.

[2020-04-05 16:41:27 #5 type] 
Type domain.Pronostico is not enhanced.

[2020-04-05 16:41:27 #6 type] 
Type domain.Apuesta is not enhanced.

[2020-04-05 16:41:27 #7 type] 
Type domain.User is not enhanced.

------------------------------------------------------------------------------------------------------------------------

[2020-04-05 16:42:15 #1 store] 
Database 'C:\Users\aimar\git\GitNoFunciona\BestMain\resources\bets.temp' has been recovered (tr. 29-32)

[2020-04-05 16:42:16 #2 store] 
Database 'C:\Users\aimar\git\GitNoFunciona\BestMain\resources\bets.temp' is opened by 19400@DESKTOP-AQBPSJR

[2020-04-05 16:42:16 #3 type] 
Type domain.Question is not enhanced.

[2020-04-05 16:42:16 #4 type] 
Type domain.Event is not enhanced.

[2020-04-05 16:42:16 #5 type] 
Type domain.Pronostico is not enhanced.

[2020-04-05 16:42:16 #6 type] 
Type domain.Apuesta is not enhanced.

[2020-04-05 16:42:16 #7 type] 
Type domain.User is not enhanced.

------------------------------------------------------------------------------------------------------------------------

[2020-04-05 16:53:43 #1 store] 
Database 'C:\Users\aimar\git\GitNoFunciona\BestMain\resources\bets.temp' has been recovered (tr. 33-33)

[2020-04-05 16:53:43 #2 store] 
Database 'C:\Users\aimar\git\GitNoFunciona\BestMain\resources\bets.temp' is opened by 6612@DESKTOP-AQBPSJR

[2020-04-05 16:53:43 #3 type] 
Type domain.Question is not enhanced.

[2020-04-05 16:53:43 #4 type] 
Type domain.Event is not enhanced.

[2020-04-05 16:53:43 #5 type] 
Type domain.Pronostico is not enhanced.

[2020-04-05 16:53:43 #6 type] 
Type domain.Apuesta is not enhanced.

[2020-04-05 16:53:43 #7 type] 
Type domain.User is not enhanced.

------------------------------------------------------------------------------------------------------------------------

[2020-04-05 16:55:04 #1 store] 
Database 'C:\Users\aimar\git\GitNoFunciona\BestMain\resources\bets.temp' is opened by 15140@DESKTOP-AQBPSJR

[2020-04-05 16:55:04 #2 type] 
Type domain.Question is not enhanced.

[2020-04-05 16:55:04 #3 type] 
Type domain.Event is not enhanced.

[2020-04-05 16:55:04 #4 type] 
Type domain.Pronostico is not enhanced.

[2020-04-05 16:55:04 #5 type] 
Type domain.Apuesta is not enhanced.

[2020-04-05 16:55:04 #6 type] 
Type domain.User is not enhanced.

------------------------------------------------------------------------------------------------------------------------

[2020-04-05 16:56:40 #1 store] 
Database 'C:\Users\aimar\git\GitNoFunciona\BestMain\resources\bets.temp' has been recovered (tr. 34-34)

[2020-04-05 16:56:40 #2 store] 
Database 'C:\Users\aimar\git\GitNoFunciona\BestMain\resources\bets.temp' is opened by 10408@DESKTOP-AQBPSJR

[2020-04-05 16:56:40 #3 type] 
Type domain.Question is not enhanced.

[2020-04-05 16:56:40 #4 type] 
Type domain.Event is not enhanced.

[2020-04-05 16:56:40 #5 type] 
Type domain.Pronostico is not enhanced.

[2020-04-05 16:56:40 #6 type] 
Type domain.Apuesta is not enhanced.

[2020-04-05 16:56:40 #7 type] 
Type domain.User is not enhanced.

------------------------------------------------------------------------------------------------------------------------

[2020-04-05 17:00:14 #1 store] 
Database 'C:\Users\aimar\git\GitNoFunciona\BestMain\resources\bets.temp' has been recovered (tr. 35-40)

[2020-04-05 17:00:14 #2 store] 
Database 'C:\Users\aimar\git\GitNoFunciona\BestMain\resources\bets.temp' is opened by 1784@DESKTOP-AQBPSJR

[2020-04-05 17:00:15 #3 type] 
Type domain.Question is not enhanced.

[2020-04-05 17:00:15 #4 type] 
Type domain.Event is not enhanced.

[2020-04-05 17:00:15 #5 type] 
Type domain.Pronostico is not enhanced.

[2020-04-05 17:00:15 #6 type] 
Type domain.Apuesta is not enhanced.

[2020-04-05 17:00:15 #7 type] 
Type domain.User is not enhanced.

------------------------------------------------------------------------------------------------------------------------

[2020-04-05 17:09:31 #1 store] 
Database 'C:\Users\aimar\git\GitNoFunciona\BestMain\resources\bets.temp' has been recovered (tr. 41-56)

[2020-04-05 17:09:31 #2 store] 
Database 'C:\Users\aimar\git\GitNoFunciona\BestMain\resources\bets.temp' is opened by 13796@DESKTOP-AQBPSJR

[2020-04-05 17:09:31 #3 type] 
Type domain.Question is not enhanced.

[2020-04-05 17:09:31 #4 type] 
Type domain.Event is not enhanced.

[2020-04-05 17:09:31 #5 type] 
Type domain.Pronostico is not enhanced.

[2020-04-05 17:09:31 #6 type] 
Type domain.Apuesta is not enhanced.

[2020-04-05 17:09:31 #7 type] 
Type domain.User is not enhanced.

------------------------------------------------------------------------------------------------------------------------

[2020-04-05 17:23:24 #1 store] 
Database 'C:\Users\aimar\git\GitNoFunciona\BestMain\resources\bets.temp' has been recovered (tr. 57-66)

[2020-04-05 17:23:24 #2 store] 
Database 'C:\Users\aimar\git\GitNoFunciona\BestMain\resources\bets.temp' is opened by 5236@DESKTOP-AQBPSJR

[2020-04-05 17:23:24 #3 type] 
Type domain.Question is not enhanced.

[2020-04-05 17:23:24 #4 type] 
Type domain.Event is not enhanced.

[2020-04-05 17:23:24 #5 type] 
Type domain.Pronostico is not enhanced.

[2020-04-05 17:23:24 #6 type] 
Type domain.Apuesta is not enhanced.

[2020-04-05 17:23:24 #7 type] 
Type domain.User is not enhanced.

------------------------------------------------------------------------------------------------------------------------

[2020-04-05 17:28:15 #1 store] 
Database 'C:\Users\aimar\git\GitNoFunciona\BestMain\resources\bets.temp' has been recovered (tr. 67-73)

[2020-04-05 17:28:15 #2 store] 
Database 'C:\Users\aimar\git\GitNoFunciona\BestMain\resources\bets.temp' is opened by 15296@DESKTOP-AQBPSJR

[2020-04-05 17:28:16 #3 type] 
Type domain.Question is not enhanced.

[2020-04-05 17:28:16 #4 type] 
Type domain.Event is not enhanced.

[2020-04-05 17:28:16 #5 type] 
Type domain.Pronostico is not enhanced.

[2020-04-05 17:28:16 #6 type] 
Type domain.Apuesta is not enhanced.

[2020-04-05 17:28:16 #7 type] 
Type domain.User is not enhanced.

------------------------------------------------------------------------------------------------------------------------

[2020-04-05 17:30:05 #1 store] 
Database 'C:\Users\aimar\git\GitNoFunciona\BestMain\resources\bets.temp' has been recovered (tr. 74-78)

[2020-04-05 17:30:05 #2 store] 
Database 'C:\Users\aimar\git\GitNoFunciona\BestMain\resources\bets.temp' is opened by 17224@DESKTOP-AQBPSJR

[2020-04-05 17:30:06 #3 type] 
Type domain.Question is not enhanced.

[2020-04-05 17:30:06 #4 type] 
Type domain.Event is not enhanced.

[2020-04-05 17:30:06 #5 type] 
Type domain.Pronostico is not enhanced.

[2020-04-05 17:30:06 #6 type] 
Type domain.Apuesta is not enhanced.

[2020-04-05 17:30:06 #7 type] 
Type domain.User is not enhanced.

