------------------------------------------------------------------------------------------------------------------------

[2020-10-19 08:59:16 #1 store] 
Database 'C:\Users\USER\git\IS2\BestMain\resources\bets.temp' is opened by 4164@DESKTOP-1O96UFS

[2020-10-19 08:59:16 #2 type.registry] 
New type domain.User

[2020-10-19 08:59:16 #3 type] 
Type domain.User is not enhanced.

[2020-10-19 08:59:16 #4 type.registry] 
New type domain.Ajustes

[2020-10-19 08:59:16 #5 type.registry] 
New type domain.Notification

[2020-10-19 08:59:16 #6 type.registry] 
New type domain.Publication

[2020-10-19 08:59:16 #7 type.registry] 
New type domain.Apuesta

[2020-10-19 08:59:16 #8 type.registry] 
New type domain.Copia

[2020-10-19 08:59:16 #9 type] 
Type domain.Ajustes is not enhanced.

[2020-10-19 08:59:16 #10 type] 
Type domain.Notification is not enhanced.

[2020-10-19 08:59:16 #11 type] 
Type domain.Publication is not enhanced.

[2020-10-19 08:59:16 #12 type] 
Type domain.Apuesta is not enhanced.

[2020-10-19 08:59:16 #13 type.registry] 
New type domain.Pronostico

[2020-10-19 08:59:16 #14 type] 
Type domain.Copia is not enhanced.

[2020-10-19 08:59:16 #15 type] 
Type domain.Pronostico is not enhanced.

[2020-10-19 08:59:16 #16 type.registry] 
New type domain.Question

[2020-10-19 08:59:16 #17 type] 
Type domain.Question is not enhanced.

[2020-10-19 08:59:16 #18 type.registry] 
New type domain.Event

[2020-10-19 08:59:16 #19 type] 
Type domain.Event is not enhanced.

[2020-10-19 08:59:16 #20 type.registry] 
New type domain.Equipo

[2020-10-19 08:59:16 #21 type] 
Type domain.Equipo is not enhanced.

[2020-10-19 08:59:16 #22 type.registry] 
New type java.util.ArrayList<java.lang.Object>

[2020-10-19 08:59:16 #23 type.registry] 
New type java.util.ArrayList<domain.Apuesta>

[2020-10-19 08:59:16 #24 type.registry] 
New type java.util.ArrayList<domain.Question>

[2020-10-19 08:59:16 #25 type.registry] 
New type java.util.ArrayList<domain.Pronostico>

