------------------------------------------------------------------------------------------------------------------------

[2020-03-18 23:27:27 #1 store] 
Database 'C:\Users\enely\git\GitNoFunciona\BestMain\resources\bets.temp' is opened by 13600@DESKTOP-3PB38CT

[2020-03-18 23:27:30 #2 type.registry] 
New type domain.Question

[2020-03-18 23:27:30 #3 type] 
Type domain.Question is not enhanced.

[2020-03-18 23:27:30 #4 type.registry] 
New type domain.Event

[2020-03-18 23:27:30 #5 type.registry] 
New type domain.Pronostico

[2020-03-18 23:27:30 #6 type] 
Type domain.Event is not enhanced.

[2020-03-18 23:27:30 #7 type.registry] 
New type java.util.Vector<domain.Question>

[2020-03-18 23:27:30 #8 type] 
Type domain.Pronostico is not enhanced.

[2020-03-18 23:27:30 #9 type.registry] 
New type domain.User

[2020-03-18 23:27:30 #10 type] 
Type domain.User is not enhanced.

[2020-03-18 23:27:30 #11 type.registry] 
New type domain.Apuesta

[2020-03-18 23:27:30 #12 type.registry] 
New type java.util.ArrayList<domain.Apuesta>

[2020-03-18 23:27:30 #13 type] 
Type domain.Apuesta is not enhanced.

[2020-03-18 23:27:30 #14 type.registry] 
New type java.util.Vector<java.lang.Object>

[2020-03-18 23:27:30 #15 type.registry] 
New type java.util.ArrayList<java.lang.Object>

------------------------------------------------------------------------------------------------------------------------

[2020-03-18 23:29:04 #1 store] 
Database 'C:\Users\enely\git\GitNoFunciona\BestMain\resources\bets.temp' is opened by 11480@DESKTOP-3PB38CT

[2020-03-18 23:29:04 #2 type.registry] 
New type domain.Question

[2020-03-18 23:29:04 #3 type] 
Type domain.Question is not enhanced.

[2020-03-18 23:29:04 #4 type.registry] 
New type domain.Event

[2020-03-18 23:29:04 #5 type.registry] 
New type domain.Pronostico

[2020-03-18 23:29:04 #6 type] 
Type domain.Event is not enhanced.

[2020-03-18 23:29:04 #7 type.registry] 
New type java.util.Vector<domain.Question>

[2020-03-18 23:29:04 #8 type] 
Type domain.Pronostico is not enhanced.

[2020-03-18 23:29:04 #9 type.registry] 
New type domain.User

[2020-03-18 23:29:04 #10 type] 
Type domain.User is not enhanced.

[2020-03-18 23:29:04 #11 type.registry] 
New type domain.Apuesta

[2020-03-18 23:29:04 #12 type.registry] 
New type java.util.ArrayList<domain.Apuesta>

[2020-03-18 23:29:04 #13 type] 
Type domain.Apuesta is not enhanced.

[2020-03-18 23:29:04 #14 type.registry] 
New type java.util.Vector<java.lang.Object>

[2020-03-18 23:29:04 #15 type.registry] 
New type java.util.ArrayList<java.lang.Object>

------------------------------------------------------------------------------------------------------------------------

[2020-03-18 23:32:20 #1 store] 
Database 'C:\Users\enely\git\GitNoFunciona\BestMain\resources\bets.temp' is opened by 12772@DESKTOP-3PB38CT

[2020-03-18 23:32:20 #2 type.registry] 
New type domain.Question

[2020-03-18 23:32:20 #3 type] 
Type domain.Question is not enhanced.

[2020-03-18 23:32:20 #4 type.registry] 
New type domain.Event

[2020-03-18 23:32:20 #5 type.registry] 
New type domain.Pronostico

[2020-03-18 23:32:20 #6 type] 
Type domain.Event is not enhanced.

[2020-03-18 23:32:20 #7 type.registry] 
New type java.util.Vector<domain.Question>

[2020-03-18 23:32:20 #8 type] 
Type domain.Pronostico is not enhanced.

[2020-03-18 23:32:20 #9 type.registry] 
New type domain.User

[2020-03-18 23:32:20 #10 type] 
Type domain.User is not enhanced.

[2020-03-18 23:32:20 #11 type.registry] 
New type domain.Apuesta

[2020-03-18 23:32:20 #12 type.registry] 
New type java.util.ArrayList<domain.Apuesta>

[2020-03-18 23:32:20 #13 type] 
Type domain.Apuesta is not enhanced.

[2020-03-18 23:32:20 #14 type.registry] 
New type java.util.Vector<java.lang.Object>

[2020-03-18 23:32:20 #15 type.registry] 
New type java.util.ArrayList<java.lang.Object>

------------------------------------------------------------------------------------------------------------------------

[2020-03-18 23:33:23 #1 store] 
Database 'C:\Users\enely\git\GitNoFunciona\BestMain\resources\bets.temp' is opened by 8536@DESKTOP-3PB38CT

[2020-03-18 23:33:23 #2 type.registry] 
New type domain.Question

[2020-03-18 23:33:23 #3 type] 
Type domain.Question is not enhanced.

[2020-03-18 23:33:23 #4 type.registry] 
New type domain.Event

[2020-03-18 23:33:23 #5 type.registry] 
New type domain.Pronostico

[2020-03-18 23:33:23 #6 type] 
Type domain.Event is not enhanced.

[2020-03-18 23:33:23 #7 type.registry] 
New type java.util.Vector<domain.Question>

[2020-03-18 23:33:23 #8 type] 
Type domain.Pronostico is not enhanced.

[2020-03-18 23:33:23 #9 type.registry] 
New type domain.User

[2020-03-18 23:33:23 #10 type] 
Type domain.User is not enhanced.

[2020-03-18 23:33:23 #11 type.registry] 
New type domain.Apuesta

[2020-03-18 23:33:23 #12 type.registry] 
New type java.util.ArrayList<domain.Apuesta>

[2020-03-18 23:33:23 #13 type] 
Type domain.Apuesta is not enhanced.

[2020-03-18 23:33:23 #14 type.registry] 
New type java.util.Vector<java.lang.Object>

[2020-03-18 23:33:23 #15 type.registry] 
New type java.util.ArrayList<java.lang.Object>

------------------------------------------------------------------------------------------------------------------------

[2020-03-18 23:34:29 #1 store] 
Database 'C:\Users\enely\git\GitNoFunciona\BestMain\resources\bets.temp' is opened by 2688@DESKTOP-3PB38CT

[2020-03-18 23:34:29 #2 type.registry] 
New type domain.Question

[2020-03-18 23:34:29 #3 type] 
Type domain.Question is not enhanced.

[2020-03-18 23:34:29 #4 type.registry] 
New type domain.Event

[2020-03-18 23:34:29 #5 type.registry] 
New type domain.Pronostico

[2020-03-18 23:34:29 #6 type] 
Type domain.Event is not enhanced.

[2020-03-18 23:34:29 #7 type.registry] 
New type java.util.Vector<domain.Question>

[2020-03-18 23:34:29 #8 type] 
Type domain.Pronostico is not enhanced.

[2020-03-18 23:34:29 #9 type.registry] 
New type domain.User

[2020-03-18 23:34:29 #10 type] 
Type domain.User is not enhanced.

[2020-03-18 23:34:29 #11 type.registry] 
New type domain.Apuesta

[2020-03-18 23:34:29 #12 type.registry] 
New type java.util.ArrayList<domain.Apuesta>

[2020-03-18 23:34:29 #13 type] 
Type domain.Apuesta is not enhanced.

[2020-03-18 23:34:29 #14 type.registry] 
New type java.util.Vector<java.lang.Object>

[2020-03-18 23:34:29 #15 type.registry] 
New type java.util.ArrayList<java.lang.Object>

------------------------------------------------------------------------------------------------------------------------

[2020-03-18 23:35:33 #1 store] 
Database 'C:\Users\enely\git\GitNoFunciona\BestMain\resources\bets.temp' is opened by 6160@DESKTOP-3PB38CT

[2020-03-18 23:35:33 #2 type.registry] 
New type domain.Question

[2020-03-18 23:35:33 #3 type] 
Type domain.Question is not enhanced.

[2020-03-18 23:35:33 #4 type.registry] 
New type domain.Event

[2020-03-18 23:35:33 #5 type.registry] 
New type domain.Pronostico

[2020-03-18 23:35:33 #6 type] 
Type domain.Event is not enhanced.

[2020-03-18 23:35:33 #7 type.registry] 
New type java.util.Vector<domain.Question>

[2020-03-18 23:35:33 #8 type] 
Type domain.Pronostico is not enhanced.

[2020-03-18 23:35:33 #9 type.registry] 
New type domain.User

[2020-03-18 23:35:33 #10 type] 
Type domain.User is not enhanced.

[2020-03-18 23:35:33 #11 type.registry] 
New type domain.Apuesta

[2020-03-18 23:35:33 #12 type.registry] 
New type java.util.ArrayList<domain.Apuesta>

[2020-03-18 23:35:33 #13 type] 
Type domain.Apuesta is not enhanced.

[2020-03-18 23:35:33 #14 type.registry] 
New type java.util.Vector<java.lang.Object>

[2020-03-18 23:35:33 #15 type.registry] 
New type java.util.ArrayList<java.lang.Object>

------------------------------------------------------------------------------------------------------------------------

[2020-03-18 23:39:50 #1 store] 
Database 'C:\Users\enely\git\GitNoFunciona\BestMain\resources\bets.temp' is opened by 10052@DESKTOP-3PB38CT

[2020-03-18 23:39:50 #2 type.registry] 
New type domain.Question

[2020-03-18 23:39:50 #3 type] 
Type domain.Question is not enhanced.

[2020-03-18 23:39:50 #4 type.registry] 
New type domain.Event

[2020-03-18 23:39:50 #5 type.registry] 
New type domain.Pronostico

[2020-03-18 23:39:50 #6 type] 
Type domain.Event is not enhanced.

[2020-03-18 23:39:51 #7 type.registry] 
New type java.util.Vector<domain.Question>

[2020-03-18 23:39:51 #8 type] 
Type domain.Pronostico is not enhanced.

[2020-03-18 23:39:51 #9 type.registry] 
New type domain.User

[2020-03-18 23:39:51 #10 type] 
Type domain.User is not enhanced.

[2020-03-18 23:39:51 #11 type.registry] 
New type domain.Apuesta

[2020-03-18 23:39:51 #12 type.registry] 
New type java.util.ArrayList<domain.Apuesta>

[2020-03-18 23:39:51 #13 type] 
Type domain.Apuesta is not enhanced.

[2020-03-18 23:39:51 #14 type.registry] 
New type java.util.Vector<java.lang.Object>

[2020-03-18 23:39:51 #15 type.registry] 
New type java.util.ArrayList<java.lang.Object>

------------------------------------------------------------------------------------------------------------------------

[2020-03-18 23:41:13 #1 store] 
Database 'C:\Users\enely\git\GitNoFunciona\BestMain\resources\bets.temp' is opened by 8056@DESKTOP-3PB38CT

[2020-03-18 23:41:13 #2 type.registry] 
New type domain.Question

[2020-03-18 23:41:13 #3 type] 
Type domain.Question is not enhanced.

[2020-03-18 23:41:13 #4 type.registry] 
New type domain.Event

[2020-03-18 23:41:13 #5 type.registry] 
New type domain.Pronostico

[2020-03-18 23:41:13 #6 type] 
Type domain.Event is not enhanced.

[2020-03-18 23:41:13 #7 type.registry] 
New type java.util.Vector<domain.Question>

[2020-03-18 23:41:13 #8 type] 
Type domain.Pronostico is not enhanced.

[2020-03-18 23:41:13 #9 type.registry] 
New type domain.User

[2020-03-18 23:41:13 #10 type] 
Type domain.User is not enhanced.

[2020-03-18 23:41:13 #11 type.registry] 
New type domain.Apuesta

[2020-03-18 23:41:13 #12 type.registry] 
New type java.util.ArrayList<domain.Apuesta>

[2020-03-18 23:41:13 #13 type] 
Type domain.Apuesta is not enhanced.

[2020-03-18 23:41:13 #14 type.registry] 
New type java.util.Vector<java.lang.Object>

[2020-03-18 23:41:13 #15 type.registry] 
New type java.util.ArrayList<java.lang.Object>

