------------------------------------------------------------------------------------------------------------------------

[2020-03-26 00:01:30 #1 store] 
Database 'C:\Users\enely\git\GitNoFunciona\BestMain\resources\bets.temp' is opened by 7988@DESKTOP-3PB38CT

[2020-03-26 00:01:30 #2 type] 
Type domain.Question is not enhanced.

[2020-03-26 00:01:30 #3 type] 
Type domain.Event is not enhanced.

[2020-03-26 00:01:30 #4 type] 
Type domain.Pronostico is not enhanced.

[2020-03-26 00:01:30 #5 type] 
Type domain.User is not enhanced.

[2020-03-26 00:01:30 #6 type] 
Type domain.Apuesta is not enhanced.

------------------------------------------------------------------------------------------------------------------------

[2020-03-26 00:03:18 #1 store] 
Database 'C:\Users\enely\git\GitNoFunciona\BestMain\resources\bets.temp' is opened by 3240@DESKTOP-3PB38CT

[2020-03-26 00:03:18 #2 type] 
Type domain.Question is not enhanced.

[2020-03-26 00:03:18 #3 type] 
Type domain.Event is not enhanced.

[2020-03-26 00:03:18 #4 type] 
Type domain.Pronostico is not enhanced.

[2020-03-26 00:03:18 #5 type] 
Type domain.User is not enhanced.

[2020-03-26 00:03:18 #6 type] 
Type domain.Apuesta is not enhanced.

------------------------------------------------------------------------------------------------------------------------

[2020-03-26 00:04:16 #1 store] 
Database 'C:\Users\enely\git\GitNoFunciona\BestMain\resources\bets.temp' is opened by 12436@DESKTOP-3PB38CT

[2020-03-26 00:04:16 #2 type] 
Type domain.Question is not enhanced.

[2020-03-26 00:04:16 #3 type] 
Type domain.Event is not enhanced.

[2020-03-26 00:04:16 #4 type] 
Type domain.Pronostico is not enhanced.

[2020-03-26 00:04:16 #5 type] 
Type domain.User is not enhanced.

[2020-03-26 00:04:17 #6 type] 
Type domain.Apuesta is not enhanced.

------------------------------------------------------------------------------------------------------------------------

[2020-03-26 00:05:27 #1 store] 
Database 'C:\Users\enely\git\GitNoFunciona\BestMain\resources\bets.temp' is opened by 16656@DESKTOP-3PB38CT

[2020-03-26 00:05:27 #2 type] 
Type domain.Question is not enhanced.

[2020-03-26 00:05:27 #3 type] 
Type domain.Event is not enhanced.

[2020-03-26 00:05:27 #4 type] 
Type domain.Pronostico is not enhanced.

[2020-03-26 00:05:27 #5 type] 
Type domain.User is not enhanced.

[2020-03-26 00:05:27 #6 type] 
Type domain.Apuesta is not enhanced.

------------------------------------------------------------------------------------------------------------------------

[2020-03-26 00:06:01 #1 store] 
Database 'C:\Users\enely\git\GitNoFunciona\BestMain\resources\bets.temp' is opened by 10616@DESKTOP-3PB38CT

[2020-03-26 00:06:02 #2 type] 
Type domain.Question is not enhanced.

[2020-03-26 00:06:02 #3 type] 
Type domain.Event is not enhanced.

[2020-03-26 00:06:02 #4 type] 
Type domain.Pronostico is not enhanced.

[2020-03-26 00:06:02 #5 type] 
Type domain.User is not enhanced.

[2020-03-26 00:06:02 #6 type] 
Type domain.Apuesta is not enhanced.

------------------------------------------------------------------------------------------------------------------------

[2020-03-26 00:06:34 #1 store] 
Database 'C:\Users\enely\git\GitNoFunciona\BestMain\resources\bets.temp' is opened by 14564@DESKTOP-3PB38CT

[2020-03-26 00:06:34 #2 type] 
Type domain.Question is not enhanced.

[2020-03-26 00:06:34 #3 type] 
Type domain.Event is not enhanced.

[2020-03-26 00:06:34 #4 type] 
Type domain.Pronostico is not enhanced.

[2020-03-26 00:06:34 #5 type] 
Type domain.User is not enhanced.

[2020-03-26 00:06:34 #6 type] 
Type domain.Apuesta is not enhanced.

------------------------------------------------------------------------------------------------------------------------

[2020-03-26 00:07:32 #1 store] 
Database 'C:\Users\enely\git\GitNoFunciona\BestMain\resources\bets.temp' is opened by 15168@DESKTOP-3PB38CT

[2020-03-26 00:07:32 #2 type] 
Type domain.Question is not enhanced.

[2020-03-26 00:07:32 #3 type] 
Type domain.Event is not enhanced.

[2020-03-26 00:07:32 #4 type] 
Type domain.Pronostico is not enhanced.

[2020-03-26 00:07:32 #5 type] 
Type domain.User is not enhanced.

[2020-03-26 00:07:32 #6 type] 
Type domain.Apuesta is not enhanced.

------------------------------------------------------------------------------------------------------------------------

[2020-03-26 00:12:11 #1 store] 
Database 'C:\Users\enely\git\GitNoFunciona\BestMain\resources\bets.temp' is opened by 5972@DESKTOP-3PB38CT

[2020-03-26 00:12:11 #2 type] 
Type domain.Question is not enhanced.

[2020-03-26 00:12:11 #3 type] 
Type domain.Event is not enhanced.

[2020-03-26 00:12:11 #4 type] 
Type domain.Pronostico is not enhanced.

[2020-03-26 00:12:11 #5 type] 
Type domain.User is not enhanced.

[2020-03-26 00:12:11 #6 type] 
Type domain.Apuesta is not enhanced.

------------------------------------------------------------------------------------------------------------------------

[2020-03-26 00:13:28 #1 store] 
Database 'C:\Users\enely\git\GitNoFunciona\BestMain\resources\bets.temp' is opened by 1448@DESKTOP-3PB38CT

[2020-03-26 00:13:28 #2 type] 
Type domain.Question is not enhanced.

[2020-03-26 00:13:28 #3 type] 
Type domain.Event is not enhanced.

[2020-03-26 00:13:28 #4 type] 
Type domain.Pronostico is not enhanced.

[2020-03-26 00:13:28 #5 type] 
Type domain.User is not enhanced.

[2020-03-26 00:13:28 #6 type] 
Type domain.Apuesta is not enhanced.

------------------------------------------------------------------------------------------------------------------------

[2020-03-26 00:17:00 #1 store] 
Database 'C:\Users\enely\git\GitNoFunciona\BestMain\resources\bets.temp' is opened by 7028@DESKTOP-3PB38CT

[2020-03-26 00:17:00 #2 type] 
Type domain.Question is not enhanced.

[2020-03-26 00:17:00 #3 type] 
Type domain.Event is not enhanced.

[2020-03-26 00:17:00 #4 type] 
Type domain.Pronostico is not enhanced.

[2020-03-26 00:17:00 #5 type] 
Type domain.User is not enhanced.

[2020-03-26 00:17:00 #6 type] 
Type domain.Apuesta is not enhanced.

------------------------------------------------------------------------------------------------------------------------

[2020-03-26 00:17:50 #1 store] 
Database 'C:\Users\enely\git\GitNoFunciona\BestMain\resources\bets.temp' is opened by 8184@DESKTOP-3PB38CT

[2020-03-26 00:17:50 #2 type] 
Type domain.Question is not enhanced.

[2020-03-26 00:17:50 #3 type] 
Type domain.Event is not enhanced.

[2020-03-26 00:17:50 #4 type] 
Type domain.Pronostico is not enhanced.

[2020-03-26 00:17:50 #5 type] 
Type domain.User is not enhanced.

[2020-03-26 00:17:50 #6 type] 
Type domain.Apuesta is not enhanced.

------------------------------------------------------------------------------------------------------------------------

[2020-03-26 00:19:33 #1 store] 
Database 'C:\Users\enely\git\GitNoFunciona\BestMain\resources\bets.temp' is opened by 12344@DESKTOP-3PB38CT

[2020-03-26 00:19:33 #2 type] 
Type domain.Question is not enhanced.

[2020-03-26 00:19:33 #3 type] 
Type domain.Event is not enhanced.

[2020-03-26 00:19:33 #4 type] 
Type domain.Pronostico is not enhanced.

[2020-03-26 00:19:33 #5 type] 
Type domain.User is not enhanced.

[2020-03-26 00:19:33 #6 type] 
Type domain.Apuesta is not enhanced.

------------------------------------------------------------------------------------------------------------------------

[2020-03-26 00:20:05 #1 store] 
Database 'C:\Users\enely\git\GitNoFunciona\BestMain\resources\bets.temp' is opened by 11028@DESKTOP-3PB38CT

[2020-03-26 00:20:05 #2 type] 
Type domain.Question is not enhanced.

[2020-03-26 00:20:05 #3 type] 
Type domain.Event is not enhanced.

[2020-03-26 00:20:05 #4 type] 
Type domain.Pronostico is not enhanced.

[2020-03-26 00:20:05 #5 type] 
Type domain.User is not enhanced.

[2020-03-26 00:20:06 #6 type] 
Type domain.Apuesta is not enhanced.

------------------------------------------------------------------------------------------------------------------------

[2020-03-26 00:20:40 #1 store] 
Database 'C:\Users\enely\git\GitNoFunciona\BestMain\resources\bets.temp' is opened by 4652@DESKTOP-3PB38CT

[2020-03-26 00:20:40 #2 type] 
Type domain.Question is not enhanced.

[2020-03-26 00:20:40 #3 type] 
Type domain.Event is not enhanced.

[2020-03-26 00:20:40 #4 type] 
Type domain.Pronostico is not enhanced.

[2020-03-26 00:20:40 #5 type] 
Type domain.User is not enhanced.

[2020-03-26 00:20:40 #6 type] 
Type domain.Apuesta is not enhanced.

------------------------------------------------------------------------------------------------------------------------

[2020-03-26 00:22:21 #1 store] 
Database 'C:\Users\enely\git\GitNoFunciona\BestMain\resources\bets.temp' is opened by 16064@DESKTOP-3PB38CT

[2020-03-26 00:22:21 #2 type] 
Type domain.Question is not enhanced.

[2020-03-26 00:22:21 #3 type] 
Type domain.Event is not enhanced.

[2020-03-26 00:22:21 #4 type] 
Type domain.Pronostico is not enhanced.

[2020-03-26 00:22:21 #5 type] 
Type domain.User is not enhanced.

[2020-03-26 00:22:21 #6 type] 
Type domain.Apuesta is not enhanced.

------------------------------------------------------------------------------------------------------------------------

[2020-03-26 00:24:23 #1 store] 
Database 'C:\Users\enely\git\GitNoFunciona\BestMain\resources\bets.temp' is opened by 8492@DESKTOP-3PB38CT

[2020-03-26 00:24:23 #2 type] 
Type domain.Question is not enhanced.

[2020-03-26 00:24:23 #3 type] 
Type domain.Event is not enhanced.

[2020-03-26 00:24:23 #4 type] 
Type domain.Pronostico is not enhanced.

[2020-03-26 00:24:23 #5 type] 
Type domain.User is not enhanced.

[2020-03-26 00:24:23 #6 type] 
Type domain.Apuesta is not enhanced.

------------------------------------------------------------------------------------------------------------------------

[2020-03-26 00:27:10 #1 store] 
Database 'C:\Users\enely\git\GitNoFunciona\BestMain\resources\bets.temp' is opened by 16824@DESKTOP-3PB38CT

[2020-03-26 00:27:10 #2 type] 
Type domain.Question is not enhanced.

[2020-03-26 00:27:10 #3 type] 
Type domain.Event is not enhanced.

[2020-03-26 00:27:10 #4 type] 
Type domain.Pronostico is not enhanced.

[2020-03-26 00:27:10 #5 type] 
Type domain.User is not enhanced.

[2020-03-26 00:27:10 #6 type] 
Type domain.Apuesta is not enhanced.

------------------------------------------------------------------------------------------------------------------------

[2020-03-26 00:31:54 #1 store] 
Database 'C:\Users\enely\git\GitNoFunciona\BestMain\resources\bets.temp' has been recovered (tr. 11-11)

[2020-03-26 00:31:54 #2 store] 
Database 'C:\Users\enely\git\GitNoFunciona\BestMain\resources\bets.temp' is opened by 15396@DESKTOP-3PB38CT

[2020-03-26 00:31:54 #3 type] 
Type domain.Question is not enhanced.

[2020-03-26 00:31:54 #4 type] 
Type domain.Event is not enhanced.

[2020-03-26 00:31:54 #5 type] 
Type domain.Pronostico is not enhanced.

[2020-03-26 00:31:54 #6 type] 
Type domain.User is not enhanced.

[2020-03-26 00:31:54 #7 type] 
Type domain.Apuesta is not enhanced.

------------------------------------------------------------------------------------------------------------------------

[2020-03-26 00:34:23 #1 store] 
Database 'C:\Users\enely\git\GitNoFunciona\BestMain\resources\bets.temp' is opened by 396@DESKTOP-3PB38CT

[2020-03-26 00:34:23 #2 type] 
Type domain.Question is not enhanced.

[2020-03-26 00:34:23 #3 type] 
Type domain.Event is not enhanced.

[2020-03-26 00:34:23 #4 type] 
Type domain.Pronostico is not enhanced.

[2020-03-26 00:34:23 #5 type] 
Type domain.User is not enhanced.

[2020-03-26 00:34:23 #6 type] 
Type domain.Apuesta is not enhanced.

------------------------------------------------------------------------------------------------------------------------

[2020-03-26 21:11:21 #1 store] 
Database 'C:\Users\enely\git\GitNoFunciona\BestMain\resources\bets.temp' is opened by 7428@DESKTOP-3PB38CT

[2020-03-26 21:11:21 #2 type] 
Type domain.Question is not enhanced.

[2020-03-26 21:11:21 #3 type] 
Type domain.Event is not enhanced.

[2020-03-26 21:11:21 #4 type] 
Type domain.Pronostico is not enhanced.

[2020-03-26 21:11:21 #5 type] 
Type domain.User is not enhanced.

[2020-03-26 21:11:21 #6 type] 
Type domain.Apuesta is not enhanced.

------------------------------------------------------------------------------------------------------------------------

[2020-03-26 21:14:13 #1 store] 
Database 'C:\Users\enely\git\GitNoFunciona\BestMain\resources\bets.temp' is opened by 16896@DESKTOP-3PB38CT

[2020-03-26 21:14:13 #2 type] 
Type domain.Question is not enhanced.

[2020-03-26 21:14:13 #3 type] 
Type domain.Event is not enhanced.

[2020-03-26 21:14:13 #4 type] 
Type domain.Pronostico is not enhanced.

[2020-03-26 21:14:13 #5 type] 
Type domain.User is not enhanced.

[2020-03-26 21:14:13 #6 type] 
Type domain.Apuesta is not enhanced.

------------------------------------------------------------------------------------------------------------------------

[2020-03-26 21:15:18 #1 store] 
Database 'C:\Users\enely\git\GitNoFunciona\BestMain\resources\bets.temp' is opened by 2316@DESKTOP-3PB38CT

[2020-03-26 21:15:18 #2 type] 
Type domain.Question is not enhanced.

[2020-03-26 21:15:18 #3 type] 
Type domain.Event is not enhanced.

[2020-03-26 21:15:18 #4 type] 
Type domain.Pronostico is not enhanced.

[2020-03-26 21:15:18 #5 type] 
Type domain.User is not enhanced.

[2020-03-26 21:15:18 #6 type] 
Type domain.Apuesta is not enhanced.

------------------------------------------------------------------------------------------------------------------------

[2020-03-26 21:17:28 #1 store] 
Database 'C:\Users\enely\git\GitNoFunciona\BestMain\resources\bets.temp' has been recovered (tr. 12-12)

[2020-03-26 21:17:28 #2 store] 
Database 'C:\Users\enely\git\GitNoFunciona\BestMain\resources\bets.temp' is opened by 2684@DESKTOP-3PB38CT

[2020-03-26 21:17:28 #3 type] 
Type domain.Question is not enhanced.

[2020-03-26 21:17:28 #4 type] 
Type domain.Event is not enhanced.

[2020-03-26 21:17:28 #5 type] 
Type domain.Pronostico is not enhanced.

[2020-03-26 21:17:28 #6 type] 
Type domain.User is not enhanced.

[2020-03-26 21:17:28 #7 type] 
Type domain.Apuesta is not enhanced.

------------------------------------------------------------------------------------------------------------------------

[2020-03-26 21:21:09 #1 store] 
Database 'C:\Users\enely\git\GitNoFunciona\BestMain\resources\bets.temp' has been recovered (tr. 13-18)

[2020-03-26 21:21:09 #2 store] 
Database 'C:\Users\enely\git\GitNoFunciona\BestMain\resources\bets.temp' is opened by 2356@DESKTOP-3PB38CT

[2020-03-26 21:21:10 #3 type] 
Type domain.Question is not enhanced.

[2020-03-26 21:21:10 #4 type] 
Type domain.Event is not enhanced.

[2020-03-26 21:21:10 #5 type] 
Type domain.Pronostico is not enhanced.

[2020-03-26 21:21:10 #6 type] 
Type domain.User is not enhanced.

[2020-03-26 21:21:10 #7 type] 
Type domain.Apuesta is not enhanced.

------------------------------------------------------------------------------------------------------------------------

[2020-03-26 21:22:20 #1 store] 
Database 'C:\Users\enely\git\GitNoFunciona\BestMain\resources\bets.temp' has been recovered (tr. 19-20)

[2020-03-26 21:22:20 #2 store] 
Database 'C:\Users\enely\git\GitNoFunciona\BestMain\resources\bets.temp' is opened by 7208@DESKTOP-3PB38CT

[2020-03-26 21:22:20 #3 type] 
Type domain.Question is not enhanced.

[2020-03-26 21:22:20 #4 type] 
Type domain.Event is not enhanced.

[2020-03-26 21:22:20 #5 type] 
Type domain.Pronostico is not enhanced.

[2020-03-26 21:22:20 #6 type] 
Type domain.User is not enhanced.

[2020-03-26 21:22:20 #7 type] 
Type domain.Apuesta is not enhanced.

------------------------------------------------------------------------------------------------------------------------

[2020-03-26 21:24:28 #1 store] 
Database 'C:\Users\enely\git\GitNoFunciona\BestMain\resources\bets.temp' has been recovered (tr. 21-22)

[2020-03-26 21:24:28 #2 store] 
Database 'C:\Users\enely\git\GitNoFunciona\BestMain\resources\bets.temp' is opened by 6464@DESKTOP-3PB38CT

[2020-03-26 21:24:28 #3 type] 
Type domain.Question is not enhanced.

[2020-03-26 21:24:28 #4 type] 
Type domain.Event is not enhanced.

[2020-03-26 21:24:28 #5 type] 
Type domain.Pronostico is not enhanced.

[2020-03-26 21:24:28 #6 type] 
Type domain.User is not enhanced.

[2020-03-26 21:24:28 #7 type] 
Type domain.Apuesta is not enhanced.

