------------------------------------------------------------------------------------------------------------------------

[2020-03-21 11:19:20 #1 store] 
Database 'C:\Users\enely\git\GitNoFunciona\BestMain\resources\bets.temp' is opened by 1120@DESKTOP-3PB38CT

[2020-03-21 11:19:20 #2 type] 
Type domain.Question is not enhanced.

[2020-03-21 11:19:20 #3 type] 
Type domain.Event is not enhanced.

[2020-03-21 11:19:20 #4 type] 
Type domain.Pronostico is not enhanced.

[2020-03-21 11:19:20 #5 type] 
Type domain.User is not enhanced.

[2020-03-21 11:19:20 #6 type] 
Type domain.Apuesta is not enhanced.

------------------------------------------------------------------------------------------------------------------------

[2020-03-21 11:22:47 #1 store] 
Database 'C:\Users\enely\git\GitNoFunciona\BestMain\resources\bets.temp' is opened by 10100@DESKTOP-3PB38CT

[2020-03-21 11:22:47 #2 type] 
Type domain.Question is not enhanced.

[2020-03-21 11:22:47 #3 type] 
Type domain.Event is not enhanced.

[2020-03-21 11:22:47 #4 type] 
Type domain.Pronostico is not enhanced.

[2020-03-21 11:22:47 #5 type] 
Type domain.User is not enhanced.

[2020-03-21 11:22:47 #6 type] 
Type domain.Apuesta is not enhanced.

