------------------------------------------------------------------------------------------------------------------------

<<<<<<< HEAD
[2020-04-04 14:39:31 #1 store] 
Database 'C:\Users\user\git\GitNoFunciona\BestMain\resources\bets.temp' is opened by 11948@DESKTOP-9M02RMD

[2020-04-04 14:39:31 #2 type] 
Type domain.Question is not enhanced.

[2020-04-04 14:39:31 #3 type] 
Type domain.Event is not enhanced.

[2020-04-04 14:39:31 #4 type] 
Type domain.Pronostico is not enhanced.

[2020-04-04 14:39:31 #5 type] 
Type domain.Apuesta is not enhanced.

[2020-04-04 14:39:31 #6 type] 
Type domain.User is not enhanced.

------------------------------------------------------------------------------------------------------------------------

[2020-04-04 16:18:51 #1 store] 
Database 'C:\Users\user\git\GitNoFunciona\BestMain\resources\bets.temp' is opened by 10632@DESKTOP-9M02RMD

[2020-04-04 16:18:51 #2 type] 
Type domain.Question is not enhanced.

[2020-04-04 16:18:51 #3 type] 
Type domain.Event is not enhanced.

[2020-04-04 16:18:51 #4 type] 
Type domain.Pronostico is not enhanced.

[2020-04-04 16:18:51 #5 type] 
Type domain.Apuesta is not enhanced.

[2020-04-04 16:18:51 #6 type] 
Type domain.User is not enhanced.

------------------------------------------------------------------------------------------------------------------------

[2020-04-04 16:19:53 #1 store] 
Database 'C:\Users\user\git\GitNoFunciona\BestMain\resources\bets.temp' is opened by 10864@DESKTOP-9M02RMD

[2020-04-04 16:19:53 #2 type] 
Type domain.Question is not enhanced.

[2020-04-04 16:19:53 #3 type] 
Type domain.Event is not enhanced.

[2020-04-04 16:19:53 #4 type] 
Type domain.Pronostico is not enhanced.

[2020-04-04 16:19:53 #5 type] 
Type domain.Apuesta is not enhanced.

[2020-04-04 16:19:53 #6 type] 
Type domain.User is not enhanced.

------------------------------------------------------------------------------------------------------------------------

[2020-04-04 16:22:02 #1 store] 
Database 'C:\Users\user\git\GitNoFunciona\BestMain\resources\bets.temp' is opened by 13152@DESKTOP-9M02RMD

[2020-04-04 16:22:02 #2 type] 
Type domain.Question is not enhanced.

[2020-04-04 16:22:02 #3 type] 
Type domain.Event is not enhanced.

[2020-04-04 16:22:02 #4 type] 
Type domain.Pronostico is not enhanced.

[2020-04-04 16:22:02 #5 type] 
Type domain.Apuesta is not enhanced.

[2020-04-04 16:22:02 #6 type] 
Type domain.User is not enhanced.

------------------------------------------------------------------------------------------------------------------------

[2020-04-04 16:50:57 #1 store] 
Database 'C:\Users\user\git\GitNoFunciona\BestMain\resources\bets.temp' has been recovered (tr. 34-34)

[2020-04-04 16:50:57 #2 store] 
Database 'C:\Users\user\git\GitNoFunciona\BestMain\resources\bets.temp' is opened by 9528@DESKTOP-9M02RMD

[2020-04-04 16:50:57 #3 type] 
Type domain.Question is not enhanced.

[2020-04-04 16:50:57 #4 type] 
Type domain.Event is not enhanced.

[2020-04-04 16:50:57 #5 type] 
Type domain.Pronostico is not enhanced.

[2020-04-04 16:50:57 #6 type] 
Type domain.Apuesta is not enhanced.

[2020-04-04 16:50:57 #7 type] 
Type domain.User is not enhanced.

------------------------------------------------------------------------------------------------------------------------

[2020-04-04 16:53:17 #1 store] 
Database 'C:\Users\user\git\GitNoFunciona\BestMain\resources\bets.temp' is opened by 12780@DESKTOP-9M02RMD

[2020-04-04 16:53:17 #2 type] 
Type domain.Question is not enhanced.

[2020-04-04 16:53:17 #3 type] 
Type domain.Event is not enhanced.

[2020-04-04 16:53:17 #4 type] 
Type domain.Pronostico is not enhanced.

[2020-04-04 16:53:17 #5 type] 
Type domain.Apuesta is not enhanced.

[2020-04-04 16:53:17 #6 type] 
Type domain.User is not enhanced.

------------------------------------------------------------------------------------------------------------------------

[2020-04-04 16:57:06 #1 store] 
Database 'C:\Users\user\git\GitNoFunciona\BestMain\resources\bets.temp' is opened by 5232@DESKTOP-9M02RMD

[2020-04-04 16:57:06 #2 type] 
Type domain.Question is not enhanced.

[2020-04-04 16:57:06 #3 type] 
Type domain.Event is not enhanced.

[2020-04-04 16:57:06 #4 type] 
Type domain.Pronostico is not enhanced.

[2020-04-04 16:57:06 #5 type] 
Type domain.Apuesta is not enhanced.

[2020-04-04 16:57:06 #6 type] 
Type domain.User is not enhanced.

------------------------------------------------------------------------------------------------------------------------

[2020-04-04 17:15:54 #1 store] 
Database 'C:\Users\user\git\GitNoFunciona\BestMain\resources\bets.temp' is opened by 12156@DESKTOP-9M02RMD

[2020-04-04 17:15:54 #2 type.registry] 
New type domain.Question

[2020-04-04 17:15:54 #3 type] 
Type domain.Question is not enhanced.

[2020-04-04 17:15:54 #4 type.registry] 
New type domain.Event

[2020-04-04 17:15:54 #5 type.registry] 
New type domain.Pronostico

[2020-04-04 17:15:54 #6 type] 
Type domain.Event is not enhanced.

[2020-04-04 17:15:54 #7 type.registry] 
New type java.util.Vector<domain.Question>

[2020-04-04 17:15:54 #8 type] 
Type domain.Pronostico is not enhanced.

[2020-04-04 17:15:54 #9 type.registry] 
New type domain.Apuesta

[2020-04-04 17:15:54 #10 type] 
Type domain.Apuesta is not enhanced.

[2020-04-04 17:15:54 #11 type.registry] 
New type domain.User

[2020-04-04 17:15:54 #12 type] 
Type domain.User is not enhanced.

[2020-04-04 17:15:54 #13 type.registry] 
New type java.util.ArrayList<domain.Apuesta>

[2020-04-04 17:15:54 #14 type.registry] 
New type java.util.Vector<java.lang.Object>

[2020-04-04 17:15:54 #15 type.registry] 
New type java.util.ArrayList<java.lang.Object>

[2020-04-04 17:15:54 #16 type.registry] 
New type java.util.Vector<domain.Pronostico>

[2020-04-04 17:15:54 #17 type.registry] 
New type java.util.Vector<domain.Apuesta>

------------------------------------------------------------------------------------------------------------------------

[2020-04-04 17:19:38 #1 store] 
Database 'C:\Users\user\git\GitNoFunciona\BestMain\resources\bets.temp' is opened by 15324@DESKTOP-9M02RMD

[2020-04-04 17:19:38 #2 type.registry] 
New type domain.Question

[2020-04-04 17:19:38 #3 type] 
Type domain.Question is not enhanced.

[2020-04-04 17:19:38 #4 type.registry] 
New type domain.Event

[2020-04-04 17:19:38 #5 type.registry] 
New type domain.Pronostico

[2020-04-04 17:19:38 #6 type] 
Type domain.Event is not enhanced.

[2020-04-04 17:19:39 #7 type.registry] 
New type java.util.Vector<domain.Question>

[2020-04-04 17:19:39 #8 type] 
Type domain.Pronostico is not enhanced.

[2020-04-04 17:19:39 #9 type.registry] 
New type domain.Apuesta

[2020-04-04 17:19:39 #10 type] 
Type domain.Apuesta is not enhanced.

[2020-04-04 17:19:39 #11 type.registry] 
New type domain.User

[2020-04-04 17:19:39 #12 type] 
Type domain.User is not enhanced.

[2020-04-04 17:19:39 #13 type.registry] 
New type java.util.ArrayList<domain.Apuesta>

[2020-04-04 17:19:39 #14 type.registry] 
New type java.util.Vector<java.lang.Object>

[2020-04-04 17:19:39 #15 type.registry] 
New type java.util.ArrayList<java.lang.Object>

[2020-04-04 17:19:39 #16 type.registry] 
New type java.util.Vector<domain.Pronostico>

[2020-04-04 17:19:39 #17 type.registry] 
New type java.util.Vector<domain.Apuesta>

------------------------------------------------------------------------------------------------------------------------

[2020-04-04 17:21:33 #1 store] 
Database 'C:\Users\user\git\GitNoFunciona\BestMain\resources\bets.temp' is opened by 8696@DESKTOP-9M02RMD

[2020-04-04 17:21:33 #2 type.registry] 
New type domain.Question

[2020-04-04 17:21:33 #3 type] 
Type domain.Question is not enhanced.

[2020-04-04 17:21:33 #4 type.registry] 
New type domain.Event

[2020-04-04 17:21:33 #5 type.registry] 
New type domain.Pronostico

[2020-04-04 17:21:33 #6 type] 
Type domain.Event is not enhanced.

[2020-04-04 17:21:33 #7 type.registry] 
New type java.util.Vector<domain.Question>

[2020-04-04 17:21:33 #8 type] 
Type domain.Pronostico is not enhanced.

[2020-04-04 17:21:33 #9 type.registry] 
New type domain.Apuesta

[2020-04-04 17:21:33 #10 type] 
Type domain.Apuesta is not enhanced.

[2020-04-04 17:21:33 #11 type.registry] 
New type domain.User

[2020-04-04 17:21:33 #12 type] 
Type domain.User is not enhanced.

[2020-04-04 17:21:33 #13 type.registry] 
New type java.util.ArrayList<domain.Apuesta>

[2020-04-04 17:21:33 #14 type.registry] 
New type java.util.Vector<java.lang.Object>

[2020-04-04 17:21:33 #15 type.registry] 
New type java.util.ArrayList<java.lang.Object>

[2020-04-04 17:21:33 #16 type.registry] 
New type java.util.Vector<domain.Pronostico>

[2020-04-04 17:21:33 #17 type.registry] 
New type java.util.Vector<domain.Apuesta>

------------------------------------------------------------------------------------------------------------------------

[2020-04-04 17:24:22 #1 store] 
Database 'C:\Users\user\git\GitNoFunciona\BestMain\resources\bets.temp' is opened by 340@DESKTOP-9M02RMD

[2020-04-04 17:24:23 #2 type.registry] 
New type domain.Question

[2020-04-04 17:24:23 #3 type] 
Type domain.Question is not enhanced.

[2020-04-04 17:24:23 #4 type.registry] 
New type domain.Event

[2020-04-04 17:24:23 #5 type.registry] 
New type domain.Pronostico

[2020-04-04 17:24:23 #6 type] 
Type domain.Event is not enhanced.

[2020-04-04 17:24:23 #7 type.registry] 
New type java.util.Vector<domain.Question>

[2020-04-04 17:24:23 #8 type] 
Type domain.Pronostico is not enhanced.

[2020-04-04 17:24:23 #9 type.registry] 
New type domain.Apuesta

[2020-04-04 17:24:23 #10 type] 
Type domain.Apuesta is not enhanced.

[2020-04-04 17:24:23 #11 type.registry] 
New type domain.User

[2020-04-04 17:24:23 #12 type] 
Type domain.User is not enhanced.

[2020-04-04 17:24:23 #13 type.registry] 
New type java.util.ArrayList<domain.Apuesta>

[2020-04-04 17:24:23 #14 type.registry] 
New type java.util.Vector<java.lang.Object>

[2020-04-04 17:24:23 #15 type.registry] 
New type java.util.ArrayList<java.lang.Object>

[2020-04-04 17:24:23 #16 type.registry] 
New type java.util.Vector<domain.Pronostico>

[2020-04-04 17:24:23 #17 type.registry] 
New type java.util.Vector<domain.Apuesta>

------------------------------------------------------------------------------------------------------------------------

[2020-04-04 17:38:00 #1 store] 
Database 'C:\Users\user\git\GitNoFunciona\BestMain\resources\bets.temp' is opened by 9816@DESKTOP-9M02RMD

[2020-04-04 17:38:00 #2 type.registry] 
New type domain.Question

[2020-04-04 17:38:00 #3 type] 
Type domain.Question is not enhanced.

[2020-04-04 17:38:00 #4 type.registry] 
New type domain.Event

[2020-04-04 17:38:00 #5 type.registry] 
New type domain.Pronostico

[2020-04-04 17:38:00 #6 type] 
Type domain.Event is not enhanced.

[2020-04-04 17:38:00 #7 type.registry] 
New type java.util.Vector<domain.Question>

[2020-04-04 17:38:00 #8 type] 
Type domain.Pronostico is not enhanced.

[2020-04-04 17:38:00 #9 type.registry] 
New type domain.Apuesta

[2020-04-04 17:38:00 #10 type] 
Type domain.Apuesta is not enhanced.

[2020-04-04 17:38:00 #11 type.registry] 
New type domain.User

[2020-04-04 17:38:00 #12 type] 
Type domain.User is not enhanced.

[2020-04-04 17:38:00 #13 type.registry] 
New type java.util.ArrayList<domain.Apuesta>

[2020-04-04 17:38:00 #14 type.registry] 
New type java.util.Vector<java.lang.Object>

[2020-04-04 17:38:00 #15 type.registry] 
New type java.util.ArrayList<java.lang.Object>

[2020-04-04 17:38:00 #16 type.registry] 
New type java.util.Vector<domain.Pronostico>

[2020-04-04 17:38:00 #17 type.registry] 
New type java.util.Vector<domain.Apuesta>

------------------------------------------------------------------------------------------------------------------------

[2020-04-04 20:57:29 #1 store] 
Database 'C:\Users\user\git\GitNoFunciona\BestMain\resources\bets.temp' is opened by 5560@DESKTOP-9M02RMD

[2020-04-04 20:57:29 #2 type.registry] 
New type domain.Question

[2020-04-04 20:57:29 #3 type] 
Type domain.Question is not enhanced.

[2020-04-04 20:57:29 #4 type.registry] 
New type domain.Event

[2020-04-04 20:57:29 #5 type.registry] 
New type domain.Pronostico

[2020-04-04 20:57:29 #6 type] 
Type domain.Event is not enhanced.

[2020-04-04 20:57:29 #7 type.registry] 
New type java.util.Vector<domain.Question>

[2020-04-04 20:57:29 #8 type] 
Type domain.Pronostico is not enhanced.

[2020-04-04 20:57:29 #9 type.registry] 
New type domain.Apuesta

[2020-04-04 20:57:29 #10 type] 
Type domain.Apuesta is not enhanced.

[2020-04-04 20:57:29 #11 type.registry] 
New type domain.User

[2020-04-04 20:57:29 #12 type] 
Type domain.User is not enhanced.

[2020-04-04 20:57:29 #13 type.registry] 
New type java.util.ArrayList<domain.Apuesta>

[2020-04-04 20:57:29 #14 type.registry] 
New type java.util.Vector<java.lang.Object>

[2020-04-04 20:57:29 #15 type.registry] 
New type java.util.ArrayList<java.lang.Object>

[2020-04-04 20:57:29 #16 type.registry] 
New type java.util.Vector<domain.Pronostico>

[2020-04-04 20:57:29 #17 type.registry] 
New type java.util.Vector<domain.Apuesta>

------------------------------------------------------------------------------------------------------------------------

[2020-04-04 20:57:40 #1 store] 
Database 'C:\Users\user\git\GitNoFunciona\BestMain\resources\bets.temp' is opened by 7968@DESKTOP-9M02RMD

[2020-04-04 20:57:41 #2 type.registry] 
New type domain.Question

[2020-04-04 20:57:41 #3 type] 
Type domain.Question is not enhanced.

[2020-04-04 20:57:41 #4 type.registry] 
New type domain.Event

[2020-04-04 20:57:41 #5 type.registry] 
New type domain.Pronostico

[2020-04-04 20:57:41 #6 type] 
Type domain.Event is not enhanced.

[2020-04-04 20:57:41 #7 type.registry] 
New type java.util.Vector<domain.Question>

[2020-04-04 20:57:41 #8 type] 
Type domain.Pronostico is not enhanced.

[2020-04-04 20:57:41 #9 type.registry] 
New type domain.Apuesta

[2020-04-04 20:57:41 #10 type] 
Type domain.Apuesta is not enhanced.

[2020-04-04 20:57:41 #11 type.registry] 
New type domain.User

[2020-04-04 20:57:41 #12 type] 
Type domain.User is not enhanced.

[2020-04-04 20:57:41 #13 type.registry] 
New type java.util.ArrayList<domain.Apuesta>

[2020-04-04 20:57:41 #14 type.registry] 
New type java.util.Vector<java.lang.Object>

[2020-04-04 20:57:41 #15 type.registry] 
New type java.util.ArrayList<java.lang.Object>

[2020-04-04 20:57:41 #16 type.registry] 
New type java.util.Vector<domain.Pronostico>

[2020-04-04 20:57:41 #17 type.registry] 
New type java.util.Vector<domain.Apuesta>

------------------------------------------------------------------------------------------------------------------------

[2020-04-04 21:11:37 #1 store] 
Database 'C:\Users\user\git\GitNoFunciona\BestMain\resources\bets.temp' is opened by 6504@DESKTOP-9M02RMD

[2020-04-04 21:11:37 #2 type.registry] 
New type domain.Question

[2020-04-04 21:11:37 #3 type] 
Type domain.Question is not enhanced.

[2020-04-04 21:11:37 #4 type.registry] 
New type domain.Event

[2020-04-04 21:11:37 #5 type.registry] 
New type domain.Pronostico

[2020-04-04 21:11:37 #6 type] 
Type domain.Event is not enhanced.

[2020-04-04 21:11:37 #7 type.registry] 
New type java.util.Vector<domain.Question>

[2020-04-04 21:11:37 #8 type] 
Type domain.Pronostico is not enhanced.

[2020-04-04 21:11:37 #9 type.registry] 
New type domain.Apuesta

[2020-04-04 21:11:37 #10 type] 
Type domain.Apuesta is not enhanced.

[2020-04-04 21:11:37 #11 type.registry] 
New type domain.User

[2020-04-04 21:11:37 #12 type] 
Type domain.User is not enhanced.

[2020-04-04 21:11:37 #13 type.registry] 
New type java.util.ArrayList<domain.Apuesta>

[2020-04-04 21:11:37 #14 type.registry] 
New type java.util.Vector<java.lang.Object>

[2020-04-04 21:11:37 #15 type.registry] 
New type java.util.ArrayList<java.lang.Object>

[2020-04-04 21:11:37 #16 type.registry] 
New type java.util.Vector<domain.Pronostico>

[2020-04-04 21:11:37 #17 type.registry] 
New type java.util.Vector<domain.Apuesta>

------------------------------------------------------------------------------------------------------------------------

[2020-04-04 21:19:37 #1 store] 
Database 'C:\Users\user\git\GitNoFunciona\BestMain\resources\bets.temp' has been recovered (tr. 1-8)

[2020-04-04 21:19:37 #2 store] 
Database 'C:\Users\user\git\GitNoFunciona\BestMain\resources\bets.temp' is opened by 7148@DESKTOP-9M02RMD

[2020-04-04 21:19:37 #3 type] 
Type domain.Question is not enhanced.

[2020-04-04 21:19:37 #4 type] 
Type domain.Event is not enhanced.

[2020-04-04 21:19:37 #5 type] 
Type domain.Pronostico is not enhanced.

[2020-04-04 21:19:37 #6 type] 
Type domain.Apuesta is not enhanced.

[2020-04-04 21:19:37 #7 type] 
Type domain.User is not enhanced.

------------------------------------------------------------------------------------------------------------------------

[2020-04-04 21:20:12 #1 store] 
Database 'C:\Users\user\git\GitNoFunciona\BestMain\resources\bets.temp' is opened by 3868@DESKTOP-9M02RMD

[2020-04-04 21:20:12 #2 type] 
Type domain.Question is not enhanced.

[2020-04-04 21:20:12 #3 type] 
Type domain.Event is not enhanced.

[2020-04-04 21:20:12 #4 type] 
Type domain.Pronostico is not enhanced.

[2020-04-04 21:20:12 #5 type] 
Type domain.Apuesta is not enhanced.

[2020-04-04 21:20:12 #6 type] 
=======
[2020-04-04 20:44:52 #1 store] 
Database 'C:\Users\aimar\git\GitNoFunciona\BestMain\resources\bets.temp' is opened by 1832@DESKTOP-AQBPSJR

[2020-04-04 20:44:52 #2 type.registry] 
New type domain.Question

[2020-04-04 20:44:52 #3 type] 
Type domain.Question is not enhanced.

[2020-04-04 20:44:52 #4 type.registry] 
New type domain.Event

[2020-04-04 20:44:52 #5 type.registry] 
New type domain.Pronostico

[2020-04-04 20:44:52 #6 type] 
Type domain.Event is not enhanced.

[2020-04-04 20:44:52 #7 type.registry] 
New type java.util.Vector<domain.Question>

[2020-04-04 20:44:52 #8 type] 
Type domain.Pronostico is not enhanced.

[2020-04-04 20:44:52 #9 type.registry] 
New type domain.Apuesta

[2020-04-04 20:44:52 #10 type] 
Type domain.Apuesta is not enhanced.

[2020-04-04 20:44:52 #11 type.registry] 
New type domain.User

[2020-04-04 20:44:52 #12 type] 
Type domain.User is not enhanced.

[2020-04-04 20:44:52 #13 type.registry] 
New type java.util.ArrayList<domain.Apuesta>

[2020-04-04 20:44:52 #14 type.registry] 
New type java.util.Vector<java.lang.Object>

[2020-04-04 20:44:52 #15 type.registry] 
New type java.util.ArrayList<java.lang.Object>

[2020-04-04 20:44:52 #16 type.registry] 
New type java.util.Vector<domain.Pronostico>

[2020-04-04 20:44:52 #17 type.registry] 
New type java.util.Vector<domain.Apuesta>

------------------------------------------------------------------------------------------------------------------------

[2020-04-04 20:48:32 #1 store] 
Database 'C:\Users\aimar\git\GitNoFunciona\BestMain\resources\bets.temp' has been recovered (tr. 1-17)

[2020-04-04 20:48:32 #2 store] 
Database 'C:\Users\aimar\git\GitNoFunciona\BestMain\resources\bets.temp' is opened by 7556@DESKTOP-AQBPSJR

[2020-04-04 20:48:32 #3 type] 
Type domain.Question is not enhanced.

[2020-04-04 20:48:32 #4 type] 
Type domain.Event is not enhanced.

[2020-04-04 20:48:32 #5 type] 
Type domain.Pronostico is not enhanced.

[2020-04-04 20:48:32 #6 type] 
Type domain.Apuesta is not enhanced.

[2020-04-04 20:48:32 #7 type] 
Type domain.User is not enhanced.

------------------------------------------------------------------------------------------------------------------------

[2020-04-04 20:52:04 #1 store] 
Database 'C:\Users\aimar\git\GitNoFunciona\BestMain\resources\bets.temp' is opened by 14648@DESKTOP-AQBPSJR

[2020-04-04 20:52:04 #2 type] 
Type domain.Question is not enhanced.

[2020-04-04 20:52:04 #3 type] 
Type domain.Event is not enhanced.

[2020-04-04 20:52:04 #4 type] 
Type domain.Pronostico is not enhanced.

[2020-04-04 20:52:04 #5 type] 
Type domain.Apuesta is not enhanced.

[2020-04-04 20:52:04 #6 type] 
Type domain.User is not enhanced.

------------------------------------------------------------------------------------------------------------------------

[2020-04-04 20:53:16 #1 store] 
Database 'C:\Users\aimar\git\GitNoFunciona\BestMain\resources\bets.temp' is opened by 13992@DESKTOP-AQBPSJR

[2020-04-04 20:53:16 #2 type] 
Type domain.Question is not enhanced.

[2020-04-04 20:53:16 #3 type] 
Type domain.Event is not enhanced.

[2020-04-04 20:53:16 #4 type] 
Type domain.Pronostico is not enhanced.

[2020-04-04 20:53:16 #5 type] 
Type domain.Apuesta is not enhanced.

[2020-04-04 20:53:16 #6 type] 
Type domain.User is not enhanced.

------------------------------------------------------------------------------------------------------------------------

[2020-04-04 20:54:54 #1 store] 
Database 'C:\Users\aimar\git\GitNoFunciona\BestMain\resources\bets.temp' is opened by 14772@DESKTOP-AQBPSJR

[2020-04-04 20:54:54 #2 type] 
Type domain.Question is not enhanced.

[2020-04-04 20:54:54 #3 type] 
Type domain.Event is not enhanced.

[2020-04-04 20:54:54 #4 type] 
Type domain.Pronostico is not enhanced.

[2020-04-04 20:54:54 #5 type] 
Type domain.Apuesta is not enhanced.

[2020-04-04 20:54:54 #6 type] 
Type domain.User is not enhanced.

------------------------------------------------------------------------------------------------------------------------

[2020-04-04 20:56:14 #1 store] 
Database 'C:\Users\aimar\git\GitNoFunciona\BestMain\resources\bets.temp' is opened by 840@DESKTOP-AQBPSJR

[2020-04-04 20:56:14 #2 type] 
Type domain.Question is not enhanced.

[2020-04-04 20:56:14 #3 type] 
Type domain.Event is not enhanced.

[2020-04-04 20:56:14 #4 type] 
Type domain.Pronostico is not enhanced.

[2020-04-04 20:56:14 #5 type] 
Type domain.Apuesta is not enhanced.

[2020-04-04 20:56:14 #6 type] 
Type domain.User is not enhanced.

------------------------------------------------------------------------------------------------------------------------

[2020-04-04 20:58:39 #1 store] 
Database 'C:\Users\aimar\git\GitNoFunciona\BestMain\resources\bets.temp' is opened by 11172@DESKTOP-AQBPSJR

[2020-04-04 20:58:39 #2 type] 
Type domain.Question is not enhanced.

[2020-04-04 20:58:39 #3 type] 
Type domain.Event is not enhanced.

[2020-04-04 20:58:39 #4 type] 
Type domain.Pronostico is not enhanced.

[2020-04-04 20:58:39 #5 type] 
Type domain.Apuesta is not enhanced.

[2020-04-04 20:58:39 #6 type] 
Type domain.User is not enhanced.

------------------------------------------------------------------------------------------------------------------------

[2020-04-04 21:00:02 #1 store] 
Database 'C:\Users\aimar\git\GitNoFunciona\BestMain\resources\bets.temp' is opened by 3604@DESKTOP-AQBPSJR

[2020-04-04 21:00:02 #2 type] 
Type domain.Question is not enhanced.

[2020-04-04 21:00:02 #3 type] 
Type domain.Event is not enhanced.

[2020-04-04 21:00:02 #4 type] 
Type domain.Pronostico is not enhanced.

[2020-04-04 21:00:02 #5 type] 
Type domain.Apuesta is not enhanced.

[2020-04-04 21:00:02 #6 type] 
Type domain.User is not enhanced.

------------------------------------------------------------------------------------------------------------------------

[2020-04-04 21:03:07 #1 store] 
Database 'C:\Users\aimar\git\GitNoFunciona\BestMain\resources\bets.temp' is opened by 5212@DESKTOP-AQBPSJR

[2020-04-04 21:03:07 #2 type] 
Type domain.Question is not enhanced.

[2020-04-04 21:03:07 #3 type] 
Type domain.Event is not enhanced.

[2020-04-04 21:03:07 #4 type] 
Type domain.Pronostico is not enhanced.

[2020-04-04 21:03:07 #5 type] 
Type domain.Apuesta is not enhanced.

[2020-04-04 21:03:07 #6 type] 
Type domain.User is not enhanced.

------------------------------------------------------------------------------------------------------------------------

[2020-04-04 21:04:01 #1 store] 
Database 'C:\Users\aimar\git\GitNoFunciona\BestMain\resources\bets.temp' is opened by 9244@DESKTOP-AQBPSJR

[2020-04-04 21:04:01 #2 type] 
Type domain.Question is not enhanced.

[2020-04-04 21:04:01 #3 type] 
Type domain.Event is not enhanced.

[2020-04-04 21:04:01 #4 type] 
Type domain.Pronostico is not enhanced.

[2020-04-04 21:04:01 #5 type] 
Type domain.Apuesta is not enhanced.

[2020-04-04 21:04:01 #6 type] 
Type domain.User is not enhanced.

------------------------------------------------------------------------------------------------------------------------

[2020-04-04 21:04:48 #1 store] 
Database 'C:\Users\aimar\git\GitNoFunciona\BestMain\resources\bets.temp' is opened by 440@DESKTOP-AQBPSJR

[2020-04-04 21:04:48 #2 type] 
Type domain.Question is not enhanced.

[2020-04-04 21:04:48 #3 type] 
Type domain.Event is not enhanced.

[2020-04-04 21:04:48 #4 type] 
Type domain.Pronostico is not enhanced.

[2020-04-04 21:04:48 #5 type] 
Type domain.Apuesta is not enhanced.

[2020-04-04 21:04:48 #6 type] 
Type domain.User is not enhanced.

------------------------------------------------------------------------------------------------------------------------

[2020-04-04 21:05:37 #1 store] 
Database 'C:\Users\aimar\git\GitNoFunciona\BestMain\resources\bets.temp' is opened by 3808@DESKTOP-AQBPSJR

[2020-04-04 21:05:37 #2 type] 
Type domain.Question is not enhanced.

[2020-04-04 21:05:37 #3 type] 
Type domain.Event is not enhanced.

[2020-04-04 21:05:37 #4 type] 
Type domain.Pronostico is not enhanced.

[2020-04-04 21:05:37 #5 type] 
Type domain.Apuesta is not enhanced.

[2020-04-04 21:05:37 #6 type] 
Type domain.User is not enhanced.

------------------------------------------------------------------------------------------------------------------------

[2020-04-04 21:07:10 #1 store] 
Database 'C:\Users\aimar\git\GitNoFunciona\BestMain\resources\bets.temp' is opened by 3600@DESKTOP-AQBPSJR

[2020-04-04 21:07:10 #2 type] 
Type domain.Question is not enhanced.

[2020-04-04 21:07:10 #3 type] 
Type domain.Event is not enhanced.

[2020-04-04 21:07:10 #4 type] 
Type domain.Pronostico is not enhanced.

[2020-04-04 21:07:10 #5 type] 
Type domain.Apuesta is not enhanced.

[2020-04-04 21:07:10 #6 type] 
Type domain.User is not enhanced.

------------------------------------------------------------------------------------------------------------------------

[2020-04-04 21:08:58 #1 store] 
Database 'C:\Users\aimar\git\GitNoFunciona\BestMain\resources\bets.temp' is opened by 15232@DESKTOP-AQBPSJR

[2020-04-04 21:08:58 #2 type] 
Type domain.Question is not enhanced.

[2020-04-04 21:08:58 #3 type] 
Type domain.Event is not enhanced.

[2020-04-04 21:08:58 #4 type] 
Type domain.Pronostico is not enhanced.

[2020-04-04 21:08:58 #5 type] 
Type domain.Apuesta is not enhanced.

[2020-04-04 21:08:58 #6 type] 
Type domain.User is not enhanced.

------------------------------------------------------------------------------------------------------------------------

[2020-04-04 21:12:51 #1 store] 
Database 'C:\Users\aimar\git\GitNoFunciona\BestMain\resources\bets.temp' is opened by 7296@DESKTOP-AQBPSJR

[2020-04-04 21:12:51 #2 type] 
Type domain.Question is not enhanced.

[2020-04-04 21:12:51 #3 type] 
Type domain.Event is not enhanced.

[2020-04-04 21:12:51 #4 type] 
Type domain.Pronostico is not enhanced.

[2020-04-04 21:12:51 #5 type] 
Type domain.Apuesta is not enhanced.

[2020-04-04 21:12:51 #6 type] 
Type domain.User is not enhanced.

------------------------------------------------------------------------------------------------------------------------

[2020-04-04 21:14:52 #1 store] 
Database 'C:\Users\aimar\git\GitNoFunciona\BestMain\resources\bets.temp' is opened by 8156@DESKTOP-AQBPSJR

[2020-04-04 21:14:52 #2 type] 
Type domain.Question is not enhanced.

[2020-04-04 21:14:52 #3 type] 
Type domain.Event is not enhanced.

[2020-04-04 21:14:52 #4 type] 
Type domain.Pronostico is not enhanced.

[2020-04-04 21:14:52 #5 type] 
Type domain.Apuesta is not enhanced.

[2020-04-04 21:14:52 #6 type] 
>>>>>>> branch 'master' of https://xp-dev.com/git/GitNoFunciona
Type domain.User is not enhanced.

------------------------------------------------------------------------------------------------------------------------

[2020-04-04 21:37:11 #1 store] 
Database 'C:\Users\user\git\GitNoFunciona\BestMain\resources\bets.temp' is opened by 9288@DESKTOP-9M02RMD

[2020-04-04 21:37:11 #2 type.registry] 
New type domain.Event

[2020-04-04 21:37:11 #3 type] 
Type domain.Event is not enhanced.

[2020-04-04 21:37:11 #4 type.registry] 
New type domain.Question

[2020-04-04 21:37:11 #5 type.registry] 
New type java.util.Vector<domain.Question>

[2020-04-04 21:37:11 #6 type] 
Type domain.Question is not enhanced.

[2020-04-04 21:37:11 #7 type.registry] 
New type domain.Pronostico

[2020-04-04 21:37:11 #8 type] 
Type domain.Pronostico is not enhanced.

[2020-04-04 21:37:11 #9 type.registry] 
New type domain.Apuesta

[2020-04-04 21:37:11 #10 type] 
Type domain.Apuesta is not enhanced.

[2020-04-04 21:37:11 #11 type.registry] 
New type domain.User

[2020-04-04 21:37:11 #12 type] 
Type domain.User is not enhanced.

[2020-04-04 21:37:11 #13 type.registry] 
New type java.util.ArrayList<domain.Apuesta>

------------------------------------------------------------------------------------------------------------------------

[2020-04-04 21:39:08 #1 store] 
Database 'C:\Users\user\git\GitNoFunciona\BestMain\resources\bets.temp' is opened by 12600@DESKTOP-9M02RMD

[2020-04-04 21:39:08 #2 type.registry] 
New type domain.Question

[2020-04-04 21:39:08 #3 type] 
Type domain.Question is not enhanced.

[2020-04-04 21:39:08 #4 type.registry] 
New type domain.Event

[2020-04-04 21:39:08 #5 type.registry] 
New type domain.Pronostico

[2020-04-04 21:39:08 #6 type] 
Type domain.Event is not enhanced.

[2020-04-04 21:39:08 #7 type.registry] 
New type java.util.Vector<domain.Question>

[2020-04-04 21:39:08 #8 type] 
Type domain.Pronostico is not enhanced.

[2020-04-04 21:39:08 #9 type.registry] 
New type domain.Apuesta

[2020-04-04 21:39:08 #10 type] 
Type domain.Apuesta is not enhanced.

[2020-04-04 21:39:08 #11 type.registry] 
New type domain.User

[2020-04-04 21:39:08 #12 type] 
Type domain.User is not enhanced.

[2020-04-04 21:39:08 #13 type.registry] 
New type java.util.ArrayList<domain.Apuesta>

[2020-04-04 21:39:08 #14 type.registry] 
New type java.util.Vector<java.lang.Object>

[2020-04-04 21:39:08 #15 type.registry] 
New type java.util.ArrayList<java.lang.Object>

[2020-04-04 21:39:08 #16 type.registry] 
New type java.util.Vector<domain.Pronostico>

[2020-04-04 21:39:08 #17 type.registry] 
New type java.util.Vector<domain.Apuesta>

------------------------------------------------------------------------------------------------------------------------

[2020-04-04 21:39:19 #1 store] 
Database 'C:\Users\user\git\GitNoFunciona\BestMain\resources\bets.temp' has been recovered (tr. 1-8)

[2020-04-04 21:39:19 #2 store] 
Database 'C:\Users\user\git\GitNoFunciona\BestMain\resources\bets.temp' is opened by 14580@DESKTOP-9M02RMD

[2020-04-04 21:39:19 #3 type] 
Type domain.Question is not enhanced.

[2020-04-04 21:39:19 #4 type] 
Type domain.Event is not enhanced.

[2020-04-04 21:39:19 #5 type] 
Type domain.Pronostico is not enhanced.

[2020-04-04 21:39:19 #6 type] 
Type domain.Apuesta is not enhanced.

[2020-04-04 21:39:19 #7 type] 
Type domain.User is not enhanced.

------------------------------------------------------------------------------------------------------------------------

[2020-04-04 21:41:49 #1 store] 
Database 'C:\Users\user\git\GitNoFunciona\BestMain\resources\bets.temp' is opened by 1272@DESKTOP-9M02RMD

[2020-04-04 21:41:49 #2 type] 
Type domain.Question is not enhanced.

[2020-04-04 21:41:49 #3 type] 
Type domain.Event is not enhanced.

[2020-04-04 21:41:49 #4 type] 
Type domain.Pronostico is not enhanced.

[2020-04-04 21:41:49 #5 type] 
Type domain.Apuesta is not enhanced.

[2020-04-04 21:41:49 #6 type] 
Type domain.User is not enhanced.

