------------------------------------------------------------------------------------------------------------------------

[2020-03-07 21:57:52 #1 store] 
Database 'C:\Users\enely\ek-wsp\BestMain\resources\bets.temp' is opened by 7284@DESKTOP-3PB38CT

[2020-03-07 21:57:53 #2 type.registry] 
New type domain.Question

[2020-03-07 21:57:53 #3 type] 
Type domain.Question is not enhanced.

[2020-03-07 21:57:53 #4 type.registry] 
New type domain.Event

[2020-03-07 21:57:53 #5 type.registry] 
New type domain.Pronostico

[2020-03-07 21:57:53 #6 type] 
Type domain.Event is not enhanced.

[2020-03-07 21:57:53 #7 type.registry] 
New type java.util.Vector<domain.Question>

[2020-03-07 21:57:53 #8 type] 
Type domain.Pronostico is not enhanced.

[2020-03-07 21:57:53 #9 type.registry] 
New type domain.User

[2020-03-07 21:57:53 #10 type] 
Type domain.User is not enhanced.

[2020-03-07 21:57:53 #11 type.registry] 
New type domain.Apuesta

[2020-03-07 21:57:53 #12 type.registry] 
New type java.util.ArrayList<domain.Apuesta>

[2020-03-07 21:57:53 #13 type] 
Type domain.Apuesta is not enhanced.

[2020-03-07 21:57:53 #14 type.registry] 
New type java.util.Vector<java.lang.Object>

[2020-03-07 21:58:37 #15 type.registry] 
New type java.util.Vector<domain.Pronostico>

