------------------------------------------------------------------------------------------------------------------------

[2020-03-08 16:02:45 #1 store] 
Database 'C:\Users\user\git\Repository\BestMain\resources\bets.temp' is opened by 18948@DESKTOP-9M02RMD

[2020-03-08 16:02:50 #2 type.registry] 
New type domain.Question

[2020-03-08 16:02:50 #3 type] 
Type domain.Question is not enhanced.

[2020-03-08 16:02:50 #4 type.registry] 
New type domain.Event

[2020-03-08 16:02:50 #5 type.registry] 
New type domain.Pronostico

[2020-03-08 16:02:50 #6 type] 
Type domain.Event is not enhanced.

[2020-03-08 16:02:50 #7 type.registry] 
New type java.util.Vector<domain.Question>

[2020-03-08 16:02:50 #8 type] 
Type domain.Pronostico is not enhanced.

[2020-03-08 16:02:50 #9 type.registry] 
New type domain.User

[2020-03-08 16:02:50 #10 type] 
Type domain.User is not enhanced.

[2020-03-08 16:02:50 #11 type.registry] 
New type domain.Apuesta

[2020-03-08 16:02:50 #12 type.registry] 
New type java.util.ArrayList<domain.Apuesta>

[2020-03-08 16:02:50 #13 type] 
Type domain.Apuesta is not enhanced.

[2020-03-08 16:02:50 #14 type.registry] 
New type java.util.Vector<java.lang.Object>

