------------------------------------------------------------------------------------------------------------------------

[2020-03-14 03:21:42 #1 store] 
Database 'C:\Users\enely\git\GitNoFunciona\BestMain\resources\bets.temp' is opened by 15044@DESKTOP-3PB38CT

[2020-03-14 03:21:43 #2 type] 
Type domain.Question is not enhanced.

[2020-03-14 03:21:43 #3 type] 
Type domain.Event is not enhanced.

[2020-03-14 03:21:43 #4 type] 
Type domain.Pronostico is not enhanced.

[2020-03-14 03:21:43 #5 type] 
Type domain.User is not enhanced.

[2020-03-14 03:21:43 #6 type] 
Type domain.Apuesta is not enhanced.

------------------------------------------------------------------------------------------------------------------------

[2020-03-14 03:23:19 #1 store] 
Database 'C:\Users\enely\git\GitNoFunciona\BestMain\resources\bets.temp' is opened by 14644@DESKTOP-3PB38CT

[2020-03-14 03:23:19 #2 type] 
Type domain.Question is not enhanced.

[2020-03-14 03:23:19 #3 type] 
Type domain.Event is not enhanced.

[2020-03-14 03:23:19 #4 type] 
Type domain.Pronostico is not enhanced.

[2020-03-14 03:23:19 #5 type] 
Type domain.User is not enhanced.

[2020-03-14 03:23:19 #6 type] 
Type domain.Apuesta is not enhanced.

------------------------------------------------------------------------------------------------------------------------

[2020-03-14 03:23:57 #1 store] 
Database 'C:\Users\enely\git\GitNoFunciona\BestMain\resources\bets.temp' is opened by 15308@DESKTOP-3PB38CT

[2020-03-14 03:23:57 #2 type] 
Type domain.Question is not enhanced.

[2020-03-14 03:23:57 #3 type] 
Type domain.Event is not enhanced.

[2020-03-14 03:23:57 #4 type] 
Type domain.Pronostico is not enhanced.

[2020-03-14 03:23:57 #5 type] 
Type domain.User is not enhanced.

[2020-03-14 03:23:57 #6 type] 
Type domain.Apuesta is not enhanced.

------------------------------------------------------------------------------------------------------------------------

[2020-03-14 12:53:53 #1 store] 
Database 'C:\Users\enely\git\GitNoFunciona\BestMain\resources\bets.temp' is opened by 11172@DESKTOP-3PB38CT

[2020-03-14 12:53:53 #2 type] 
Type domain.Question is not enhanced.

[2020-03-14 12:53:53 #3 type] 
Type domain.Event is not enhanced.

[2020-03-14 12:53:53 #4 type] 
Type domain.Pronostico is not enhanced.

[2020-03-14 12:53:53 #5 type] 
Type domain.User is not enhanced.

[2020-03-14 12:53:53 #6 type] 
Type domain.Apuesta is not enhanced.

------------------------------------------------------------------------------------------------------------------------

[2020-03-14 12:59:18 #1 store] 
Database 'C:\Users\enely\git\GitNoFunciona\BestMain\resources\bets.temp' is opened by 4332@DESKTOP-3PB38CT

[2020-03-14 12:59:18 #2 type] 
Type domain.Question is not enhanced.

[2020-03-14 12:59:18 #3 type] 
Type domain.Event is not enhanced.

[2020-03-14 12:59:18 #4 type] 
Type domain.Pronostico is not enhanced.

[2020-03-14 12:59:18 #5 type] 
Type domain.User is not enhanced.

[2020-03-14 12:59:18 #6 type] 
Type domain.Apuesta is not enhanced.

------------------------------------------------------------------------------------------------------------------------

[2020-03-14 16:32:17 #1 store] 
Database 'C:\Users\enely\git\GitNoFunciona\BestMain\resources\bets.temp' is opened by 14952@DESKTOP-3PB38CT

[2020-03-14 16:32:17 #2 type] 
Type domain.Question is not enhanced.

[2020-03-14 16:32:17 #3 type] 
Type domain.Event is not enhanced.

[2020-03-14 16:32:17 #4 type] 
Type domain.Pronostico is not enhanced.

[2020-03-14 16:32:17 #5 type] 
Type domain.User is not enhanced.

[2020-03-14 16:32:17 #6 type] 
Type domain.Apuesta is not enhanced.

------------------------------------------------------------------------------------------------------------------------

[2020-03-14 16:32:43 #1 store] 
Database 'C:\Users\enely\git\GitNoFunciona\BestMain\resources\bets.temp' is opened by 10172@DESKTOP-3PB38CT

[2020-03-14 16:32:43 #2 type] 
Type domain.Question is not enhanced.

[2020-03-14 16:32:43 #3 type] 
Type domain.Event is not enhanced.

[2020-03-14 16:32:43 #4 type] 
Type domain.Pronostico is not enhanced.

[2020-03-14 16:32:43 #5 type] 
Type domain.User is not enhanced.

[2020-03-14 16:32:43 #6 type] 
Type domain.Apuesta is not enhanced.

------------------------------------------------------------------------------------------------------------------------

[2020-03-14 17:00:41 #1 store] 
Database 'C:\Users\enely\git\GitNoFunciona\BestMain\resources\bets.temp' is opened by 11544@DESKTOP-3PB38CT

[2020-03-14 17:00:41 #2 type] 
Type domain.Question is not enhanced.

[2020-03-14 17:00:41 #3 type] 
Type domain.Event is not enhanced.

[2020-03-14 17:00:41 #4 type] 
Type domain.Pronostico is not enhanced.

[2020-03-14 17:00:41 #5 type] 
Type domain.User is not enhanced.

[2020-03-14 17:00:41 #6 type] 
Type domain.Apuesta is not enhanced.

------------------------------------------------------------------------------------------------------------------------

[2020-03-14 17:03:49 #1 store] 
Database 'C:\Users\enely\git\GitNoFunciona\BestMain\resources\bets.temp' is opened by 5400@DESKTOP-3PB38CT

[2020-03-14 17:03:49 #2 type] 
Type domain.Question is not enhanced.

[2020-03-14 17:03:49 #3 type] 
Type domain.Event is not enhanced.

[2020-03-14 17:03:49 #4 type] 
Type domain.Pronostico is not enhanced.

[2020-03-14 17:03:49 #5 type] 
Type domain.User is not enhanced.

[2020-03-14 17:03:49 #6 type] 
Type domain.Apuesta is not enhanced.

------------------------------------------------------------------------------------------------------------------------

[2020-03-14 17:06:40 #1 store] 
Database 'C:\Users\enely\git\GitNoFunciona\BestMain\resources\bets.temp' is opened by 9404@DESKTOP-3PB38CT

[2020-03-14 17:06:40 #2 type] 
Type domain.Question is not enhanced.

[2020-03-14 17:06:40 #3 type] 
Type domain.Event is not enhanced.

[2020-03-14 17:06:40 #4 type] 
Type domain.Pronostico is not enhanced.

[2020-03-14 17:06:40 #5 type] 
Type domain.User is not enhanced.

[2020-03-14 17:06:40 #6 type] 
Type domain.Apuesta is not enhanced.

------------------------------------------------------------------------------------------------------------------------

[2020-03-14 17:25:53 #1 store] 
Database 'C:\Users\enely\git\GitNoFunciona\BestMain\resources\bets.temp' is opened by 13948@DESKTOP-3PB38CT

[2020-03-14 17:25:54 #2 type] 
Type domain.Question is not enhanced.

[2020-03-14 17:25:54 #3 type] 
Type domain.Event is not enhanced.

[2020-03-14 17:25:54 #4 type] 
Type domain.Pronostico is not enhanced.

[2020-03-14 17:25:54 #5 type] 
Type domain.User is not enhanced.

[2020-03-14 17:25:54 #6 type] 
Type domain.Apuesta is not enhanced.

------------------------------------------------------------------------------------------------------------------------

[2020-03-14 18:27:10 #1 store] 
Database 'C:\Users\enely\git\GitNoFunciona\BestMain\resources\bets.temp' is opened by 3312@DESKTOP-3PB38CT

[2020-03-14 18:27:11 #2 type] 
Type domain.Question is not enhanced.

[2020-03-14 18:27:11 #3 type] 
Type domain.Event is not enhanced.

[2020-03-14 18:27:11 #4 type] 
Type domain.Pronostico is not enhanced.

[2020-03-14 18:27:11 #5 type] 
Type domain.User is not enhanced.

[2020-03-14 18:27:11 #6 type] 
Type domain.Apuesta is not enhanced.

------------------------------------------------------------------------------------------------------------------------

[2020-03-14 18:54:03 #1 store] 
Database 'C:\Users\enely\git\GitNoFunciona\BestMain\resources\bets.temp' is opened by 3024@DESKTOP-3PB38CT

[2020-03-14 18:54:03 #2 type] 
Type domain.Question is not enhanced.

[2020-03-14 18:54:03 #3 type] 
Type domain.Event is not enhanced.

[2020-03-14 18:54:03 #4 type] 
Type domain.Pronostico is not enhanced.

[2020-03-14 18:54:03 #5 type] 
Type domain.User is not enhanced.

[2020-03-14 18:54:03 #6 type] 
Type domain.Apuesta is not enhanced.

------------------------------------------------------------------------------------------------------------------------

[2020-03-14 18:56:53 #1 store] 
Database 'C:\Users\enely\git\GitNoFunciona\BestMain\resources\bets.temp' is opened by 11760@DESKTOP-3PB38CT

[2020-03-14 18:56:53 #2 type] 
Type domain.Question is not enhanced.

[2020-03-14 18:56:53 #3 type] 
Type domain.Event is not enhanced.

[2020-03-14 18:56:53 #4 type] 
Type domain.Pronostico is not enhanced.

[2020-03-14 18:56:53 #5 type] 
Type domain.User is not enhanced.

[2020-03-14 18:56:53 #6 type] 
Type domain.Apuesta is not enhanced.

------------------------------------------------------------------------------------------------------------------------

[2020-03-14 18:57:34 #1 store] 
Database 'C:\Users\enely\git\GitNoFunciona\BestMain\resources\bets.temp' is opened by 1440@DESKTOP-3PB38CT

[2020-03-14 18:57:34 #2 type] 
Type domain.Question is not enhanced.

[2020-03-14 18:57:34 #3 type] 
Type domain.Event is not enhanced.

[2020-03-14 18:57:34 #4 type] 
Type domain.Pronostico is not enhanced.

[2020-03-14 18:57:34 #5 type] 
Type domain.User is not enhanced.

[2020-03-14 18:57:34 #6 type] 
Type domain.Apuesta is not enhanced.

------------------------------------------------------------------------------------------------------------------------

[2020-03-14 19:00:48 #1 store] 
Database 'C:\Users\enely\git\GitNoFunciona\BestMain\resources\bets.temp' is opened by 10464@DESKTOP-3PB38CT

[2020-03-14 19:00:48 #2 type] 
Type domain.Question is not enhanced.

[2020-03-14 19:00:48 #3 type] 
Type domain.Event is not enhanced.

[2020-03-14 19:00:48 #4 type] 
Type domain.Pronostico is not enhanced.

[2020-03-14 19:00:48 #5 type] 
Type domain.User is not enhanced.

[2020-03-14 19:00:48 #6 type] 
Type domain.Apuesta is not enhanced.

------------------------------------------------------------------------------------------------------------------------

[2020-03-14 19:05:06 #1 store] 
Database 'C:\Users\enely\git\GitNoFunciona\BestMain\resources\bets.temp' is opened by 12712@DESKTOP-3PB38CT

[2020-03-14 19:05:06 #2 type] 
Type domain.Question is not enhanced.

[2020-03-14 19:05:06 #3 type] 
Type domain.Event is not enhanced.

[2020-03-14 19:05:06 #4 type] 
Type domain.Pronostico is not enhanced.

[2020-03-14 19:05:06 #5 type] 
Type domain.User is not enhanced.

[2020-03-14 19:05:06 #6 type] 
Type domain.Apuesta is not enhanced.

------------------------------------------------------------------------------------------------------------------------

[2020-03-14 19:06:50 #1 store] 
Database 'C:\Users\enely\git\GitNoFunciona\BestMain\resources\bets.temp' is opened by 6692@DESKTOP-3PB38CT

[2020-03-14 19:06:50 #2 type] 
Type domain.Question is not enhanced.

[2020-03-14 19:06:50 #3 type] 
Type domain.Event is not enhanced.

[2020-03-14 19:06:50 #4 type] 
Type domain.Pronostico is not enhanced.

[2020-03-14 19:06:50 #5 type] 
Type domain.User is not enhanced.

[2020-03-14 19:06:50 #6 type] 
Type domain.Apuesta is not enhanced.

------------------------------------------------------------------------------------------------------------------------

[2020-03-14 19:10:16 #1 store] 
Database 'C:\Users\enely\git\GitNoFunciona\BestMain\resources\bets.temp' is opened by 15892@DESKTOP-3PB38CT

[2020-03-14 19:10:16 #2 type] 
Type domain.Question is not enhanced.

[2020-03-14 19:10:16 #3 type] 
Type domain.Event is not enhanced.

[2020-03-14 19:10:16 #4 type] 
Type domain.Pronostico is not enhanced.

[2020-03-14 19:10:16 #5 type] 
Type domain.User is not enhanced.

[2020-03-14 19:10:16 #6 type] 
Type domain.Apuesta is not enhanced.

------------------------------------------------------------------------------------------------------------------------

[2020-03-14 19:11:54 #1 store] 
Database 'C:\Users\enely\git\GitNoFunciona\BestMain\resources\bets.temp' is opened by 7528@DESKTOP-3PB38CT

[2020-03-14 19:11:54 #2 type] 
Type domain.Question is not enhanced.

[2020-03-14 19:11:54 #3 type] 
Type domain.Event is not enhanced.

[2020-03-14 19:11:54 #4 type] 
Type domain.Pronostico is not enhanced.

[2020-03-14 19:11:54 #5 type] 
Type domain.User is not enhanced.

[2020-03-14 19:11:54 #6 type] 
Type domain.Apuesta is not enhanced.

------------------------------------------------------------------------------------------------------------------------

[2020-03-14 19:17:26 #1 store] 
Database 'C:\Users\enely\git\GitNoFunciona\BestMain\resources\bets.temp' is opened by 15508@DESKTOP-3PB38CT

[2020-03-14 19:17:26 #2 type] 
Type domain.Question is not enhanced.

[2020-03-14 19:17:26 #3 type] 
Type domain.Event is not enhanced.

[2020-03-14 19:17:26 #4 type] 
Type domain.Pronostico is not enhanced.

[2020-03-14 19:17:26 #5 type] 
Type domain.User is not enhanced.

[2020-03-14 19:17:26 #6 type] 
Type domain.Apuesta is not enhanced.

------------------------------------------------------------------------------------------------------------------------

[2020-03-14 19:20:14 #1 store] 
Database 'C:\Users\enely\git\GitNoFunciona\BestMain\resources\bets.temp' is opened by 16268@DESKTOP-3PB38CT

[2020-03-14 19:20:14 #2 type] 
Type domain.Question is not enhanced.

[2020-03-14 19:20:14 #3 type] 
Type domain.Event is not enhanced.

[2020-03-14 19:20:14 #4 type] 
Type domain.Pronostico is not enhanced.

[2020-03-14 19:20:14 #5 type] 
Type domain.User is not enhanced.

[2020-03-14 19:20:14 #6 type] 
Type domain.Apuesta is not enhanced.

------------------------------------------------------------------------------------------------------------------------

[2020-03-14 19:53:49 #1 store] 
Database 'C:\Users\enely\git\GitNoFunciona\BestMain\resources\bets.temp' has been recovered (tr. 9-9)

[2020-03-14 19:53:49 #2 store] 
Database 'C:\Users\enely\git\GitNoFunciona\BestMain\resources\bets.temp' is opened by 2472@DESKTOP-3PB38CT

[2020-03-14 19:53:49 #3 type] 
Type domain.Question is not enhanced.

[2020-03-14 19:53:49 #4 type] 
Type domain.Event is not enhanced.

[2020-03-14 19:53:49 #5 type] 
Type domain.Pronostico is not enhanced.

[2020-03-14 19:53:49 #6 type] 
Type domain.User is not enhanced.

[2020-03-14 19:53:49 #7 type] 
Type domain.Apuesta is not enhanced.

------------------------------------------------------------------------------------------------------------------------

[2020-03-14 19:59:22 #1 store] 
Database 'C:\Users\enely\git\GitNoFunciona\BestMain\resources\bets.temp' has been recovered (tr. 10-10)

[2020-03-14 19:59:22 #2 store] 
Database 'C:\Users\enely\git\GitNoFunciona\BestMain\resources\bets.temp' is opened by 12724@DESKTOP-3PB38CT

[2020-03-14 19:59:22 #3 type] 
Type domain.Question is not enhanced.

[2020-03-14 19:59:22 #4 type] 
Type domain.Event is not enhanced.

[2020-03-14 19:59:22 #5 type] 
Type domain.Pronostico is not enhanced.

[2020-03-14 19:59:22 #6 type] 
Type domain.User is not enhanced.

[2020-03-14 19:59:22 #7 type] 
Type domain.Apuesta is not enhanced.

------------------------------------------------------------------------------------------------------------------------

[2020-03-14 20:02:02 #1 store] 
Database 'C:\Users\enely\git\GitNoFunciona\BestMain\resources\bets.temp' has been recovered (tr. 11-12)

[2020-03-14 20:02:02 #2 store] 
Database 'C:\Users\enely\git\GitNoFunciona\BestMain\resources\bets.temp' is opened by 3240@DESKTOP-3PB38CT

[2020-03-14 20:02:02 #3 type] 
Type domain.Question is not enhanced.

[2020-03-14 20:02:02 #4 type] 
Type domain.Event is not enhanced.

[2020-03-14 20:02:02 #5 type] 
Type domain.Pronostico is not enhanced.

[2020-03-14 20:02:02 #6 type] 
Type domain.User is not enhanced.

[2020-03-14 20:02:02 #7 type] 
Type domain.Apuesta is not enhanced.

------------------------------------------------------------------------------------------------------------------------

[2020-03-14 20:06:36 #1 store] 
Database 'C:\Users\enely\git\GitNoFunciona\BestMain\resources\bets.temp' has been recovered (tr. 13-13)

[2020-03-14 20:06:36 #2 store] 
Database 'C:\Users\enely\git\GitNoFunciona\BestMain\resources\bets.temp' is opened by 1048@DESKTOP-3PB38CT

[2020-03-14 20:06:37 #3 type] 
Type domain.Question is not enhanced.

[2020-03-14 20:06:37 #4 type] 
Type domain.Event is not enhanced.

[2020-03-14 20:06:37 #5 type] 
Type domain.Pronostico is not enhanced.

[2020-03-14 20:06:37 #6 type] 
Type domain.User is not enhanced.

[2020-03-14 20:06:37 #7 type] 
Type domain.Apuesta is not enhanced.

