------------------------------------------------------------------------------------------------------------------------

[2020-03-16 16:21:09 #1 store] 
Database 'C:\Users\enely\git\GitNoFunciona\BestMain\resources\bets.temp' is opened by 4908@DESKTOP-3PB38CT

[2020-03-16 16:21:09 #2 type] 
Type domain.Question is not enhanced.

[2020-03-16 16:21:09 #3 type] 
Type domain.Event is not enhanced.

[2020-03-16 16:21:09 #4 type] 
Type domain.Pronostico is not enhanced.

[2020-03-16 16:21:09 #5 type] 
Type domain.User is not enhanced.

[2020-03-16 16:21:09 #6 type] 
Type domain.Apuesta is not enhanced.

------------------------------------------------------------------------------------------------------------------------

[2020-03-16 16:21:39 #1 store] 
Database 'C:\Users\enely\git\GitNoFunciona\BestMain\resources\bets.temp' is opened by 11928@DESKTOP-3PB38CT

[2020-03-16 16:21:39 #2 type] 
Type domain.Question is not enhanced.

[2020-03-16 16:21:39 #3 type] 
Type domain.Event is not enhanced.

[2020-03-16 16:21:39 #4 type] 
Type domain.Pronostico is not enhanced.

[2020-03-16 16:21:39 #5 type] 
Type domain.User is not enhanced.

[2020-03-16 16:21:39 #6 type] 
Type domain.Apuesta is not enhanced.

------------------------------------------------------------------------------------------------------------------------

[2020-03-16 16:29:34 #1 store] 
Database 'C:\Users\enely\git\GitNoFunciona\BestMain\resources\bets.temp' is opened by 4024@DESKTOP-3PB38CT

[2020-03-16 16:29:34 #2 type] 
Type domain.Question is not enhanced.

[2020-03-16 16:29:34 #3 type] 
Type domain.Event is not enhanced.

[2020-03-16 16:29:34 #4 type] 
Type domain.Pronostico is not enhanced.

[2020-03-16 16:29:34 #5 type] 
Type domain.User is not enhanced.

[2020-03-16 16:29:34 #6 type] 
Type domain.Apuesta is not enhanced.

------------------------------------------------------------------------------------------------------------------------

[2020-03-16 16:29:57 #1 store] 
Database 'C:\Users\enely\git\GitNoFunciona\BestMain\resources\bets.temp' is opened by 12928@DESKTOP-3PB38CT

[2020-03-16 16:29:57 #2 type] 
Type domain.Question is not enhanced.

[2020-03-16 16:29:57 #3 type] 
Type domain.Event is not enhanced.

[2020-03-16 16:29:57 #4 type] 
Type domain.Pronostico is not enhanced.

[2020-03-16 16:29:57 #5 type] 
Type domain.User is not enhanced.

[2020-03-16 16:29:57 #6 type] 
Type domain.Apuesta is not enhanced.

------------------------------------------------------------------------------------------------------------------------

[2020-03-16 16:31:13 #1 store] 
Database 'C:\Users\enely\git\GitNoFunciona\BestMain\resources\bets.temp' is opened by 16200@DESKTOP-3PB38CT

[2020-03-16 16:31:13 #2 type] 
Type domain.Question is not enhanced.

[2020-03-16 16:31:13 #3 type] 
Type domain.Event is not enhanced.

[2020-03-16 16:31:13 #4 type] 
Type domain.Pronostico is not enhanced.

[2020-03-16 16:31:13 #5 type] 
Type domain.User is not enhanced.

[2020-03-16 16:31:13 #6 type] 
Type domain.Apuesta is not enhanced.

------------------------------------------------------------------------------------------------------------------------

[2020-03-16 16:32:28 #1 store] 
Database 'C:\Users\enely\git\GitNoFunciona\BestMain\resources\bets.temp' is opened by 2236@DESKTOP-3PB38CT

[2020-03-16 16:32:28 #2 type] 
Type domain.Question is not enhanced.

[2020-03-16 16:32:28 #3 type] 
Type domain.Event is not enhanced.

[2020-03-16 16:32:28 #4 type] 
Type domain.Pronostico is not enhanced.

[2020-03-16 16:32:28 #5 type] 
Type domain.User is not enhanced.

[2020-03-16 16:32:28 #6 type] 
Type domain.Apuesta is not enhanced.

------------------------------------------------------------------------------------------------------------------------

[2020-03-16 17:39:05 #1 store] 
Database 'C:\Users\enely\git\GitNoFunciona\BestMain\resources\bets.temp' is opened by 9240@DESKTOP-3PB38CT

[2020-03-16 17:39:05 #2 type] 
Type domain.Question is not enhanced.

[2020-03-16 17:39:05 #3 type] 
Type domain.Event is not enhanced.

[2020-03-16 17:39:05 #4 type] 
Type domain.Pronostico is not enhanced.

[2020-03-16 17:39:05 #5 type] 
Type domain.User is not enhanced.

[2020-03-16 17:39:05 #6 type] 
Type domain.Apuesta is not enhanced.

------------------------------------------------------------------------------------------------------------------------

[2020-03-16 18:07:12 #1 store] 
Database 'C:\Users\enely\git\GitNoFunciona\BestMain\resources\bets.temp' is opened by 10440@DESKTOP-3PB38CT

[2020-03-16 18:07:12 #2 type.registry] 
New type domain.Question

[2020-03-16 18:07:12 #3 type] 
Type domain.Question is not enhanced.

[2020-03-16 18:07:12 #4 type.registry] 
New type domain.Event

[2020-03-16 18:07:12 #5 type.registry] 
New type domain.Pronostico

[2020-03-16 18:07:12 #6 type] 
Type domain.Event is not enhanced.

[2020-03-16 18:07:12 #7 type.registry] 
New type java.util.Vector<domain.Question>

[2020-03-16 18:07:12 #8 type] 
Type domain.Pronostico is not enhanced.

[2020-03-16 18:07:12 #9 type.registry] 
New type domain.User

[2020-03-16 18:07:12 #10 type] 
Type domain.User is not enhanced.

[2020-03-16 18:07:12 #11 type.registry] 
New type domain.Apuesta

[2020-03-16 18:07:12 #12 type.registry] 
New type java.util.ArrayList<domain.Apuesta>

[2020-03-16 18:07:12 #13 type] 
Type domain.Apuesta is not enhanced.

[2020-03-16 18:07:12 #14 type.registry] 
New type java.util.Vector<java.lang.Object>

[2020-03-16 18:07:12 #15 type.registry] 
New type java.util.ArrayList<java.lang.Object>

------------------------------------------------------------------------------------------------------------------------

[2020-03-16 18:09:30 #1 store] 
Database 'C:\Users\enely\git\GitNoFunciona\BestMain\resources\bets.temp' is opened by 11584@DESKTOP-3PB38CT

[2020-03-16 18:09:30 #2 type.registry] 
New type domain.Question

[2020-03-16 18:09:30 #3 type] 
Type domain.Question is not enhanced.

[2020-03-16 18:09:30 #4 type.registry] 
New type domain.Event

[2020-03-16 18:09:30 #5 type.registry] 
New type domain.Pronostico

[2020-03-16 18:09:30 #6 type] 
Type domain.Event is not enhanced.

[2020-03-16 18:09:30 #7 type.registry] 
New type java.util.Vector<domain.Question>

[2020-03-16 18:09:30 #8 type] 
Type domain.Pronostico is not enhanced.

[2020-03-16 18:09:30 #9 type.registry] 
New type domain.User

[2020-03-16 18:09:30 #10 type] 
Type domain.User is not enhanced.

[2020-03-16 18:09:30 #11 type.registry] 
New type domain.Apuesta

[2020-03-16 18:09:30 #12 type.registry] 
New type java.util.ArrayList<domain.Apuesta>

[2020-03-16 18:09:30 #13 type] 
Type domain.Apuesta is not enhanced.

[2020-03-16 18:09:30 #14 type.registry] 
New type java.util.Vector<java.lang.Object>

[2020-03-16 18:09:30 #15 type.registry] 
New type java.util.ArrayList<java.lang.Object>

------------------------------------------------------------------------------------------------------------------------

[2020-03-16 18:09:52 #1 store] 
Database 'C:\Users\enely\git\GitNoFunciona\BestMain\resources\bets.temp' is opened by 5364@DESKTOP-3PB38CT

[2020-03-16 18:09:52 #2 type.registry] 
New type domain.Question

[2020-03-16 18:09:52 #3 type] 
Type domain.Question is not enhanced.

[2020-03-16 18:09:52 #4 type.registry] 
New type domain.Event

[2020-03-16 18:09:52 #5 type.registry] 
New type domain.Pronostico

[2020-03-16 18:09:52 #6 type] 
Type domain.Event is not enhanced.

[2020-03-16 18:09:52 #7 type.registry] 
New type java.util.Vector<domain.Question>

[2020-03-16 18:09:52 #8 type] 
Type domain.Pronostico is not enhanced.

[2020-03-16 18:09:52 #9 type.registry] 
New type domain.User

[2020-03-16 18:09:52 #10 type] 
Type domain.User is not enhanced.

[2020-03-16 18:09:52 #11 type.registry] 
New type domain.Apuesta

[2020-03-16 18:09:52 #12 type.registry] 
New type java.util.ArrayList<domain.Apuesta>

[2020-03-16 18:09:52 #13 type] 
Type domain.Apuesta is not enhanced.

[2020-03-16 18:09:52 #14 type.registry] 
New type java.util.Vector<java.lang.Object>

[2020-03-16 18:09:52 #15 type.registry] 
New type java.util.ArrayList<java.lang.Object>

------------------------------------------------------------------------------------------------------------------------

[2020-03-16 18:32:25 #1 store] 
Database 'C:\Users\enely\git\GitNoFunciona\BestMain\resources\bets.temp' is opened by 6160@DESKTOP-3PB38CT

[2020-03-16 18:32:26 #2 type.registry] 
New type domain.Question

[2020-03-16 18:32:26 #3 type] 
Type domain.Question is not enhanced.

[2020-03-16 18:32:26 #4 type.registry] 
New type domain.Event

[2020-03-16 18:32:26 #5 type.registry] 
New type domain.Pronostico

[2020-03-16 18:32:26 #6 type] 
Type domain.Event is not enhanced.

[2020-03-16 18:32:26 #7 type.registry] 
New type java.util.Vector<domain.Question>

[2020-03-16 18:32:26 #8 type] 
Type domain.Pronostico is not enhanced.

[2020-03-16 18:32:26 #9 type.registry] 
New type domain.User

[2020-03-16 18:32:26 #10 type] 
Type domain.User is not enhanced.

[2020-03-16 18:32:26 #11 type.registry] 
New type domain.Apuesta

[2020-03-16 18:32:26 #12 type.registry] 
New type java.util.ArrayList<domain.Apuesta>

[2020-03-16 18:32:26 #13 type] 
Type domain.Apuesta is not enhanced.

[2020-03-16 18:32:26 #14 type.registry] 
New type java.util.Vector<java.lang.Object>

[2020-03-16 18:32:26 #15 type.registry] 
New type java.util.ArrayList<java.lang.Object>

------------------------------------------------------------------------------------------------------------------------

[2020-03-16 18:44:02 #1 store] 
Database 'C:\Users\enely\git\GitNoFunciona\BestMain\resources\bets.temp' is opened by 9400@DESKTOP-3PB38CT

[2020-03-16 18:44:02 #2 type.registry] 
New type domain.Question

[2020-03-16 18:44:02 #3 type] 
Type domain.Question is not enhanced.

[2020-03-16 18:44:02 #4 type.registry] 
New type domain.Event

[2020-03-16 18:44:02 #5 type.registry] 
New type domain.Pronostico

[2020-03-16 18:44:02 #6 type] 
Type domain.Event is not enhanced.

[2020-03-16 18:44:02 #7 type.registry] 
New type java.util.Vector<domain.Question>

[2020-03-16 18:44:02 #8 type] 
Type domain.Pronostico is not enhanced.

[2020-03-16 18:44:02 #9 type.registry] 
New type domain.User

[2020-03-16 18:44:02 #10 type] 
Type domain.User is not enhanced.

[2020-03-16 18:44:02 #11 type.registry] 
New type domain.Apuesta

[2020-03-16 18:44:02 #12 type.registry] 
New type java.util.ArrayList<domain.Apuesta>

[2020-03-16 18:44:02 #13 type] 
Type domain.Apuesta is not enhanced.

[2020-03-16 18:44:02 #14 type.registry] 
New type java.util.Vector<java.lang.Object>

[2020-03-16 18:44:02 #15 type.registry] 
New type java.util.ArrayList<java.lang.Object>

------------------------------------------------------------------------------------------------------------------------

[2020-03-16 18:47:01 #1 store] 
Database 'C:\Users\enely\git\GitNoFunciona\BestMain\resources\bets.temp' is opened by 12512@DESKTOP-3PB38CT

[2020-03-16 18:47:01 #2 type.registry] 
New type domain.Question

[2020-03-16 18:47:01 #3 type] 
Type domain.Question is not enhanced.

[2020-03-16 18:47:01 #4 type.registry] 
New type domain.Event

[2020-03-16 18:47:01 #5 type.registry] 
New type domain.Pronostico

[2020-03-16 18:47:01 #6 type] 
Type domain.Event is not enhanced.

[2020-03-16 18:47:01 #7 type.registry] 
New type java.util.Vector<domain.Question>

[2020-03-16 18:47:01 #8 type] 
Type domain.Pronostico is not enhanced.

[2020-03-16 18:47:01 #9 type.registry] 
New type domain.User

[2020-03-16 18:47:01 #10 type] 
Type domain.User is not enhanced.

[2020-03-16 18:47:01 #11 type.registry] 
New type domain.Apuesta

[2020-03-16 18:47:01 #12 type.registry] 
New type java.util.ArrayList<domain.Apuesta>

[2020-03-16 18:47:01 #13 type] 
Type domain.Apuesta is not enhanced.

[2020-03-16 18:47:01 #14 type.registry] 
New type java.util.Vector<java.lang.Object>

[2020-03-16 18:47:01 #15 type.registry] 
New type java.util.ArrayList<java.lang.Object>

------------------------------------------------------------------------------------------------------------------------

[2020-03-16 18:52:52 #1 store] 
Database 'C:\Users\enely\git\GitNoFunciona\BestMain\resources\bets.temp' is opened by 16236@DESKTOP-3PB38CT

[2020-03-16 18:52:52 #2 type.registry] 
New type domain.Question

[2020-03-16 18:52:52 #3 type] 
Type domain.Question is not enhanced.

[2020-03-16 18:52:52 #4 type.registry] 
New type domain.Event

[2020-03-16 18:52:52 #5 type.registry] 
New type domain.Pronostico

[2020-03-16 18:52:52 #6 type] 
Type domain.Event is not enhanced.

[2020-03-16 18:52:52 #7 type.registry] 
New type java.util.Vector<domain.Question>

[2020-03-16 18:52:52 #8 type] 
Type domain.Pronostico is not enhanced.

[2020-03-16 18:52:52 #9 type.registry] 
New type domain.User

[2020-03-16 18:52:52 #10 type] 
Type domain.User is not enhanced.

[2020-03-16 18:52:52 #11 type.registry] 
New type domain.Apuesta

[2020-03-16 18:52:52 #12 type.registry] 
New type java.util.ArrayList<domain.Apuesta>

[2020-03-16 18:52:52 #13 type] 
Type domain.Apuesta is not enhanced.

[2020-03-16 18:52:52 #14 type.registry] 
New type java.util.Vector<java.lang.Object>

[2020-03-16 18:52:52 #15 type.registry] 
New type java.util.ArrayList<java.lang.Object>

------------------------------------------------------------------------------------------------------------------------

[2020-03-16 18:55:29 #1 store] 
Database 'C:\Users\enely\git\GitNoFunciona\BestMain\resources\bets.temp' is opened by 8336@DESKTOP-3PB38CT

[2020-03-16 18:55:30 #2 type.registry] 
New type domain.Question

[2020-03-16 18:55:30 #3 type] 
Type domain.Question is not enhanced.

[2020-03-16 18:55:30 #4 type.registry] 
New type domain.Event

[2020-03-16 18:55:30 #5 type.registry] 
New type domain.Pronostico

[2020-03-16 18:55:30 #6 type] 
Type domain.Event is not enhanced.

[2020-03-16 18:55:30 #7 type.registry] 
New type java.util.Vector<domain.Question>

[2020-03-16 18:55:30 #8 type] 
Type domain.Pronostico is not enhanced.

[2020-03-16 18:55:30 #9 type.registry] 
New type domain.User

[2020-03-16 18:55:30 #10 type] 
Type domain.User is not enhanced.

[2020-03-16 18:55:30 #11 type.registry] 
New type domain.Apuesta

[2020-03-16 18:55:30 #12 type.registry] 
New type java.util.ArrayList<domain.Apuesta>

[2020-03-16 18:55:30 #13 type] 
Type domain.Apuesta is not enhanced.

[2020-03-16 18:55:30 #14 type.registry] 
New type java.util.Vector<java.lang.Object>

[2020-03-16 18:55:30 #15 type.registry] 
New type java.util.ArrayList<java.lang.Object>

