------------------------------------------------------------------------------------------------------------------------

[2020-03-15 01:43:21 #1 store] 
Database 'C:\Users\enely\git\GitNoFunciona\BestMain\resources\bets.temp' has been recovered (tr. 14-14)

[2020-03-15 01:43:21 #2 store] 
Database 'C:\Users\enely\git\GitNoFunciona\BestMain\resources\bets.temp' is opened by 10864@DESKTOP-3PB38CT

[2020-03-15 01:43:21 #3 type] 
Type domain.Question is not enhanced.

[2020-03-15 01:43:21 #4 type] 
Type domain.Event is not enhanced.

[2020-03-15 01:43:21 #5 type] 
Type domain.Pronostico is not enhanced.

[2020-03-15 01:43:21 #6 type] 
Type domain.User is not enhanced.

[2020-03-15 01:43:21 #7 type] 
Type domain.Apuesta is not enhanced.

------------------------------------------------------------------------------------------------------------------------

[2020-03-15 01:43:58 #1 store] 
Database 'C:\Users\enely\git\GitNoFunciona\BestMain\resources\bets.temp' is opened by 5616@DESKTOP-3PB38CT

[2020-03-15 01:43:58 #2 type] 
Type domain.Question is not enhanced.

[2020-03-15 01:43:58 #3 type] 
Type domain.Event is not enhanced.

[2020-03-15 01:43:58 #4 type] 
Type domain.Pronostico is not enhanced.

[2020-03-15 01:43:58 #5 type] 
Type domain.User is not enhanced.

[2020-03-15 01:43:58 #6 type] 
Type domain.Apuesta is not enhanced.

------------------------------------------------------------------------------------------------------------------------

[2020-03-15 01:46:06 #1 store] 
Database 'C:\Users\enely\git\GitNoFunciona\BestMain\resources\bets.temp' is opened by 12060@DESKTOP-3PB38CT

[2020-03-15 01:46:06 #2 type] 
Type domain.Question is not enhanced.

[2020-03-15 01:46:06 #3 type] 
Type domain.Event is not enhanced.

[2020-03-15 01:46:06 #4 type] 
Type domain.Pronostico is not enhanced.

[2020-03-15 01:46:06 #5 type] 
Type domain.User is not enhanced.

[2020-03-15 01:46:06 #6 type] 
Type domain.Apuesta is not enhanced.

------------------------------------------------------------------------------------------------------------------------

[2020-03-15 01:49:00 #1 store] 
Database 'C:\Users\enely\git\GitNoFunciona\BestMain\resources\bets.temp' has been recovered (tr. 18-18)

[2020-03-15 01:49:00 #2 store] 
Database 'C:\Users\enely\git\GitNoFunciona\BestMain\resources\bets.temp' is opened by 1092@DESKTOP-3PB38CT

[2020-03-15 01:49:00 #3 type] 
Type domain.Question is not enhanced.

[2020-03-15 01:49:00 #4 type] 
Type domain.Event is not enhanced.

[2020-03-15 01:49:00 #5 type] 
Type domain.Pronostico is not enhanced.

[2020-03-15 01:49:00 #6 type] 
Type domain.User is not enhanced.

[2020-03-15 01:49:00 #7 type] 
Type domain.Apuesta is not enhanced.

------------------------------------------------------------------------------------------------------------------------

[2020-03-15 01:50:35 #1 store] 
Database 'C:\Users\enely\git\GitNoFunciona\BestMain\resources\bets.temp' is opened by 14364@DESKTOP-3PB38CT

[2020-03-15 01:50:36 #2 type] 
Type domain.Question is not enhanced.

[2020-03-15 01:50:36 #3 type] 
Type domain.Event is not enhanced.

[2020-03-15 01:50:36 #4 type] 
Type domain.Pronostico is not enhanced.

[2020-03-15 01:50:36 #5 type] 
Type domain.User is not enhanced.

[2020-03-15 01:50:36 #6 type] 
Type domain.Apuesta is not enhanced.

------------------------------------------------------------------------------------------------------------------------

[2020-03-15 01:51:29 #1 store] 
Database 'C:\Users\enely\git\GitNoFunciona\BestMain\resources\bets.temp' is opened by 1592@DESKTOP-3PB38CT

[2020-03-15 01:51:29 #2 type] 
Type domain.Question is not enhanced.

[2020-03-15 01:51:29 #3 type] 
Type domain.Event is not enhanced.

[2020-03-15 01:51:29 #4 type] 
Type domain.Pronostico is not enhanced.

[2020-03-15 01:51:29 #5 type] 
Type domain.User is not enhanced.

[2020-03-15 01:51:29 #6 type] 
Type domain.Apuesta is not enhanced.

------------------------------------------------------------------------------------------------------------------------

[2020-03-15 01:54:15 #1 store] 
Database 'C:\Users\enely\git\GitNoFunciona\BestMain\resources\bets.temp' is opened by 11500@DESKTOP-3PB38CT

[2020-03-15 01:54:15 #2 type] 
Type domain.Question is not enhanced.

[2020-03-15 01:54:15 #3 type] 
Type domain.Event is not enhanced.

[2020-03-15 01:54:15 #4 type] 
Type domain.Pronostico is not enhanced.

[2020-03-15 01:54:15 #5 type] 
Type domain.User is not enhanced.

[2020-03-15 01:54:15 #6 type] 
Type domain.Apuesta is not enhanced.

------------------------------------------------------------------------------------------------------------------------

[2020-03-15 01:55:17 #1 store] 
Database 'C:\Users\enely\git\GitNoFunciona\BestMain\resources\bets.temp' is opened by 9972@DESKTOP-3PB38CT

[2020-03-15 01:55:17 #2 type] 
Type domain.Question is not enhanced.

[2020-03-15 01:55:17 #3 type] 
Type domain.Event is not enhanced.

[2020-03-15 01:55:17 #4 type] 
Type domain.Pronostico is not enhanced.

[2020-03-15 01:55:17 #5 type] 
Type domain.User is not enhanced.

[2020-03-15 01:55:17 #6 type] 
Type domain.Apuesta is not enhanced.

------------------------------------------------------------------------------------------------------------------------

[2020-03-15 01:59:01 #1 store] 
Database 'C:\Users\enely\git\GitNoFunciona\BestMain\resources\bets.temp' is opened by 3540@DESKTOP-3PB38CT

[2020-03-15 01:59:01 #2 type] 
Type domain.Question is not enhanced.

[2020-03-15 01:59:01 #3 type] 
Type domain.Event is not enhanced.

[2020-03-15 01:59:01 #4 type] 
Type domain.Pronostico is not enhanced.

[2020-03-15 01:59:01 #5 type] 
Type domain.User is not enhanced.

[2020-03-15 01:59:01 #6 type] 
Type domain.Apuesta is not enhanced.

------------------------------------------------------------------------------------------------------------------------

[2020-03-15 02:00:18 #1 store] 
Database 'C:\Users\enely\git\GitNoFunciona\BestMain\resources\bets.temp' is opened by 4072@DESKTOP-3PB38CT

[2020-03-15 02:00:19 #2 type] 
Type domain.Question is not enhanced.

[2020-03-15 02:00:19 #3 type] 
Type domain.Event is not enhanced.

[2020-03-15 02:00:19 #4 type] 
Type domain.Pronostico is not enhanced.

[2020-03-15 02:00:19 #5 type] 
Type domain.User is not enhanced.

[2020-03-15 02:00:19 #6 type] 
Type domain.Apuesta is not enhanced.

------------------------------------------------------------------------------------------------------------------------

[2020-03-15 02:10:32 #1 store] 
Database 'C:\Users\enely\git\GitNoFunciona\BestMain\resources\bets.temp' is opened by 15736@DESKTOP-3PB38CT

[2020-03-15 02:10:32 #2 type] 
Type domain.Question is not enhanced.

[2020-03-15 02:10:32 #3 type] 
Type domain.Event is not enhanced.

[2020-03-15 02:10:32 #4 type] 
Type domain.Pronostico is not enhanced.

[2020-03-15 02:10:32 #5 type] 
Type domain.User is not enhanced.

[2020-03-15 02:10:32 #6 type] 
Type domain.Apuesta is not enhanced.

------------------------------------------------------------------------------------------------------------------------

[2020-03-15 02:20:30 #1 store] 
Database 'C:\Users\enely\git\GitNoFunciona\BestMain\resources\bets.temp' has been recovered (tr. 20-22)

[2020-03-15 02:20:30 #2 store] 
Database 'C:\Users\enely\git\GitNoFunciona\BestMain\resources\bets.temp' is opened by 16356@DESKTOP-3PB38CT

[2020-03-15 02:20:30 #3 type] 
Type domain.Question is not enhanced.

[2020-03-15 02:20:30 #4 type] 
Type domain.Event is not enhanced.

[2020-03-15 02:20:30 #5 type] 
Type domain.Pronostico is not enhanced.

[2020-03-15 02:20:30 #6 type] 
Type domain.User is not enhanced.

[2020-03-15 02:20:30 #7 type] 
Type domain.Apuesta is not enhanced.

------------------------------------------------------------------------------------------------------------------------

[2020-03-15 02:21:10 #1 store] 
Database 'C:\Users\enely\git\GitNoFunciona\BestMain\resources\bets.temp' is opened by 4860@DESKTOP-3PB38CT

[2020-03-15 02:21:10 #2 type] 
Type domain.Question is not enhanced.

[2020-03-15 02:21:10 #3 type] 
Type domain.Event is not enhanced.

[2020-03-15 02:21:10 #4 type] 
Type domain.Pronostico is not enhanced.

[2020-03-15 02:21:10 #5 type] 
Type domain.User is not enhanced.

[2020-03-15 02:21:10 #6 type] 
Type domain.Apuesta is not enhanced.

------------------------------------------------------------------------------------------------------------------------

[2020-03-15 15:29:01 #1 store] 
Database 'C:\Users\enely\git\GitNoFunciona\BestMain\resources\bets.temp' is opened by 14328@DESKTOP-3PB38CT

[2020-03-15 15:29:02 #2 type] 
Type domain.Question is not enhanced.

[2020-03-15 15:29:02 #3 type] 
Type domain.Event is not enhanced.

[2020-03-15 15:29:02 #4 type] 
Type domain.Pronostico is not enhanced.

[2020-03-15 15:29:02 #5 type] 
Type domain.User is not enhanced.

[2020-03-15 15:29:02 #6 type] 
Type domain.Apuesta is not enhanced.

------------------------------------------------------------------------------------------------------------------------

[2020-03-15 15:30:13 #1 store] 
Database 'C:\Users\enely\git\GitNoFunciona\BestMain\resources\bets.temp' is opened by 8184@DESKTOP-3PB38CT

[2020-03-15 15:30:13 #2 type] 
Type domain.Question is not enhanced.

[2020-03-15 15:30:13 #3 type] 
Type domain.Event is not enhanced.

[2020-03-15 15:30:13 #4 type] 
Type domain.Pronostico is not enhanced.

[2020-03-15 15:30:13 #5 type] 
Type domain.User is not enhanced.

[2020-03-15 15:30:13 #6 type] 
Type domain.Apuesta is not enhanced.

------------------------------------------------------------------------------------------------------------------------

[2020-03-15 15:31:10 #1 store] 
Database 'C:\Users\enely\git\GitNoFunciona\BestMain\resources\bets.temp' is opened by 13096@DESKTOP-3PB38CT

[2020-03-15 15:31:10 #2 type] 
Type domain.Question is not enhanced.

[2020-03-15 15:31:10 #3 type] 
Type domain.Event is not enhanced.

[2020-03-15 15:31:10 #4 type] 
Type domain.Pronostico is not enhanced.

[2020-03-15 15:31:10 #5 type] 
Type domain.User is not enhanced.

[2020-03-15 15:31:10 #6 type] 
Type domain.Apuesta is not enhanced.

