------------------------------------------------------------------------------------------------------------------------

[2020-03-27 12:08:17 #1 store] 
Database 'C:\Users\enely\git\GitNoFunciona\BestMain\resources\bets.temp' has been recovered (tr. 23-23)

[2020-03-27 12:08:17 #2 store] 
Database 'C:\Users\enely\git\GitNoFunciona\BestMain\resources\bets.temp' is opened by 15996@DESKTOP-3PB38CT

[2020-03-27 12:08:18 #3 type] 
Type domain.Question is not enhanced.

[2020-03-27 12:08:18 #4 type] 
Type domain.Event is not enhanced.

[2020-03-27 12:08:18 #5 type] 
Type domain.Pronostico is not enhanced.

[2020-03-27 12:08:18 #6 type] 
Type domain.User is not enhanced.

[2020-03-27 12:08:18 #7 type] 
Type domain.Apuesta is not enhanced.

------------------------------------------------------------------------------------------------------------------------

[2020-03-27 12:10:17 #1 store] 
Database 'C:\Users\enely\git\GitNoFunciona\BestMain\resources\bets.temp' is opened by 5476@DESKTOP-3PB38CT

[2020-03-27 12:10:17 #2 type] 
Type domain.Question is not enhanced.

[2020-03-27 12:10:17 #3 type] 
Type domain.Event is not enhanced.

[2020-03-27 12:10:17 #4 type] 
Type domain.Pronostico is not enhanced.

[2020-03-27 12:10:17 #5 type] 
Type domain.User is not enhanced.

[2020-03-27 12:10:17 #6 type] 
Type domain.Apuesta is not enhanced.

------------------------------------------------------------------------------------------------------------------------

[2020-03-27 12:22:17 #1 store] 
Database 'C:\Users\enely\git\GitNoFunciona\BestMain\resources\bets.temp' is opened by 5196@DESKTOP-3PB38CT

[2020-03-27 12:22:17 #2 type] 
Type domain.Question is not enhanced.

[2020-03-27 12:22:17 #3 type] 
Type domain.Event is not enhanced.

[2020-03-27 12:22:17 #4 type] 
Type domain.Pronostico is not enhanced.

[2020-03-27 12:22:17 #5 type] 
Type domain.User is not enhanced.

[2020-03-27 12:22:17 #6 type] 
Type domain.Apuesta is not enhanced.

------------------------------------------------------------------------------------------------------------------------

[2020-03-27 12:23:58 #1 store] 
Database 'C:\Users\enely\git\GitNoFunciona\BestMain\resources\bets.temp' has been recovered (tr. 24-26)

[2020-03-27 12:23:58 #2 store] 
Database 'C:\Users\enely\git\GitNoFunciona\BestMain\resources\bets.temp' is opened by 12184@DESKTOP-3PB38CT

[2020-03-27 12:23:58 #3 type] 
Type domain.Question is not enhanced.

[2020-03-27 12:23:58 #4 type] 
Type domain.Event is not enhanced.

[2020-03-27 12:23:58 #5 type] 
Type domain.Pronostico is not enhanced.

[2020-03-27 12:23:58 #6 type] 
Type domain.User is not enhanced.

[2020-03-27 12:23:58 #7 type] 
Type domain.Apuesta is not enhanced.

------------------------------------------------------------------------------------------------------------------------

[2020-03-27 12:33:48 #1 store] 
Database 'C:\Users\enely\git\GitNoFunciona\BestMain\resources\bets.temp' has been recovered (tr. 27-28)

[2020-03-27 12:33:48 #2 store] 
Database 'C:\Users\enely\git\GitNoFunciona\BestMain\resources\bets.temp' is opened by 12232@DESKTOP-3PB38CT

[2020-03-27 12:33:48 #3 type] 
Type domain.Question is not enhanced.

[2020-03-27 12:33:48 #4 type] 
Type domain.Event is not enhanced.

[2020-03-27 12:33:48 #5 type] 
Type domain.Pronostico is not enhanced.

[2020-03-27 12:33:48 #6 type] 
Type domain.User is not enhanced.

[2020-03-27 12:33:48 #7 type] 
Type domain.Apuesta is not enhanced.

------------------------------------------------------------------------------------------------------------------------

[2020-03-27 12:35:23 #1 store] 
Database 'C:\Users\enely\git\GitNoFunciona\BestMain\resources\bets.temp' has been recovered (tr. 29-34)

[2020-03-27 12:35:23 #2 store] 
Database 'C:\Users\enely\git\GitNoFunciona\BestMain\resources\bets.temp' is opened by 476@DESKTOP-3PB38CT

[2020-03-27 12:35:24 #3 type] 
Type domain.Question is not enhanced.

[2020-03-27 12:35:24 #4 type] 
Type domain.Event is not enhanced.

[2020-03-27 12:35:24 #5 type] 
Type domain.Pronostico is not enhanced.

[2020-03-27 12:35:24 #6 type] 
Type domain.User is not enhanced.

[2020-03-27 12:35:24 #7 type] 
Type domain.Apuesta is not enhanced.

------------------------------------------------------------------------------------------------------------------------

[2020-03-27 12:35:53 #1 store] 
Database 'C:\Users\enely\git\GitNoFunciona\BestMain\resources\bets.temp' is opened by 7996@DESKTOP-3PB38CT

[2020-03-27 12:35:53 #2 type] 
Type domain.Question is not enhanced.

[2020-03-27 12:35:53 #3 type] 
Type domain.Event is not enhanced.

[2020-03-27 12:35:53 #4 type] 
Type domain.Pronostico is not enhanced.

[2020-03-27 12:35:53 #5 type] 
Type domain.User is not enhanced.

[2020-03-27 12:35:53 #6 type] 
Type domain.Apuesta is not enhanced.

------------------------------------------------------------------------------------------------------------------------

[2020-03-27 12:37:03 #1 store] 
Database 'C:\Users\enely\git\GitNoFunciona\BestMain\resources\bets.temp' is opened by 11276@DESKTOP-3PB38CT

[2020-03-27 12:37:04 #2 type] 
Type domain.Question is not enhanced.

[2020-03-27 12:37:04 #3 type] 
Type domain.Event is not enhanced.

[2020-03-27 12:37:04 #4 type] 
Type domain.Pronostico is not enhanced.

[2020-03-27 12:37:04 #5 type] 
Type domain.User is not enhanced.

[2020-03-27 12:37:04 #6 type] 
Type domain.Apuesta is not enhanced.

------------------------------------------------------------------------------------------------------------------------

[2020-03-27 17:02:25 #1 store] 
Database 'C:\Users\enely\git\GitNoFunciona\BestMain\resources\bets.temp' is opened by 9840@DESKTOP-3PB38CT

[2020-03-27 17:02:25 #2 type] 
Type domain.Question is not enhanced.

[2020-03-27 17:02:25 #3 type] 
Type domain.Event is not enhanced.

[2020-03-27 17:02:25 #4 type] 
Type domain.Pronostico is not enhanced.

[2020-03-27 17:02:25 #5 type] 
Type domain.User is not enhanced.

[2020-03-27 17:02:25 #6 type] 
Type domain.Apuesta is not enhanced.

------------------------------------------------------------------------------------------------------------------------

[2020-03-27 17:03:59 #1 store] 
Database 'C:\Users\enely\git\GitNoFunciona\BestMain\resources\bets.temp' has been recovered (tr. 35-40)

[2020-03-27 17:04:00 #2 store] 
Database 'C:\Users\enely\git\GitNoFunciona\BestMain\resources\bets.temp' is opened by 3828@DESKTOP-3PB38CT

[2020-03-27 17:04:00 #3 type] 
Type domain.Question is not enhanced.

[2020-03-27 17:04:00 #4 type] 
Type domain.Event is not enhanced.

[2020-03-27 17:04:00 #5 type] 
Type domain.Pronostico is not enhanced.

[2020-03-27 17:04:00 #6 type] 
Type domain.User is not enhanced.

[2020-03-27 17:04:00 #7 type] 
Type domain.Apuesta is not enhanced.

------------------------------------------------------------------------------------------------------------------------

[2020-03-27 17:07:04 #1 store] 
Database 'C:\Users\enely\git\GitNoFunciona\BestMain\resources\bets.temp' is opened by 1424@DESKTOP-3PB38CT

[2020-03-27 17:07:04 #2 type] 
Type domain.Question is not enhanced.

[2020-03-27 17:07:04 #3 type] 
Type domain.Event is not enhanced.

[2020-03-27 17:07:04 #4 type] 
Type domain.Pronostico is not enhanced.

[2020-03-27 17:07:04 #5 type] 
Type domain.User is not enhanced.

[2020-03-27 17:07:04 #6 type] 
Type domain.Apuesta is not enhanced.

------------------------------------------------------------------------------------------------------------------------

[2020-03-27 17:09:24 #1 store] 
Database 'C:\Users\enely\git\GitNoFunciona\BestMain\resources\bets.temp' is opened by 12236@DESKTOP-3PB38CT

[2020-03-27 17:09:24 #2 type] 
Type domain.Question is not enhanced.

[2020-03-27 17:09:24 #3 type] 
Type domain.Event is not enhanced.

[2020-03-27 17:09:24 #4 type] 
Type domain.Pronostico is not enhanced.

[2020-03-27 17:09:24 #5 type] 
Type domain.User is not enhanced.

[2020-03-27 17:09:24 #6 type] 
Type domain.Apuesta is not enhanced.

------------------------------------------------------------------------------------------------------------------------

[2020-03-27 17:12:28 #1 store] 
Database 'C:\Users\enely\git\GitNoFunciona\BestMain\resources\bets.temp' is opened by 16168@DESKTOP-3PB38CT

[2020-03-27 17:12:28 #2 type] 
Type domain.Question is not enhanced.

[2020-03-27 17:12:28 #3 type] 
Type domain.Event is not enhanced.

[2020-03-27 17:12:28 #4 type] 
Type domain.Pronostico is not enhanced.

[2020-03-27 17:12:28 #5 type] 
Type domain.User is not enhanced.

[2020-03-27 17:12:28 #6 type] 
Type domain.Apuesta is not enhanced.

------------------------------------------------------------------------------------------------------------------------

[2020-03-27 17:13:45 #1 store] 
Database 'C:\Users\enely\git\GitNoFunciona\BestMain\resources\bets.temp' is opened by 5728@DESKTOP-3PB38CT

[2020-03-27 17:13:45 #2 type] 
Type domain.Question is not enhanced.

[2020-03-27 17:13:45 #3 type] 
Type domain.Event is not enhanced.

[2020-03-27 17:13:45 #4 type] 
Type domain.Pronostico is not enhanced.

[2020-03-27 17:13:45 #5 type] 
Type domain.User is not enhanced.

[2020-03-27 17:13:45 #6 type] 
Type domain.Apuesta is not enhanced.

------------------------------------------------------------------------------------------------------------------------

[2020-03-27 17:15:59 #1 store] 
Database 'C:\Users\enely\git\GitNoFunciona\BestMain\resources\bets.temp' is opened by 1868@DESKTOP-3PB38CT

[2020-03-27 17:15:59 #2 type] 
Type domain.Question is not enhanced.

[2020-03-27 17:15:59 #3 type] 
Type domain.Event is not enhanced.

[2020-03-27 17:15:59 #4 type] 
Type domain.Pronostico is not enhanced.

[2020-03-27 17:15:59 #5 type] 
Type domain.User is not enhanced.

[2020-03-27 17:15:59 #6 type] 
Type domain.Apuesta is not enhanced.

------------------------------------------------------------------------------------------------------------------------

[2020-03-27 17:16:54 #1 store] 
Database 'C:\Users\enely\git\GitNoFunciona\BestMain\resources\bets.temp' is opened by 10412@DESKTOP-3PB38CT

[2020-03-27 17:16:54 #2 type] 
Type domain.Question is not enhanced.

[2020-03-27 17:16:54 #3 type] 
Type domain.Event is not enhanced.

[2020-03-27 17:16:54 #4 type] 
Type domain.Pronostico is not enhanced.

[2020-03-27 17:16:54 #5 type] 
Type domain.User is not enhanced.

[2020-03-27 17:16:54 #6 type] 
Type domain.Apuesta is not enhanced.

------------------------------------------------------------------------------------------------------------------------

[2020-03-27 17:19:18 #1 store] 
Database 'C:\Users\enely\git\GitNoFunciona\BestMain\resources\bets.temp' is opened by 10044@DESKTOP-3PB38CT

[2020-03-27 17:19:18 #2 type] 
Type domain.Question is not enhanced.

[2020-03-27 17:19:18 #3 type] 
Type domain.Event is not enhanced.

[2020-03-27 17:19:18 #4 type] 
Type domain.Pronostico is not enhanced.

[2020-03-27 17:19:18 #5 type] 
Type domain.User is not enhanced.

[2020-03-27 17:19:18 #6 type] 
Type domain.Apuesta is not enhanced.

------------------------------------------------------------------------------------------------------------------------

[2020-03-27 17:21:24 #1 store] 
Database 'C:\Users\enely\git\GitNoFunciona\BestMain\resources\bets.temp' is opened by 13924@DESKTOP-3PB38CT

[2020-03-27 17:21:25 #2 type] 
Type domain.Question is not enhanced.

[2020-03-27 17:21:25 #3 type] 
Type domain.Event is not enhanced.

[2020-03-27 17:21:25 #4 type] 
Type domain.Pronostico is not enhanced.

[2020-03-27 17:21:25 #5 type] 
Type domain.User is not enhanced.

[2020-03-27 17:21:25 #6 type] 
Type domain.Apuesta is not enhanced.

------------------------------------------------------------------------------------------------------------------------

[2020-03-27 17:28:08 #1 store] 
Database 'C:\Users\enely\git\GitNoFunciona\BestMain\resources\bets.temp' is opened by 10196@DESKTOP-3PB38CT

[2020-03-27 17:28:08 #2 type] 
Type domain.Question is not enhanced.

[2020-03-27 17:28:08 #3 type] 
Type domain.Event is not enhanced.

[2020-03-27 17:28:08 #4 type] 
Type domain.Pronostico is not enhanced.

[2020-03-27 17:28:08 #5 type] 
Type domain.User is not enhanced.

[2020-03-27 17:28:08 #6 type] 
Type domain.Apuesta is not enhanced.

------------------------------------------------------------------------------------------------------------------------

[2020-03-27 21:47:25 #1 store] 
Database 'C:\Users\enely\git\GitNoFunciona\BestMain\resources\bets.temp' is opened by 11176@DESKTOP-3PB38CT

[2020-03-27 21:47:25 #2 type] 
Type domain.Question is not enhanced.

[2020-03-27 21:47:25 #3 type] 
Type domain.Event is not enhanced.

[2020-03-27 21:47:25 #4 type] 
Type domain.Pronostico is not enhanced.

[2020-03-27 21:47:25 #5 type] 
Type domain.User is not enhanced.

[2020-03-27 21:47:25 #6 type] 
Type domain.Apuesta is not enhanced.

------------------------------------------------------------------------------------------------------------------------

[2020-03-27 21:48:23 #1 store] 
Database 'C:\Users\enely\git\GitNoFunciona\BestMain\resources\bets.temp' is opened by 2816@DESKTOP-3PB38CT

[2020-03-27 21:48:23 #2 type] 
Type domain.Question is not enhanced.

[2020-03-27 21:48:23 #3 type] 
Type domain.Event is not enhanced.

[2020-03-27 21:48:23 #4 type] 
Type domain.Pronostico is not enhanced.

[2020-03-27 21:48:23 #5 type] 
Type domain.User is not enhanced.

[2020-03-27 21:48:23 #6 type] 
Type domain.Apuesta is not enhanced.

------------------------------------------------------------------------------------------------------------------------

[2020-03-27 21:48:33 #1 store] 
Database 'C:\Users\enely\git\GitNoFunciona\BestMain\resources\bets.temp' is opened by 5960@DESKTOP-3PB38CT

[2020-03-27 21:48:33 #2 type] 
Type domain.Question is not enhanced.

[2020-03-27 21:48:33 #3 type] 
Type domain.Event is not enhanced.

[2020-03-27 21:48:33 #4 type] 
Type domain.Pronostico is not enhanced.

[2020-03-27 21:48:33 #5 type] 
Type domain.User is not enhanced.

[2020-03-27 21:48:33 #6 type] 
Type domain.Apuesta is not enhanced.

